Using pre-set license
Built from '6000.0/release' branch; Version is '6000.0.29f1 (9fafe5c9db65) revision 10465253'; Using compiler version '193933523'; Build Type 'Release'
OS: 'Windows 11  (10.0.22621) 64bit Professional' Language: 'tr' Physical Memory: 15557 MB
BatchMode: 1, IsHumanControllingUs: 0, StartBugReporterOnCrash: 0, Is64bit: 1, IsPro: 1

COMMAND LINE ARGUMENTS:
C:\Program Files\Unity\Hub\Editor\6000.0.29f1\Editor\Unity.exe
-adb2
-batchMode
-noUpm
-name
AssetImportWorker3
-projectPath
C:/Users/aekka/Documents/GitHub/farmvillage
-logFile
Logs/AssetImportWorker3.log
-srvPort
53608
-job-worker-count
5
-background-job-worker-count
8
-asset-garbage-collectors
1
Successfully changed project path to: C:/Users/aekka/Documents/GitHub/farmvillage
C:/Users/aekka/Documents/GitHub/farmvillage
[UnityMemory] Configuration Parameters - Can be set up in boot.config
    "memorysetup-bucket-allocator-granularity=16"
    "memorysetup-bucket-allocator-bucket-count=8"
    "memorysetup-bucket-allocator-block-size=33554432"
    "memorysetup-bucket-allocator-block-count=8"
    "memorysetup-main-allocator-block-size=16777216"
    "memorysetup-thread-allocator-block-size=16777216"
    "memorysetup-gfx-main-allocator-block-size=16777216"
    "memorysetup-gfx-thread-allocator-block-size=16777216"
    "memorysetup-cache-allocator-block-size=4194304"
    "memorysetup-typetree-allocator-block-size=2097152"
    "memorysetup-profiler-bucket-allocator-granularity=16"
    "memorysetup-profiler-bucket-allocator-bucket-count=8"
    "memorysetup-profiler-bucket-allocator-block-size=33554432"
    "memorysetup-profiler-bucket-allocator-block-count=8"
    "memorysetup-profiler-allocator-block-size=16777216"
    "memorysetup-profiler-editor-allocator-block-size=1048576"
    "memorysetup-temp-allocator-size-main=16777216"
    "memorysetup-job-temp-allocator-block-size=2097152"
    "memorysetup-job-temp-allocator-block-size-background=1048576"
    "memorysetup-job-temp-allocator-reduction-small-platforms=262144"
    "memorysetup-allocator-temp-initial-block-size-main=262144"
    "memorysetup-allocator-temp-initial-block-size-worker=262144"
    "memorysetup-temp-allocator-size-background-worker=32768"
    "memorysetup-temp-allocator-size-job-worker=262144"
    "memorysetup-temp-allocator-size-preload-manager=33554432"
    "memorysetup-temp-allocator-size-nav-mesh-worker=65536"
    "memorysetup-temp-allocator-size-audio-worker=65536"
    "memorysetup-temp-allocator-size-cloud-worker=32768"
    "memorysetup-temp-allocator-size-gi-baking-worker=262144"
    "memorysetup-temp-allocator-size-gi-baking-worker=262144"
    "memorysetup-temp-allocator-size-gi-baking-worker=262144"
    "memorysetup-temp-allocator-size-gi-baking-worker=262144"
    "memorysetup-temp-allocator-size-gi-baking-worker=262144"
    "memorysetup-temp-allocator-size-gfx=262144"
Player connection [16212]  Target information:

Player connection [16212]  * "[IP] 192.168.1.21 [Port] 0 [Flags] 2 [Guid] 2239216718 [EditorId] 2239216718 [Version] 1048832 [Id] WindowsEditor(7,aek) [Debug] 1 [PackageName] WindowsEditor [ProjectName] Editor" 

Player connection [16212] Host joined multi-casting on [225.0.0.222:54997]...
Player connection [16212] Host joined alternative multi-casting on [225.0.0.222:34997]...
JobSystem: Creating JobQueue using job-worker-count value 5
[Physics::Module] Initialized fallback backend.
[Physics::Module] Id: 0xdecafbad
Library Redirect Path: Library/
[Physics::Module] Selected backend.
[Physics::Module] Name: PhysX
[Physics::Module] Id: 0xf2b8ea05
[Physics::Module] SDK Version: 4.1.2
[Physics::Module] Integration Version: 1.0.0
[Physics::Module] Threading Mode: Multi-Threaded
Refreshing native plugins compatible for Editor in 195.37 ms, found 3 plugins.
Preloading 0 native plugins for Editor in 0.00 ms.
Initialize engine version: 6000.0.29f1 (9fafe5c9db65)
[Subsystems] Discovering subsystems at path C:/Program Files/Unity/Hub/Editor/6000.0.29f1/Editor/Data/Resources/UnitySubsystems
[Subsystems] Discovering subsystems at path C:/Users/aekka/Documents/GitHub/farmvillage/Assets
GfxDevice: creating device client; kGfxThreadingModeNonThreaded
Direct3D:
    Version:  Direct3D 11.0 [level 11.1]
    Renderer: NVIDIA GeForce RTX 3050 Ti Laptop GPU (ID=0x25a0)
    Vendor:   NVIDIA
    VRAM:     3962 MB
    Driver:   32.0.15.6614
Initialize mono
Mono path[0] = 'C:/Program Files/Unity/Hub/Editor/6000.0.29f1/Editor/Data/Managed'
Mono path[1] = 'C:/Program Files/Unity/Hub/Editor/6000.0.29f1/Editor/Data/MonoBleedingEdge/lib/mono/unityjit-win32'
Mono config path = 'C:/Program Files/Unity/Hub/Editor/6000.0.29f1/Editor/Data/MonoBleedingEdge/etc'
Using monoOptions --debugger-agent=transport=dt_socket,embedding=1,server=y,suspend=n,address=127.0.0.1:56796
Begin MonoManager ReloadAssembly
Registering precompiled unity dll's ...
Register platform support module: C:/Program Files/Unity/Hub/Editor/6000.0.29f1/Editor/Data/PlaybackEngines/WindowsStandaloneSupport/UnityEditor.WindowsStandalone.Extensions.dll
Registered in 0.365587 seconds.
- Loaded All Assemblies, in 15.305 seconds
Native extension for WindowsStandalone target not found
Mono: successfully reloaded assembly
- Finished resetting the current domain, in  0.395 seconds
Domain Reload Profiling: 15698ms
	BeginReloadAssembly (12789ms)
		ExecutionOrderSort (0ms)
		DisableScriptedObjects (0ms)
		BackupInstance (0ms)
		ReleaseScriptingObjects (0ms)
		CreateAndSetChildDomain (1ms)
	RebuildCommonClasses (678ms)
	RebuildNativeTypeToScriptingClass (12ms)
	initialDomainReloadingComplete (417ms)
	LoadAllAssembliesAndSetupDomain (1406ms)
		LoadAssemblies (12786ms)
		RebuildTransferFunctionScriptingTraits (0ms)
		AnalyzeDomain (1403ms)
			TypeCache.Refresh (1401ms)
				TypeCache.ScanAssembly (990ms)
			BuildScriptInfoCaches (0ms)
			ResolveRequiredComponents (1ms)
	FinalizeReload (396ms)
		ReleaseScriptCaches (0ms)
		RebuildScriptCaches (0ms)
		SetupLoadedEditorAssemblies (356ms)
			LogAssemblyErrors (0ms)
			InitializePlatformSupportModulesInManaged (25ms)
			SetLoadedEditorAssemblies (5ms)
			BeforeProcessingInitializeOnLoad (8ms)
			ProcessInitializeOnLoadAttributes (236ms)
			ProcessInitializeOnLoadMethodAttributes (79ms)
			AfterProcessingInitializeOnLoad (3ms)
			EditorAssembliesLoaded (0ms)
		ExecutionOrderSort2 (0ms)
		AwakeInstancesAfterBackupRestoration (0ms)
========================================================================
Worker process is ready to serve import requests
Import Worker Mode flag is 0x00
Begin MonoManager ReloadAssembly
- Loaded All Assemblies, in  8.541 seconds
Refreshing native plugins compatible for Editor in 1.03 ms, found 3 plugins.
Native extension for WindowsStandalone target not found
Mono: successfully reloaded assembly
- Finished resetting the current domain, in  0.837 seconds
Domain Reload Profiling: 9375ms
	BeginReloadAssembly (188ms)
		ExecutionOrderSort (0ms)
		DisableScriptedObjects (7ms)
		BackupInstance (0ms)
		ReleaseScriptingObjects (0ms)
		CreateAndSetChildDomain (33ms)
	RebuildCommonClasses (41ms)
	RebuildNativeTypeToScriptingClass (12ms)
	initialDomainReloadingComplete (39ms)
	LoadAllAssembliesAndSetupDomain (8256ms)
		LoadAssemblies (7136ms)
		RebuildTransferFunctionScriptingTraits (0ms)
		AnalyzeDomain (1231ms)
			TypeCache.Refresh (1188ms)
				TypeCache.ScanAssembly (1101ms)
			BuildScriptInfoCaches (35ms)
			ResolveRequiredComponents (5ms)
	FinalizeReload (838ms)
		ReleaseScriptCaches (0ms)
		RebuildScriptCaches (0ms)
		SetupLoadedEditorAssemblies (694ms)
			LogAssemblyErrors (0ms)
			InitializePlatformSupportModulesInManaged (4ms)
			SetLoadedEditorAssemblies (6ms)
			BeforeProcessingInitializeOnLoad (57ms)
			ProcessInitializeOnLoadAttributes (579ms)
			ProcessInitializeOnLoadMethodAttributes (37ms)
			AfterProcessingInitializeOnLoad (11ms)
			EditorAssembliesLoaded (0ms)
		ExecutionOrderSort2 (0ms)
		AwakeInstancesAfterBackupRestoration (10ms)
Launched and connected shader compiler UnityShaderCompiler.exe after 0.06 seconds
Refreshing native plugins compatible for Editor in 1.20 ms, found 3 plugins.
Preloading 0 native plugins for Editor in 0.00 ms.
Unloading 10 Unused Serialized files (Serialized files now loaded: 0)
Unloading 3266 unused Assets / (1.0 MB). Loaded Objects now: 3774.
Memory consumption went from 95.9 MB to 94.9 MB.
Total: 7.738400 ms (FindLiveObjects: 0.480500 ms CreateObjectMapping: 0.589900 ms MarkObjects: 5.399600 ms  DeleteObjects: 1.266700 ms)

========================================================================
Received Import Request.
  Time since last request: 89866.371145 seconds.
  path: Assets/Models/Terrain/ground_riverEndClosed.fbx
  artifactKey: Guid(15c9f194e7ad58f429ef2bfdb108fef1) Importer(815301076,1909f56bfc062723c751e8b465ee728b)
Start importing Assets/Models/Terrain/ground_riverEndClosed.fbx using Guid(15c9f194e7ad58f429ef2bfdb108fef1) Importer(815301076,1909f56bfc062723c751e8b465ee728b) (PreviewImporter) -> (artifact id: '23806241d13c43b3cc02282f2d0e45f5') in 0.3110997 seconds
Number of updated asset objects reloaded before import = 0Number of asset objects unloaded after import = 11

========================================================================
Received Import Request.
  Time since last request: 0.000033 seconds.
  path: Assets/Models/Terrain/mushroom_redGroup.fbx
  artifactKey: Guid(85e7a128c668f2d4f84c79ab8dded3a1) Importer(815301076,1909f56bfc062723c751e8b465ee728b)
Start importing Assets/Models/Terrain/mushroom_redGroup.fbx using Guid(85e7a128c668f2d4f84c79ab8dded3a1) Importer(815301076,1909f56bfc062723c751e8b465ee728b) (PreviewImporter) -> (artifact id: '6e0c067910c5525fea562da7fe6b44a0') in 0.0374269 seconds
Number of updated asset objects reloaded before import = 0Number of asset objects unloaded after import = 9

========================================================================
Received Import Request.
  Time since last request: 0.000034 seconds.
  path: Assets/Models/Terrain/ground_riverSideOpen.fbx
  artifactKey: Guid(6facc50e4468a4f43b4b5e6b7752aa61) Importer(815301076,1909f56bfc062723c751e8b465ee728b)
Start importing Assets/Models/Terrain/ground_riverSideOpen.fbx using Guid(6facc50e4468a4f43b4b5e6b7752aa61) Importer(815301076,1909f56bfc062723c751e8b465ee728b) (PreviewImporter) -> (artifact id: '31454c968d1e11395ef7601eae4f2c87') in 0.0469131 seconds
Number of updated asset objects reloaded before import = 0Number of asset objects unloaded after import = 11

========================================================================
Received Import Request.
  Time since last request: 0.063301 seconds.
  path: Assets/Models/Terrain/mushroom_tanGroup.fbx
  artifactKey: Guid(8eb69c445907293499381b3361467542) Importer(815301076,1909f56bfc062723c751e8b465ee728b)
Start importing Assets/Models/Terrain/mushroom_tanGroup.fbx using Guid(8eb69c445907293499381b3361467542) Importer(815301076,1909f56bfc062723c751e8b465ee728b) (PreviewImporter) -> (artifact id: 'f283d135f96d0f24002ed455707ce15e') in 0.0312443 seconds
Number of updated asset objects reloaded before import = 0Number of asset objects unloaded after import = 9

========================================================================
Received Import Request.
  Time since last request: 0.000026 seconds.
  path: Assets/Models/Terrain/path_wood.fbx
  artifactKey: Guid(2dbe939d6024caa4c925a07bd20792d4) Importer(815301076,1909f56bfc062723c751e8b465ee728b)
Start importing Assets/Models/Terrain/path_wood.fbx using Guid(2dbe939d6024caa4c925a07bd20792d4) Importer(815301076,1909f56bfc062723c751e8b465ee728b) (PreviewImporter) -> (artifact id: '6e886f4a127f8f2a710c00b63e77959e') in 0.0359284 seconds
Number of updated asset objects reloaded before import = 0Number of asset objects unloaded after import = 9

========================================================================
Received Import Request.
  Time since last request: 0.000051 seconds.
  path: Assets/Models/Terrain/path_stoneCircle.fbx
  artifactKey: Guid(132b9448cd2999348989161be26afc65) Importer(815301076,1909f56bfc062723c751e8b465ee728b)
Start importing Assets/Models/Terrain/path_stoneCircle.fbx using Guid(132b9448cd2999348989161be26afc65) Importer(815301076,1909f56bfc062723c751e8b465ee728b) (PreviewImporter) -> (artifact id: '14cd2a0b2036f7580001fc3b7d600dcb') in 0.0372943 seconds
Number of updated asset objects reloaded before import = 0Number of asset objects unloaded after import = 9

========================================================================
Received Import Request.
  Time since last request: 0.000029 seconds.
  path: Assets/Models/Terrain/path_stoneCorner.fbx
  artifactKey: Guid(d6b5ad74b21213e4e8c1214006a8e9e0) Importer(815301076,1909f56bfc062723c751e8b465ee728b)
Start importing Assets/Models/Terrain/path_stoneCorner.fbx using Guid(d6b5ad74b21213e4e8c1214006a8e9e0) Importer(815301076,1909f56bfc062723c751e8b465ee728b) (PreviewImporter) -> (artifact id: '2842975f2526f4716438315ff7c42f35') in 0.0377747 seconds
Number of updated asset objects reloaded before import = 0Number of asset objects unloaded after import = 10

========================================================================
Received Import Request.
  Time since last request: 0.105908 seconds.
  path: Assets/Models/Terrain/plant_bushDetailed.fbx
  artifactKey: Guid(d32283a6357d1034fa78f382beab7f36) Importer(815301076,1909f56bfc062723c751e8b465ee728b)
Start importing Assets/Models/Terrain/plant_bushDetailed.fbx using Guid(d32283a6357d1034fa78f382beab7f36) Importer(815301076,1909f56bfc062723c751e8b465ee728b) (PreviewImporter) -> (artifact id: '56227db5be7d72d0b415deb6ffb65cd3') in 0.0263199 seconds
Number of updated asset objects reloaded before import = 0Number of asset objects unloaded after import = 8

========================================================================
Received Import Request.
  Time since last request: 0.000022 seconds.
  path: Assets/Models/Terrain/plant_bushSmall.fbx
  artifactKey: Guid(dfbcaaa93f821f64a9166b8f3800be28) Importer(815301076,1909f56bfc062723c751e8b465ee728b)
Start importing Assets/Models/Terrain/plant_bushSmall.fbx using Guid(dfbcaaa93f821f64a9166b8f3800be28) Importer(815301076,1909f56bfc062723c751e8b465ee728b) (PreviewImporter) -> (artifact id: '82918ebf7ce8fbb117916622de4563cf') in 0.0291205 seconds
Number of updated asset objects reloaded before import = 0Number of asset objects unloaded after import = 8

========================================================================
Received Import Request.
  Time since last request: 0.000040 seconds.
  path: Assets/Models/Terrain/platform_beach.fbx
  artifactKey: Guid(a8650ade0c57c654ab8f23e35a1607f0) Importer(815301076,1909f56bfc062723c751e8b465ee728b)
Start importing Assets/Models/Terrain/platform_beach.fbx using Guid(a8650ade0c57c654ab8f23e35a1607f0) Importer(815301076,1909f56bfc062723c751e8b465ee728b) (PreviewImporter) -> (artifact id: '1310bbfed0c1fc74ccefbf7a9eba853c') in 0.030385 seconds
Number of updated asset objects reloaded before import = 0Number of asset objects unloaded after import = 8

========================================================================
Received Import Request.
  Time since last request: 0.516607 seconds.
  path: Assets/Models/Terrain/police.fbx
  artifactKey: Guid(5723ea8795e3ae142b35d73aab944180) Importer(815301076,1909f56bfc062723c751e8b465ee728b)
Start importing Assets/Models/Terrain/police.fbx using Guid(5723ea8795e3ae142b35d73aab944180) Importer(815301076,1909f56bfc062723c751e8b465ee728b) (PreviewImporter) -> (artifact id: 'd23225e80e2331ae41564d5a887f03c8') in 0.0933562 seconds
Number of updated asset objects reloaded before import = 0Number of asset objects unloaded after import = 36

========================================================================
Received Import Request.
  Time since last request: 0.000036 seconds.
  path: Assets/Models/Terrain/rock_largeA.fbx
  artifactKey: Guid(a36c7e7ce648cf247a5e734caff5c3da) Importer(815301076,1909f56bfc062723c751e8b465ee728b)
Start importing Assets/Models/Terrain/rock_largeA.fbx using Guid(a36c7e7ce648cf247a5e734caff5c3da) Importer(815301076,1909f56bfc062723c751e8b465ee728b) (PreviewImporter) -> (artifact id: 'db6d106ef05a1f025600909553bcd4f2') in 0.040562 seconds
Number of updated asset objects reloaded before import = 0Number of asset objects unloaded after import = 9

========================================================================
Received Import Request.
  Time since last request: 0.000027 seconds.
  path: Assets/Models/Terrain/race.fbx
  artifactKey: Guid(b1b0738c4f5dfa7429c72edc6aa419d5) Importer(815301076,1909f56bfc062723c751e8b465ee728b)
Start importing Assets/Models/Terrain/race.fbx using Guid(b1b0738c4f5dfa7429c72edc6aa419d5) Importer(815301076,1909f56bfc062723c751e8b465ee728b) (PreviewImporter) -> (artifact id: '016f69054521e97c6228e16ae12e22d0') in 0.0681956 seconds
Number of updated asset objects reloaded before import = 0Number of asset objects unloaded after import = 31

========================================================================
Received Import Request.
  Time since last request: 0.109198 seconds.
  path: Assets/Models/Terrain/rock_largeF.fbx
  artifactKey: Guid(f5860fa8d21d1c244a19e721299b1ff9) Importer(815301076,1909f56bfc062723c751e8b465ee728b)
Start importing Assets/Models/Terrain/rock_largeF.fbx using Guid(f5860fa8d21d1c244a19e721299b1ff9) Importer(815301076,1909f56bfc062723c751e8b465ee728b) (PreviewImporter) -> (artifact id: '8a5d876fac08a4523626233920c942cf') in 0.0465384 seconds
Number of updated asset objects reloaded before import = 0Number of asset objects unloaded after import = 10

========================================================================
Received Import Request.
  Time since last request: 0.000025 seconds.
  path: Assets/Models/Terrain/rock_smallE.fbx
  artifactKey: Guid(eeec8626ac5b01546bca79898424191c) Importer(815301076,1909f56bfc062723c751e8b465ee728b)
Start importing Assets/Models/Terrain/rock_smallE.fbx using Guid(eeec8626ac5b01546bca79898424191c) Importer(815301076,1909f56bfc062723c751e8b465ee728b) (PreviewImporter) -> (artifact id: '40e22f94da340f80f15922c2f21c7f06') in 0.0388224 seconds
Number of updated asset objects reloaded before import = 0Number of asset objects unloaded after import = 9

========================================================================
Received Import Request.
  Time since last request: 0.000028 seconds.
  path: Assets/Models/Terrain/rock_smallC.fbx
  artifactKey: Guid(65e7aefb54d0dcd4483a52cbc8f80475) Importer(815301076,1909f56bfc062723c751e8b465ee728b)
Start importing Assets/Models/Terrain/rock_smallC.fbx using Guid(65e7aefb54d0dcd4483a52cbc8f80475) Importer(815301076,1909f56bfc062723c751e8b465ee728b) (PreviewImporter) -> (artifact id: '0dc56fa65a6832878f7f33d69b791e8a') in 0.0384255 seconds
Number of updated asset objects reloaded before import = 0Number of asset objects unloaded after import = 9

========================================================================
Received Import Request.
  Time since last request: 1.294903 seconds.
  path: Assets/Models/Terrain/rock_smallG.fbx
  artifactKey: Guid(735bc866958ae124bbb3fb95b2c05af2) Importer(815301076,1909f56bfc062723c751e8b465ee728b)
Start importing Assets/Models/Terrain/rock_smallG.fbx using Guid(735bc866958ae124bbb3fb95b2c05af2) Importer(815301076,1909f56bfc062723c751e8b465ee728b) (PreviewImporter) -> (artifact id: '52c4582a5b717493a311acb63d10c42a') in 0.0415007 seconds
Number of updated asset objects reloaded before import = 0Number of asset objects unloaded after import = 9

========================================================================
Received Import Request.
  Time since last request: 0.000023 seconds.
  path: Assets/Models/Terrain/rock_tallC.fbx
  artifactKey: Guid(d1b8cd1569d2b45489b46d2503fb0272) Importer(815301076,1909f56bfc062723c751e8b465ee728b)
Start importing Assets/Models/Terrain/rock_tallC.fbx using Guid(d1b8cd1569d2b45489b46d2503fb0272) Importer(815301076,1909f56bfc062723c751e8b465ee728b) (PreviewImporter) -> (artifact id: '2f735baef9cc1a1c968e7290bd06845c') in 0.0476181 seconds
Number of updated asset objects reloaded before import = 0Number of asset objects unloaded after import = 10

========================================================================
Received Import Request.
  Time since last request: 0.000025 seconds.
  path: Assets/Models/Terrain/rock_smallH.fbx
  artifactKey: Guid(f744678099565c941998aaf1087b3a8c) Importer(815301076,1909f56bfc062723c751e8b465ee728b)
Start importing Assets/Models/Terrain/rock_smallH.fbx using Guid(f744678099565c941998aaf1087b3a8c) Importer(815301076,1909f56bfc062723c751e8b465ee728b) (PreviewImporter) -> (artifact id: '34febd3faad1cecd827aa8f492edac72') in 0.0461564 seconds
Number of updated asset objects reloaded before import = 0Number of asset objects unloaded after import = 9

========================================================================
Received Import Request.
  Time since last request: 0.328777 seconds.
  path: Assets/Models/Terrain/rock_tallF.fbx
  artifactKey: Guid(f2511615335aaeb499b4d9c93d1839a6) Importer(815301076,1909f56bfc062723c751e8b465ee728b)
Start importing Assets/Models/Terrain/rock_tallF.fbx using Guid(f2511615335aaeb499b4d9c93d1839a6) Importer(815301076,1909f56bfc062723c751e8b465ee728b) (PreviewImporter) -> (artifact id: 'b1cc0240df201e2ec61d861313014854') in 0.05395 seconds
Number of updated asset objects reloaded before import = 0Number of asset objects unloaded after import = 10

========================================================================
Received Import Request.
  Time since last request: 0.000027 seconds.
  path: Assets/Models/Terrain/rock_tallG.fbx
  artifactKey: Guid(3d8adc813eb22f344b243384ec9db742) Importer(815301076,1909f56bfc062723c751e8b465ee728b)
Start importing Assets/Models/Terrain/rock_tallG.fbx using Guid(3d8adc813eb22f344b243384ec9db742) Importer(815301076,1909f56bfc062723c751e8b465ee728b) (PreviewImporter) -> (artifact id: '8f5b8121bef0486954c16bebda78167c') in 0.0532583 seconds
Number of updated asset objects reloaded before import = 0Number of asset objects unloaded after import = 10

========================================================================
Received Import Request.
  Time since last request: 0.000034 seconds.
  path: Assets/Models/Terrain/sedan-sports.fbx
  artifactKey: Guid(b8aa0824590e56640b86528c4d418d52) Importer(815301076,1909f56bfc062723c751e8b465ee728b)
Start importing Assets/Models/Terrain/sedan-sports.fbx using Guid(b8aa0824590e56640b86528c4d418d52) Importer(815301076,1909f56bfc062723c751e8b465ee728b) (PreviewImporter) -> (artifact id: '6bc0ad4f9bbd20ddf37036d95ce37049') in 0.1081106 seconds
Number of updated asset objects reloaded before import = 0Number of asset objects unloaded after import = 36

========================================================================
Received Import Request.
  Time since last request: 0.300300 seconds.
  path: Assets/Models/Terrain/statue_columnDamaged.fbx
  artifactKey: Guid(2ac2c087270320241bb56518df777b77) Importer(815301076,1909f56bfc062723c751e8b465ee728b)
Start importing Assets/Models/Terrain/statue_columnDamaged.fbx using Guid(2ac2c087270320241bb56518df777b77) Importer(815301076,1909f56bfc062723c751e8b465ee728b) (PreviewImporter) -> (artifact id: 'b338e06dd51315d97a42aae6f2c30bc4') in 0.0351889 seconds
Number of updated asset objects reloaded before import = 0Number of asset objects unloaded after import = 9

========================================================================
Received Import Request.
  Time since last request: 0.000025 seconds.
  path: Assets/Models/Terrain/statue_head.fbx
  artifactKey: Guid(7ad4740b308e86f448ac1e272b1528f5) Importer(815301076,1909f56bfc062723c751e8b465ee728b)
Start importing Assets/Models/Terrain/statue_head.fbx using Guid(7ad4740b308e86f448ac1e272b1528f5) Importer(815301076,1909f56bfc062723c751e8b465ee728b) (PreviewImporter) -> (artifact id: 'e5f3856924a1c17e60744528862f449d') in 0.0456936 seconds
Number of updated asset objects reloaded before import = 0Number of asset objects unloaded after import = 10

========================================================================
Received Import Request.
  Time since last request: 0.000031 seconds.
  path: Assets/Models/Terrain/stone_largeD.fbx
  artifactKey: Guid(9a93aa7e0eed5774db97949464b63858) Importer(815301076,1909f56bfc062723c751e8b465ee728b)
Start importing Assets/Models/Terrain/stone_largeD.fbx using Guid(9a93aa7e0eed5774db97949464b63858) Importer(815301076,1909f56bfc062723c751e8b465ee728b) (PreviewImporter) -> (artifact id: '928731f80eff78c06805b49c90dfbb87') in 0.0376845 seconds
Number of updated asset objects reloaded before import = 0Number of asset objects unloaded after import = 9

========================================================================
Received Import Request.
  Time since last request: 0.130235 seconds.
  path: Assets/Models/Terrain/stone_smallA.fbx
  artifactKey: Guid(efc36c45d742ec34586ebfea91a66b31) Importer(815301076,1909f56bfc062723c751e8b465ee728b)
Start importing Assets/Models/Terrain/stone_smallA.fbx using Guid(efc36c45d742ec34586ebfea91a66b31) Importer(815301076,1909f56bfc062723c751e8b465ee728b) (PreviewImporter) -> (artifact id: '961bbaed9c3347492fc7cac37e6b0092') in 0.0291571 seconds
Number of updated asset objects reloaded before import = 0Number of asset objects unloaded after import = 8

========================================================================
Received Import Request.
  Time since last request: 0.000039 seconds.
  path: Assets/Models/Terrain/stone_smallD.fbx
  artifactKey: Guid(67f8499ce988691448f5254f589c986a) Importer(815301076,1909f56bfc062723c751e8b465ee728b)
Start importing Assets/Models/Terrain/stone_smallD.fbx using Guid(67f8499ce988691448f5254f589c986a) Importer(815301076,1909f56bfc062723c751e8b465ee728b) (PreviewImporter) -> (artifact id: 'fd07d7190c8ba8c637c481c483969718') in 0.0276263 seconds
Number of updated asset objects reloaded before import = 0Number of asset objects unloaded after import = 8

========================================================================
Received Import Request.
  Time since last request: 0.000115 seconds.
  path: Assets/Models/Terrain/stone_smallFlatA.fbx
  artifactKey: Guid(2706a5c473a84f24db5b41fe6f3cdecd) Importer(815301076,1909f56bfc062723c751e8b465ee728b)
Start importing Assets/Models/Terrain/stone_smallFlatA.fbx using Guid(2706a5c473a84f24db5b41fe6f3cdecd) Importer(815301076,1909f56bfc062723c751e8b465ee728b) (PreviewImporter) -> (artifact id: 'c0f81ba3871d1893ec7d07f3c8b8bdf4') in 0.0346523 seconds
Number of updated asset objects reloaded before import = 0Number of asset objects unloaded after import = 8

========================================================================
Received Import Request.
  Time since last request: 0.356902 seconds.
  path: Assets/Models/Terrain/stone_smallH.fbx
  artifactKey: Guid(8e6b3c026d190fd45a1bca3522c5b63b) Importer(815301076,1909f56bfc062723c751e8b465ee728b)
Start importing Assets/Models/Terrain/stone_smallH.fbx using Guid(8e6b3c026d190fd45a1bca3522c5b63b) Importer(815301076,1909f56bfc062723c751e8b465ee728b) (PreviewImporter) -> (artifact id: '2284d9821c515cc146ea304b5516e7e8') in 0.0277803 seconds
Number of updated asset objects reloaded before import = 0Number of asset objects unloaded after import = 8

========================================================================
Received Import Request.
  Time since last request: 0.000023 seconds.
  path: Assets/Models/Terrain/stone_smallTopB.fbx
  artifactKey: Guid(765c49fc08a257444a57beab7cb81c0c) Importer(815301076,1909f56bfc062723c751e8b465ee728b)
Start importing Assets/Models/Terrain/stone_smallTopB.fbx using Guid(765c49fc08a257444a57beab7cb81c0c) Importer(815301076,1909f56bfc062723c751e8b465ee728b) (PreviewImporter) -> (artifact id: '7a4a21699f58c2e0c584ca14d3aa93af') in 0.0373373 seconds
Number of updated asset objects reloaded before import = 0Number of asset objects unloaded after import = 8

========================================================================
Received Import Request.
  Time since last request: 0.000025 seconds.
  path: Assets/Models/Terrain/stone_tallB.fbx
  artifactKey: Guid(95660dc922725b840bd246b238367d23) Importer(815301076,1909f56bfc062723c751e8b465ee728b)
Start importing Assets/Models/Terrain/stone_tallB.fbx using Guid(95660dc922725b840bd246b238367d23) Importer(815301076,1909f56bfc062723c751e8b465ee728b) (PreviewImporter) -> (artifact id: 'fa6a17f70d13e3529d9b4352d0fba83b') in 0.0373668 seconds
Number of updated asset objects reloaded before import = 0Number of asset objects unloaded after import = 9

========================================================================
Received Import Request.
  Time since last request: 0.000048 seconds.
  path: Assets/Models/Terrain/stone_tallJ.fbx
  artifactKey: Guid(f861d7267001c0749ae937a133982baf) Importer(815301076,1909f56bfc062723c751e8b465ee728b)
Start importing Assets/Models/Terrain/stone_tallJ.fbx using Guid(f861d7267001c0749ae937a133982baf) Importer(815301076,1909f56bfc062723c751e8b465ee728b) (PreviewImporter) -> (artifact id: 'b8da0ba6a96c62bd1923805a5554d25e') in 0.0382014 seconds
Number of updated asset objects reloaded before import = 0Number of asset objects unloaded after import = 9

========================================================================
Received Import Request.
  Time since last request: 0.000039 seconds.
  path: Assets/Models/Terrain/stone_tallH.fbx
  artifactKey: Guid(4ad0ffb47276cbb4fa4607e81ae75332) Importer(815301076,1909f56bfc062723c751e8b465ee728b)
Start importing Assets/Models/Terrain/stone_tallH.fbx using Guid(4ad0ffb47276cbb4fa4607e81ae75332) Importer(815301076,1909f56bfc062723c751e8b465ee728b) (PreviewImporter) -> (artifact id: 'af1e206abdc14c56762b988900740567') in 0.0421479 seconds
Number of updated asset objects reloaded before import = 0Number of asset objects unloaded after import = 9

========================================================================
Received Import Request.
  Time since last request: 0.000023 seconds.
  path: Assets/Models/Terrain/stone_tallI.fbx
  artifactKey: Guid(09f16216c18556e438f65ea81bc2f291) Importer(815301076,1909f56bfc062723c751e8b465ee728b)
Start importing Assets/Models/Terrain/stone_tallI.fbx using Guid(09f16216c18556e438f65ea81bc2f291) Importer(815301076,1909f56bfc062723c751e8b465ee728b) (PreviewImporter) -> (artifact id: 'f3f68ca1e3e34b2ef4e9504ca92e4aee') in 0.0447032 seconds
Number of updated asset objects reloaded before import = 0Number of asset objects unloaded after import = 9

========================================================================
Received Import Request.
  Time since last request: 0.235222 seconds.
  path: Assets/Models/Terrain/stump_squareDetailedWide.fbx
  artifactKey: Guid(835fa6f1cd8cb7648a50b5d6186abd2e) Importer(815301076,1909f56bfc062723c751e8b465ee728b)
Start importing Assets/Models/Terrain/stump_squareDetailedWide.fbx using Guid(835fa6f1cd8cb7648a50b5d6186abd2e) Importer(815301076,1909f56bfc062723c751e8b465ee728b) (PreviewImporter) -> (artifact id: '68bb48625c307cfbc6e04a510b5bd80f') in 0.0376724 seconds
Number of updated asset objects reloaded before import = 0Number of asset objects unloaded after import = 9

========================================================================
Received Import Request.
  Time since last request: 0.000021 seconds.
  path: Assets/Models/Terrain/taxi.fbx
  artifactKey: Guid(ef53184c8a863824284d2edef2b40b07) Importer(815301076,1909f56bfc062723c751e8b465ee728b)
Start importing Assets/Models/Terrain/taxi.fbx using Guid(ef53184c8a863824284d2edef2b40b07) Importer(815301076,1909f56bfc062723c751e8b465ee728b) (PreviewImporter) -> (artifact id: '5db4ddd2b3d5af22c74ac64369c4c944') in 0.0881199 seconds
Number of updated asset objects reloaded before import = 0Number of asset objects unloaded after import = 31

========================================================================
Received Import Request.
  Time since last request: 0.000051 seconds.
  path: Assets/Models/Terrain/tree_blocks.fbx
  artifactKey: Guid(2e4788d013ae6c04885c84945455e67c) Importer(815301076,1909f56bfc062723c751e8b465ee728b)
Start importing Assets/Models/Terrain/tree_blocks.fbx using Guid(2e4788d013ae6c04885c84945455e67c) Importer(815301076,1909f56bfc062723c751e8b465ee728b) (PreviewImporter) -> (artifact id: '9a5e5d6751699be638d161982d4d99eb') in 0.0419983 seconds
Number of updated asset objects reloaded before import = 0Number of asset objects unloaded after import = 9

========================================================================
Received Import Request.
  Time since last request: 0.000048 seconds.
  path: Assets/Models/Terrain/tree_cone_fall.fbx
  artifactKey: Guid(b3c556b03e6b478419c399e9c601bdb9) Importer(815301076,1909f56bfc062723c751e8b465ee728b)
Start importing Assets/Models/Terrain/tree_cone_fall.fbx using Guid(b3c556b03e6b478419c399e9c601bdb9) Importer(815301076,1909f56bfc062723c751e8b465ee728b) (PreviewImporter) -> (artifact id: 'b601f08829074a366774b5f44fb396f0') in 0.0403516 seconds
Number of updated asset objects reloaded before import = 0Number of asset objects unloaded after import = 9

========================================================================
Received Import Request.
  Time since last request: 0.000026 seconds.
  path: Assets/Models/Terrain/tent_smallOpen.fbx
  artifactKey: Guid(6add70094911cdc499505bf5f4575122) Importer(815301076,1909f56bfc062723c751e8b465ee728b)
Start importing Assets/Models/Terrain/tent_smallOpen.fbx using Guid(6add70094911cdc499505bf5f4575122) Importer(815301076,1909f56bfc062723c751e8b465ee728b) (PreviewImporter) -> (artifact id: 'c23178a22422138587090a0cbb41a97a') in 0.0461126 seconds
Number of updated asset objects reloaded before import = 0Number of asset objects unloaded after import = 10

========================================================================
Received Import Request.
  Time since last request: 0.000023 seconds.
  path: Assets/Models/Terrain/tractor.fbx
  artifactKey: Guid(3c45435c951364849832e3953bb0d9fa) Importer(815301076,1909f56bfc062723c751e8b465ee728b)
Start importing Assets/Models/Terrain/tractor.fbx using Guid(3c45435c951364849832e3953bb0d9fa) Importer(815301076,1909f56bfc062723c751e8b465ee728b) (PreviewImporter) -> (artifact id: '41ef0d165637cd1aa6b50bd1dfa49ea6') in 0.0876862 seconds
Number of updated asset objects reloaded before import = 0Number of asset objects unloaded after import = 31

========================================================================
Received Import Request.
  Time since last request: 0.000024 seconds.
  path: Assets/Models/Terrain/tree_blocks_fall.fbx
  artifactKey: Guid(f0346607368e0644abe3763d058d27f6) Importer(815301076,1909f56bfc062723c751e8b465ee728b)
Start importing Assets/Models/Terrain/tree_blocks_fall.fbx using Guid(f0346607368e0644abe3763d058d27f6) Importer(815301076,1909f56bfc062723c751e8b465ee728b) (PreviewImporter) -> (artifact id: '91c1f51791f5ea5537e44f6ce60148e6') in 0.03743 seconds
Number of updated asset objects reloaded before import = 0Number of asset objects unloaded after import = 9

========================================================================
Received Import Request.
  Time since last request: 1.091177 seconds.
  path: Assets/Models/Terrain/tree_default_fall.fbx
  artifactKey: Guid(026ccf7064937144084152f4923c1955) Importer(815301076,1909f56bfc062723c751e8b465ee728b)
Start importing Assets/Models/Terrain/tree_default_fall.fbx using Guid(026ccf7064937144084152f4923c1955) Importer(815301076,1909f56bfc062723c751e8b465ee728b) (PreviewImporter) -> (artifact id: '1bbb31018d8b5edbe763eb6584850ea8') in 0.0329019 seconds
Number of updated asset objects reloaded before import = 0Number of asset objects unloaded after import = 9

========================================================================
Received Import Request.
  Time since last request: 0.000021 seconds.
  path: Assets/Models/Terrain/tree_fat_darkh.fbx
  artifactKey: Guid(983a9171984d43c46ab3a37ff0d2f1b1) Importer(815301076,1909f56bfc062723c751e8b465ee728b)
Start importing Assets/Models/Terrain/tree_fat_darkh.fbx using Guid(983a9171984d43c46ab3a37ff0d2f1b1) Importer(815301076,1909f56bfc062723c751e8b465ee728b) (PreviewImporter) -> (artifact id: 'a1e32a09c64b60c92f11bbcfb5c3a206') in 0.0363363 seconds
Number of updated asset objects reloaded before import = 0Number of asset objects unloaded after import = 9

========================================================================
Received Import Request.
  Time since last request: 0.000027 seconds.
  path: Assets/Models/Terrain/tree_fat_fall.fbx
  artifactKey: Guid(95aac7cb0a88a394893f1f46f5d555a9) Importer(815301076,1909f56bfc062723c751e8b465ee728b)
Start importing Assets/Models/Terrain/tree_fat_fall.fbx using Guid(95aac7cb0a88a394893f1f46f5d555a9) Importer(815301076,1909f56bfc062723c751e8b465ee728b) (PreviewImporter) -> (artifact id: 'a5c1bea6c9307548b66d21868085c64f') in 0.0374123 seconds
Number of updated asset objects reloaded before import = 0Number of asset objects unloaded after import = 9

========================================================================
Received Import Request.
  Time since last request: 0.000034 seconds.
  path: Assets/Models/Terrain/tree_detailed.fbx
  artifactKey: Guid(1c0a030a12926f8408058528d6038dcc) Importer(815301076,1909f56bfc062723c751e8b465ee728b)
Start importing Assets/Models/Terrain/tree_detailed.fbx using Guid(1c0a030a12926f8408058528d6038dcc) Importer(815301076,1909f56bfc062723c751e8b465ee728b) (PreviewImporter) -> (artifact id: '267c4a204abbf2662dc4ff25df1c9f67') in 0.0369816 seconds
Number of updated asset objects reloaded before import = 0Number of asset objects unloaded after import = 10

========================================================================
Received Import Request.
  Time since last request: 82.921702 seconds.
  path: Assets/Models/Terrain/tree_oak_fall.fbx
  artifactKey: Guid(6f39a7c246461a34abe9e3791ee1708e) Importer(815301076,1909f56bfc062723c751e8b465ee728b)
Start importing Assets/Models/Terrain/tree_oak_fall.fbx using Guid(6f39a7c246461a34abe9e3791ee1708e) Importer(815301076,1909f56bfc062723c751e8b465ee728b) (PreviewImporter) -> (artifact id: 'f33c89718c77b22866b1b05b87dc5df7') in 0.0384839 seconds
Number of updated asset objects reloaded before import = 0Number of asset objects unloaded after import = 9

========================================================================
Received Import Request.
  Time since last request: 0.000024 seconds.
  path: Assets/Models/Terrain/tree_pineDefaultB.fbx
  artifactKey: Guid(0be741f2aa7bc0249a375d15f9d3e9e7) Importer(815301076,1909f56bfc062723c751e8b465ee728b)
Start importing Assets/Models/Terrain/tree_pineDefaultB.fbx using Guid(0be741f2aa7bc0249a375d15f9d3e9e7) Importer(815301076,1909f56bfc062723c751e8b465ee728b) (PreviewImporter) -> (artifact id: '428d7a253a0e49d4ef62f1795635ea3f') in 0.0399491 seconds
Number of updated asset objects reloaded before import = 0Number of asset objects unloaded after import = 9

========================================================================
Received Import Request.
  Time since last request: 0.000038 seconds.
  path: Assets/Models/Terrain/tree_palmDetailedShort.fbx
  artifactKey: Guid(75bade12291e51b4088a262a78824ec0) Importer(815301076,1909f56bfc062723c751e8b465ee728b)
Start importing Assets/Models/Terrain/tree_palmDetailedShort.fbx using Guid(75bade12291e51b4088a262a78824ec0) Importer(815301076,1909f56bfc062723c751e8b465ee728b) (PreviewImporter) -> (artifact id: 'b2365f236bc4696c653221043fb4dd96') in 0.0621943 seconds
Number of updated asset objects reloaded before import = 0Number of asset objects unloaded after import = 19

========================================================================
Received Import Request.
  Time since last request: 0.000025 seconds.
  path: Assets/Models/Terrain/tree_palmDetailedTall.fbx
  artifactKey: Guid(613c6dab5845c0d4f89c9dcfe6f7226a) Importer(815301076,1909f56bfc062723c751e8b465ee728b)
Start importing Assets/Models/Terrain/tree_palmDetailedTall.fbx using Guid(613c6dab5845c0d4f89c9dcfe6f7226a) Importer(815301076,1909f56bfc062723c751e8b465ee728b) (PreviewImporter) -> (artifact id: 'c58feda4bc24ec4a9c288834e496eedb') in 0.0599677 seconds
Number of updated asset objects reloaded before import = 0Number of asset objects unloaded after import = 19

========================================================================
Received Import Request.
  Time since last request: 0.000030 seconds.
  path: Assets/Models/Terrain/tree_palmBend.fbx
  artifactKey: Guid(1464e62e38eb91949bcb9c47853909c2) Importer(815301076,1909f56bfc062723c751e8b465ee728b)
Start importing Assets/Models/Terrain/tree_palmBend.fbx using Guid(1464e62e38eb91949bcb9c47853909c2) Importer(815301076,1909f56bfc062723c751e8b465ee728b) (PreviewImporter) -> (artifact id: '0b7508e6df17f0dc66af37e0b5b19ca6') in 0.0337109 seconds
Number of updated asset objects reloaded before import = 0Number of asset objects unloaded after import = 9

========================================================================
Received Import Request.
  Time since last request: 113.134658 seconds.
  path: Assets/Models/Terrain/tree_pineGroundB.fbx
  artifactKey: Guid(ecd0e6e561559cd4ebbdaf99d0135ce0) Importer(815301076,1909f56bfc062723c751e8b465ee728b)
Start importing Assets/Models/Terrain/tree_pineGroundB.fbx using Guid(ecd0e6e561559cd4ebbdaf99d0135ce0) Importer(815301076,1909f56bfc062723c751e8b465ee728b) (PreviewImporter) -> (artifact id: '923d85514ed8b6d9e037c66a8bb47cff') in 0.0375325 seconds
Number of updated asset objects reloaded before import = 0Number of asset objects unloaded after import = 8

========================================================================
Received Import Request.
  Time since last request: 0.000031 seconds.
  path: Assets/Models/Terrain/tree_pineSmallB.fbx
  artifactKey: Guid(50ba0477741f458409e021c1fe210f3d) Importer(815301076,1909f56bfc062723c751e8b465ee728b)
Start importing Assets/Models/Terrain/tree_pineSmallB.fbx using Guid(50ba0477741f458409e021c1fe210f3d) Importer(815301076,1909f56bfc062723c751e8b465ee728b) (PreviewImporter) -> (artifact id: '551360a6a1fc96c1234523d02f2e9a8d') in 0.0404444 seconds
Number of updated asset objects reloaded before import = 0Number of asset objects unloaded after import = 9

========================================================================
Received Import Request.
  Time since last request: 0.000027 seconds.
  path: Assets/Models/Terrain/tree_pineRoundB.fbx
  artifactKey: Guid(db71ab5ad066bf5408786f6b1262b07c) Importer(815301076,1909f56bfc062723c751e8b465ee728b)
Start importing Assets/Models/Terrain/tree_pineRoundB.fbx using Guid(db71ab5ad066bf5408786f6b1262b07c) Importer(815301076,1909f56bfc062723c751e8b465ee728b) (PreviewImporter) -> (artifact id: 'c73b75a6b953f73e104da341b38226ea') in 0.046745 seconds
Number of updated asset objects reloaded before import = 0Number of asset objects unloaded after import = 10

========================================================================
Received Import Request.
  Time since last request: 0.000027 seconds.
  path: Assets/Models/Terrain/tree_pineSmallA.fbx
  artifactKey: Guid(25bd61e280de91f4ea7b34f33128c1a6) Importer(815301076,1909f56bfc062723c751e8b465ee728b)
Start importing Assets/Models/Terrain/tree_pineSmallA.fbx using Guid(25bd61e280de91f4ea7b34f33128c1a6) Importer(815301076,1909f56bfc062723c751e8b465ee728b) (PreviewImporter) -> (artifact id: '354437f15725bb458a2020b5cf44c234') in 0.043371 seconds
Number of updated asset objects reloaded before import = 0Number of asset objects unloaded after import = 9

========================================================================
Received Import Request.
  Time since last request: 0.000062 seconds.
  path: Assets/Models/Terrain/tree_pineRoundE.fbx
  artifactKey: Guid(1c165696056c4b5429b471928e918581) Importer(815301076,1909f56bfc062723c751e8b465ee728b)
Start importing Assets/Models/Terrain/tree_pineRoundE.fbx using Guid(1c165696056c4b5429b471928e918581) Importer(815301076,1909f56bfc062723c751e8b465ee728b) (PreviewImporter) -> (artifact id: '6f811fd5ad99a14bb72c54e125e50534') in 0.0433785 seconds
Number of updated asset objects reloaded before import = 0Number of asset objects unloaded after import = 9

========================================================================
Received Import Request.
  Time since last request: 0.000023 seconds.
  path: Assets/Models/Terrain/tree_pineRoundF.fbx
  artifactKey: Guid(6a9eff4d9571f1b4b8499861374fe608) Importer(815301076,1909f56bfc062723c751e8b465ee728b)
Start importing Assets/Models/Terrain/tree_pineRoundF.fbx using Guid(6a9eff4d9571f1b4b8499861374fe608) Importer(815301076,1909f56bfc062723c751e8b465ee728b) (PreviewImporter) -> (artifact id: '95735bcfe3de4cff164fbd718f5be032') in 0.0496708 seconds
Number of updated asset objects reloaded before import = 0Number of asset objects unloaded after import = 9

========================================================================
Received Import Request.
  Time since last request: 0.000039 seconds.
  path: Assets/Models/Terrain/tree_pineRoundA.fbx
  artifactKey: Guid(ce01c0499388ec249b2a93717cb2f826) Importer(815301076,1909f56bfc062723c751e8b465ee728b)
Start importing Assets/Models/Terrain/tree_pineRoundA.fbx using Guid(ce01c0499388ec249b2a93717cb2f826) Importer(815301076,1909f56bfc062723c751e8b465ee728b) (PreviewImporter) -> (artifact id: '0e2fc7664b3f68fdce58b453baaa7f2d') in 0.0379898 seconds
Number of updated asset objects reloaded before import = 0Number of asset objects unloaded after import = 9

