Using pre-set license
Built from '6000.0/release' branch; Version is '6000.0.29f1 (9fafe5c9db65) revision 10465253'; Using compiler version '193933523'; Build Type 'Release'
OS: 'Windows 11  (10.0.22621) 64bit Professional' Language: 'tr' Physical Memory: 15557 MB
BatchMode: 1, IsHumanControllingUs: 0, StartBugReporterOnCrash: 0, Is64bit: 1, IsPro: 1

COMMAND LINE ARGUMENTS:
C:\Program Files\Unity\Hub\Editor\6000.0.29f1\Editor\Unity.exe
-adb2
-batchMode
-noUpm
-name
AssetImportWorker1
-projectPath
C:/Users/aekka/Documents/GitHub/farmvillage
-logFile
Logs/AssetImportWorker1.log
-srvPort
50207
-job-worker-count
5
-background-job-worker-count
8
-asset-garbage-collectors
1
Successfully changed project path to: C:/Users/aekka/Documents/GitHub/farmvillage
C:/Users/aekka/Documents/GitHub/farmvillage
[UnityMemory] Configuration Parameters - Can be set up in boot.config
    "memorysetup-bucket-allocator-granularity=16"
    "memorysetup-bucket-allocator-bucket-count=8"
    "memorysetup-bucket-allocator-block-size=33554432"
    "memorysetup-bucket-allocator-block-count=8"
    "memorysetup-main-allocator-block-size=16777216"
    "memorysetup-thread-allocator-block-size=16777216"
    "memorysetup-gfx-main-allocator-block-size=16777216"
    "memorysetup-gfx-thread-allocator-block-size=16777216"
    "memorysetup-cache-allocator-block-size=4194304"
    "memorysetup-typetree-allocator-block-size=2097152"
    "memorysetup-profiler-bucket-allocator-granularity=16"
    "memorysetup-profiler-bucket-allocator-bucket-count=8"
    "memorysetup-profiler-bucket-allocator-block-size=33554432"
    "memorysetup-profiler-bucket-allocator-block-count=8"
    "memorysetup-profiler-allocator-block-size=16777216"
    "memorysetup-profiler-editor-allocator-block-size=1048576"
    "memorysetup-temp-allocator-size-main=16777216"
    "memorysetup-job-temp-allocator-block-size=2097152"
    "memorysetup-job-temp-allocator-block-size-background=1048576"
    "memorysetup-job-temp-allocator-reduction-small-platforms=262144"
    "memorysetup-allocator-temp-initial-block-size-main=262144"
    "memorysetup-allocator-temp-initial-block-size-worker=262144"
    "memorysetup-temp-allocator-size-background-worker=32768"
    "memorysetup-temp-allocator-size-job-worker=262144"
    "memorysetup-temp-allocator-size-preload-manager=33554432"
    "memorysetup-temp-allocator-size-nav-mesh-worker=65536"
    "memorysetup-temp-allocator-size-audio-worker=65536"
    "memorysetup-temp-allocator-size-cloud-worker=32768"
    "memorysetup-temp-allocator-size-gi-baking-worker=262144"
    "memorysetup-temp-allocator-size-gi-baking-worker=262144"
    "memorysetup-temp-allocator-size-gi-baking-worker=262144"
    "memorysetup-temp-allocator-size-gi-baking-worker=262144"
    "memorysetup-temp-allocator-size-gi-baking-worker=262144"
    "memorysetup-temp-allocator-size-gfx=262144"
Player connection [11268]  Target information:

Player connection [11268]  * "[IP] 192.168.1.21 [Port] 0 [Flags] 2 [Guid] 771792046 [EditorId] 771792046 [Version] 1048832 [Id] WindowsEditor(7,aek) [Debug] 1 [PackageName] WindowsEditor [ProjectName] Editor" 

Player connection [11268] Host joined multi-casting on [225.0.0.222:54997]...
Player connection [11268] Host joined alternative multi-casting on [225.0.0.222:34997]...
JobSystem: Creating JobQueue using job-worker-count value 5
[Physics::Module] Initialized fallback backend.
[Physics::Module] Id: 0xdecafbad
Library Redirect Path: Library/
[Physics::Module] Selected backend.
[Physics::Module] Name: PhysX
[Physics::Module] Id: 0xf2b8ea05
[Physics::Module] SDK Version: 4.1.2
[Physics::Module] Integration Version: 1.0.0
[Physics::Module] Threading Mode: Multi-Threaded
Refreshing native plugins compatible for Editor in 2.15 ms, found 3 plugins.
Preloading 0 native plugins for Editor in 0.00 ms.
Initialize engine version: 6000.0.29f1 (9fafe5c9db65)
[Subsystems] Discovering subsystems at path C:/Program Files/Unity/Hub/Editor/6000.0.29f1/Editor/Data/Resources/UnitySubsystems
[Subsystems] Discovering subsystems at path C:/Users/aekka/Documents/GitHub/farmvillage/Assets
GfxDevice: creating device client; kGfxThreadingModeNonThreaded
Direct3D:
    Version:  Direct3D 11.0 [level 11.1]
    Renderer: NVIDIA GeForce RTX 3050 Ti Laptop GPU (ID=0x25a0)
    Vendor:   NVIDIA
    VRAM:     3962 MB
    Driver:   32.0.15.6614
Initialize mono
Mono path[0] = 'C:/Program Files/Unity/Hub/Editor/6000.0.29f1/Editor/Data/Managed'
Mono path[1] = 'C:/Program Files/Unity/Hub/Editor/6000.0.29f1/Editor/Data/MonoBleedingEdge/lib/mono/unityjit-win32'
Mono config path = 'C:/Program Files/Unity/Hub/Editor/6000.0.29f1/Editor/Data/MonoBleedingEdge/etc'
Using monoOptions --debugger-agent=transport=dt_socket,embedding=1,server=y,suspend=n,address=127.0.0.1:56408
Begin MonoManager ReloadAssembly
Registering precompiled unity dll's ...
Register platform support module: C:/Program Files/Unity/Hub/Editor/6000.0.29f1/Editor/Data/PlaybackEngines/WindowsStandaloneSupport/UnityEditor.WindowsStandalone.Extensions.dll
Registered in 0.005098 seconds.
- Loaded All Assemblies, in  0.528 seconds
Native extension for WindowsStandalone target not found
Mono: successfully reloaded assembly
- Finished resetting the current domain, in  0.489 seconds
Domain Reload Profiling: 1015ms
	BeginReloadAssembly (179ms)
		ExecutionOrderSort (0ms)
		DisableScriptedObjects (0ms)
		BackupInstance (0ms)
		ReleaseScriptingObjects (0ms)
		CreateAndSetChildDomain (1ms)
	RebuildCommonClasses (56ms)
	RebuildNativeTypeToScriptingClass (16ms)
	initialDomainReloadingComplete (71ms)
	LoadAllAssembliesAndSetupDomain (204ms)
		LoadAssemblies (175ms)
		RebuildTransferFunctionScriptingTraits (0ms)
		AnalyzeDomain (200ms)
			TypeCache.Refresh (197ms)
				TypeCache.ScanAssembly (180ms)
			BuildScriptInfoCaches (0ms)
			ResolveRequiredComponents (1ms)
	FinalizeReload (490ms)
		ReleaseScriptCaches (0ms)
		RebuildScriptCaches (0ms)
		SetupLoadedEditorAssemblies (444ms)
			LogAssemblyErrors (0ms)
			InitializePlatformSupportModulesInManaged (34ms)
			SetLoadedEditorAssemblies (7ms)
			BeforeProcessingInitializeOnLoad (9ms)
			ProcessInitializeOnLoadAttributes (298ms)
			ProcessInitializeOnLoadMethodAttributes (94ms)
			AfterProcessingInitializeOnLoad (3ms)
			EditorAssembliesLoaded (0ms)
		ExecutionOrderSort2 (0ms)
		AwakeInstancesAfterBackupRestoration (0ms)
========================================================================
Worker process is ready to serve import requests
Import Worker Mode flag is 0x00
Begin MonoManager ReloadAssembly
- Loaded All Assemblies, in  0.957 seconds
Refreshing native plugins compatible for Editor in 1.67 ms, found 3 plugins.
Native extension for WindowsStandalone target not found
Mono: successfully reloaded assembly
- Finished resetting the current domain, in  0.948 seconds
Domain Reload Profiling: 1902ms
	BeginReloadAssembly (317ms)
		ExecutionOrderSort (0ms)
		DisableScriptedObjects (9ms)
		BackupInstance (0ms)
		ReleaseScriptingObjects (0ms)
		CreateAndSetChildDomain (99ms)
	RebuildCommonClasses (42ms)
	RebuildNativeTypeToScriptingClass (14ms)
	initialDomainReloadingComplete (45ms)
	LoadAllAssembliesAndSetupDomain (535ms)
		LoadAssemblies (428ms)
		RebuildTransferFunctionScriptingTraits (0ms)
		AnalyzeDomain (262ms)
			TypeCache.Refresh (200ms)
				TypeCache.ScanAssembly (182ms)
			BuildScriptInfoCaches (52ms)
			ResolveRequiredComponents (6ms)
	FinalizeReload (949ms)
		ReleaseScriptCaches (0ms)
		RebuildScriptCaches (0ms)
		SetupLoadedEditorAssemblies (779ms)
			LogAssemblyErrors (0ms)
			InitializePlatformSupportModulesInManaged (6ms)
			SetLoadedEditorAssemblies (11ms)
			BeforeProcessingInitializeOnLoad (102ms)
			ProcessInitializeOnLoadAttributes (602ms)
			ProcessInitializeOnLoadMethodAttributes (44ms)
			AfterProcessingInitializeOnLoad (13ms)
			EditorAssembliesLoaded (0ms)
		ExecutionOrderSort2 (0ms)
		AwakeInstancesAfterBackupRestoration (11ms)
Launched and connected shader compiler UnityShaderCompiler.exe after 0.02 seconds
Refreshing native plugins compatible for Editor in 1.56 ms, found 3 plugins.
Preloading 0 native plugins for Editor in 0.00 ms.
Unloading 23 Unused Serialized files (Serialized files now loaded: 0)
Unloading 3300 unused Assets / (0.9 MB). Loaded Objects now: 3804.
Memory consumption went from 88.6 MB to 87.8 MB.
Total: 8.408700 ms (FindLiveObjects: 0.770900 ms CreateObjectMapping: 0.575800 ms MarkObjects: 5.700500 ms  DeleteObjects: 1.359200 ms)

========================================================================
Received Import Request.
  Time since last request: 72943.574933 seconds.
  path: Assets/Kodland_PostProcessing/Enviroment/Materials/PP_Standard_Material.mat
  artifactKey: Guid(0799a1e95665ef14f8fe2cbcd4ba3dc4) Importer(815301076,1909f56bfc062723c751e8b465ee728b)
Start importing Assets/Kodland_PostProcessing/Enviroment/Materials/PP_Standard_Material.mat using Guid(0799a1e95665ef14f8fe2cbcd4ba3dc4) Importer(815301076,1909f56bfc062723c751e8b465ee728b) (PreviewImporter) -> (artifact id: 'fc5a61cc72b55de11f9e5ab1ab7b1141') in 0.2217894 seconds
Number of updated asset objects reloaded before import = 0Number of asset objects unloaded after import = 2

========================================================================
Received Import Request.
  Time since last request: 13.413509 seconds.
  path: Assets/Prefabs/tractor.prefab
  artifactKey: Guid(7bc710aa2dc15684da0ddd11f9b06fee) Importer(815301076,1909f56bfc062723c751e8b465ee728b)
Start importing Assets/Prefabs/tractor.prefab using Guid(7bc710aa2dc15684da0ddd11f9b06fee) Importer(815301076,1909f56bfc062723c751e8b465ee728b) (PreviewImporter) -> (artifact id: 'e3689a95acade16994c507e120da0393') in 0.1015505 seconds
Number of updated asset objects reloaded before import = 0Number of asset objects unloaded after import = 103

========================================================================
Received Import Request.
  Time since last request: 10.225209 seconds.
  path: Assets/Models/Terrain/bed.fbx
  artifactKey: Guid(ca8f057e67ad69b438d819a6733ceff2) Importer(815301076,1909f56bfc062723c751e8b465ee728b)
Start importing Assets/Models/Terrain/bed.fbx using Guid(ca8f057e67ad69b438d819a6733ceff2) Importer(815301076,1909f56bfc062723c751e8b465ee728b) (PreviewImporter) -> (artifact id: 'a8cb2e11841a448a4f9edd81454b8690') in 0.0919013 seconds
Number of updated asset objects reloaded before import = 0Number of asset objects unloaded after import = 10

========================================================================
Received Import Request.
  Time since last request: 0.000040 seconds.
  path: Assets/Models/Terrain/bridge_woodNarrow.fbx
  artifactKey: Guid(6ee715c9f61e4c44aa9b628e2f2a1470) Importer(815301076,1909f56bfc062723c751e8b465ee728b)
Start importing Assets/Models/Terrain/bridge_woodNarrow.fbx using Guid(6ee715c9f61e4c44aa9b628e2f2a1470) Importer(815301076,1909f56bfc062723c751e8b465ee728b) (PreviewImporter) -> (artifact id: '5e9c3342fe5aacc10f241bdf5cc2c6f6') in 0.0528459 seconds
Number of updated asset objects reloaded before import = 0Number of asset objects unloaded after import = 10

========================================================================
Received Import Request.
  Time since last request: 0.000049 seconds.
  path: Assets/Models/Terrain/campfire_bricks.fbx
  artifactKey: Guid(bf1dcc7808e7c724fa0462321924d952) Importer(815301076,1909f56bfc062723c751e8b465ee728b)
Start importing Assets/Models/Terrain/campfire_bricks.fbx using Guid(bf1dcc7808e7c724fa0462321924d952) Importer(815301076,1909f56bfc062723c751e8b465ee728b) (PreviewImporter) -> (artifact id: 'f42461ad6f5111dedf0efd326dbbb3a8') in 0.0409431 seconds
Number of updated asset objects reloaded before import = 0Number of asset objects unloaded after import = 8

========================================================================
Received Import Request.
  Time since last request: 0.000036 seconds.
  path: Assets/Models/Terrain/bridge_side_woodRound.fbx
  artifactKey: Guid(76fce2ab33a80d744ac29da19e251bd0) Importer(815301076,1909f56bfc062723c751e8b465ee728b)
Start importing Assets/Models/Terrain/bridge_side_woodRound.fbx using Guid(76fce2ab33a80d744ac29da19e251bd0) Importer(815301076,1909f56bfc062723c751e8b465ee728b) (PreviewImporter) -> (artifact id: '9a2a5af7d28f5e96d85cb25183b0ea18') in 0.0715809 seconds
Number of updated asset objects reloaded before import = 0Number of asset objects unloaded after import = 11

========================================================================
Received Import Request.
  Time since last request: 0.000023 seconds.
  path: Assets/Models/Terrain/cliff_block_rock.fbx
  artifactKey: Guid(9546313476160684dab2aa243a6f4c2d) Importer(815301076,1909f56bfc062723c751e8b465ee728b)
Start importing Assets/Models/Terrain/cliff_block_rock.fbx using Guid(9546313476160684dab2aa243a6f4c2d) Importer(815301076,1909f56bfc062723c751e8b465ee728b) (PreviewImporter) -> (artifact id: 'fa0c681903c698b149e05cf6fb8e09db') in 0.037361 seconds
Number of updated asset objects reloaded before import = 0Number of asset objects unloaded after import = 9

========================================================================
Received Import Request.
  Time since last request: 0.000034 seconds.
  path: Assets/Models/Terrain/bridge_side_stoneRound.fbx
  artifactKey: Guid(0f85d6f81f71e644b98b4093061b7f09) Importer(815301076,1909f56bfc062723c751e8b465ee728b)
Start importing Assets/Models/Terrain/bridge_side_stoneRound.fbx using Guid(0f85d6f81f71e644b98b4093061b7f09) Importer(815301076,1909f56bfc062723c751e8b465ee728b) (PreviewImporter) -> (artifact id: '9f13f489eb13aabfd7e98700db9eeefe') in 0.0387923 seconds
Number of updated asset objects reloaded before import = 0Number of asset objects unloaded after import = 9

========================================================================
Received Import Request.
  Time since last request: 0.000030 seconds.
  path: Assets/Models/Terrain/bridge_wood.fbx
  artifactKey: Guid(782b8f0e330801140912cea8b7a5a5db) Importer(815301076,1909f56bfc062723c751e8b465ee728b)
Start importing Assets/Models/Terrain/bridge_wood.fbx using Guid(782b8f0e330801140912cea8b7a5a5db) Importer(815301076,1909f56bfc062723c751e8b465ee728b) (PreviewImporter) -> (artifact id: '1542b4ba0d1c8e35eceb20a00be352ec') in 0.049225 seconds
Number of updated asset objects reloaded before import = 0Number of asset objects unloaded after import = 10

========================================================================
Received Import Request.
  Time since last request: 0.000034 seconds.
  path: Assets/Models/Terrain/bridge_woodRound.fbx
  artifactKey: Guid(928d4e7bbeadd4c45bac1744fb037576) Importer(815301076,1909f56bfc062723c751e8b465ee728b)
Start importing Assets/Models/Terrain/bridge_woodRound.fbx using Guid(928d4e7bbeadd4c45bac1744fb037576) Importer(815301076,1909f56bfc062723c751e8b465ee728b) (PreviewImporter) -> (artifact id: '23dcc789b7ee2874839b044f23d2ddd6') in 0.0586517 seconds
Number of updated asset objects reloaded before import = 0Number of asset objects unloaded after import = 11

========================================================================
Received Import Request.
  Time since last request: 0.000046 seconds.
  path: Assets/Models/Terrain/bed_floor.fbx
  artifactKey: Guid(d53d8e135c296f545b8e33f7eb435ca4) Importer(815301076,1909f56bfc062723c751e8b465ee728b)
Start importing Assets/Models/Terrain/bed_floor.fbx using Guid(d53d8e135c296f545b8e33f7eb435ca4) Importer(815301076,1909f56bfc062723c751e8b465ee728b) (PreviewImporter) -> (artifact id: 'c047bd6d9c554fe35ac14b6acb648aed') in 0.0498753 seconds
Number of updated asset objects reloaded before import = 0Number of asset objects unloaded after import = 10

========================================================================
Received Import Request.
  Time since last request: 0.000035 seconds.
  path: Assets/Models/Terrain/box.fbx
  artifactKey: Guid(9bbbaca2ca3a5af4096d36dd886cc4fc) Importer(815301076,1909f56bfc062723c751e8b465ee728b)
Start importing Assets/Models/Terrain/box.fbx using Guid(9bbbaca2ca3a5af4096d36dd886cc4fc) Importer(815301076,1909f56bfc062723c751e8b465ee728b) (PreviewImporter) -> (artifact id: 'a9ee78a753c93416a7eb0cb6555fa38b') in 0.0383987 seconds
Number of updated asset objects reloaded before import = 0Number of asset objects unloaded after import = 9

========================================================================
Received Import Request.
  Time since last request: 0.000030 seconds.
  path: Assets/Models/Terrain/bridge_center_woodRound.fbx
  artifactKey: Guid(ba34e34a699b2be47939cb6de59325d6) Importer(815301076,1909f56bfc062723c751e8b465ee728b)
Start importing Assets/Models/Terrain/bridge_center_woodRound.fbx using Guid(ba34e34a699b2be47939cb6de59325d6) Importer(815301076,1909f56bfc062723c751e8b465ee728b) (PreviewImporter) -> (artifact id: 'c156cc0b3c26832a4635fb58ed5df39b') in 0.0660332 seconds
Number of updated asset objects reloaded before import = 0Number of asset objects unloaded after import = 11

========================================================================
Received Import Request.
  Time since last request: 0.000037 seconds.
  path: Assets/Models/Terrain/campfire_stones.fbx
  artifactKey: Guid(e81c2e832af03d4418c40a22a57d77bc) Importer(815301076,1909f56bfc062723c751e8b465ee728b)
Start importing Assets/Models/Terrain/campfire_stones.fbx using Guid(e81c2e832af03d4418c40a22a57d77bc) Importer(815301076,1909f56bfc062723c751e8b465ee728b) (PreviewImporter) -> (artifact id: 'ecdd3998d5f77e61f912ddadcaeaaa16') in 0.0371407 seconds
Number of updated asset objects reloaded before import = 0Number of asset objects unloaded after import = 8

========================================================================
Received Import Request.
  Time since last request: 0.000031 seconds.
  path: Assets/Models/Terrain/cactus_short.fbx
  artifactKey: Guid(6ffe6f6e6721f1641bf07dc2b77f0cc8) Importer(815301076,1909f56bfc062723c751e8b465ee728b)
Start importing Assets/Models/Terrain/cactus_short.fbx using Guid(6ffe6f6e6721f1641bf07dc2b77f0cc8) Importer(815301076,1909f56bfc062723c751e8b465ee728b) (PreviewImporter) -> (artifact id: '113dae6f70e8462064257bd617b89184') in 0.032726 seconds
Number of updated asset objects reloaded before import = 0Number of asset objects unloaded after import = 8

========================================================================
Received Import Request.
  Time since last request: 0.000033 seconds.
  path: Assets/Models/Terrain/cliff_block_stone.fbx
  artifactKey: Guid(de11b6e15e47705409fb60eea27d52c6) Importer(815301076,1909f56bfc062723c751e8b465ee728b)
Start importing Assets/Models/Terrain/cliff_block_stone.fbx using Guid(de11b6e15e47705409fb60eea27d52c6) Importer(815301076,1909f56bfc062723c751e8b465ee728b) (PreviewImporter) -> (artifact id: '3d39f384138574441a0af4021a29b101') in 0.0402802 seconds
Number of updated asset objects reloaded before import = 0Number of asset objects unloaded after import = 9

========================================================================
Received Import Request.
  Time since last request: 0.000038 seconds.
  path: Assets/Models/Terrain/bridge_stone.fbx
  artifactKey: Guid(5473a86f59ec9d34d9650cfe06ed9194) Importer(815301076,1909f56bfc062723c751e8b465ee728b)
Start importing Assets/Models/Terrain/bridge_stone.fbx using Guid(5473a86f59ec9d34d9650cfe06ed9194) Importer(815301076,1909f56bfc062723c751e8b465ee728b) (PreviewImporter) -> (artifact id: '084e682cff4a20ccffafe83d6e20cdac') in 0.0413776 seconds
Number of updated asset objects reloaded before import = 0Number of asset objects unloaded after import = 9

========================================================================
Received Import Request.
  Time since last request: 0.000030 seconds.
  path: Assets/Models/Terrain/campfire_logs.fbx
  artifactKey: Guid(90a66855390b8dd4c8bb2a1c834a48fb) Importer(815301076,1909f56bfc062723c751e8b465ee728b)
Start importing Assets/Models/Terrain/campfire_logs.fbx using Guid(90a66855390b8dd4c8bb2a1c834a48fb) Importer(815301076,1909f56bfc062723c751e8b465ee728b) (PreviewImporter) -> (artifact id: '2cfe47e718b36b6499f40bc7c8659630') in 0.0320196 seconds
Number of updated asset objects reloaded before import = 0Number of asset objects unloaded after import = 9

========================================================================
Received Import Request.
  Time since last request: 11.349444 seconds.
  path: Assets/Models/Terrain/cliff_blockDiagonal_rock.fbx
  artifactKey: Guid(86e888b05eec97b47991940a2c9dde52) Importer(815301076,1909f56bfc062723c751e8b465ee728b)
Start importing Assets/Models/Terrain/cliff_blockDiagonal_rock.fbx using Guid(86e888b05eec97b47991940a2c9dde52) Importer(815301076,1909f56bfc062723c751e8b465ee728b) (PreviewImporter) -> (artifact id: '1ed3c2c3bb2f8fde57ec7c2969f6bde2') in 0.0458333 seconds
Number of updated asset objects reloaded before import = 0Number of asset objects unloaded after import = 9

========================================================================
Received Import Request.
  Time since last request: 0.000027 seconds.
  path: Assets/Models/Terrain/cliff_corner_rock.fbx
  artifactKey: Guid(8fac279179119bc48bae8344e0254011) Importer(815301076,1909f56bfc062723c751e8b465ee728b)
Start importing Assets/Models/Terrain/cliff_corner_rock.fbx using Guid(8fac279179119bc48bae8344e0254011) Importer(815301076,1909f56bfc062723c751e8b465ee728b) (PreviewImporter) -> (artifact id: '835913523cc34ea1ee1060773fd3aa89') in 0.0411277 seconds
Number of updated asset objects reloaded before import = 0Number of asset objects unloaded after import = 8

========================================================================
Received Import Request.
  Time since last request: 0.000025 seconds.
  path: Assets/Models/Terrain/cliff_blockDiagonal_stone.fbx
  artifactKey: Guid(dfe567cec3915f344a0fb40553c2c0e4) Importer(815301076,1909f56bfc062723c751e8b465ee728b)
Start importing Assets/Models/Terrain/cliff_blockDiagonal_stone.fbx using Guid(dfe567cec3915f344a0fb40553c2c0e4) Importer(815301076,1909f56bfc062723c751e8b465ee728b) (PreviewImporter) -> (artifact id: 'f7b2736949fa7752ad034f8839bf3266') in 0.0464208 seconds
Number of updated asset objects reloaded before import = 0Number of asset objects unloaded after import = 9

========================================================================
Received Import Request.
  Time since last request: 0.000026 seconds.
  path: Assets/Models/Terrain/cliff_blockQuarter_rock.fbx
  artifactKey: Guid(5c8c2ca9664416d44aa0e4346dbec6a2) Importer(815301076,1909f56bfc062723c751e8b465ee728b)
Start importing Assets/Models/Terrain/cliff_blockQuarter_rock.fbx using Guid(5c8c2ca9664416d44aa0e4346dbec6a2) Importer(815301076,1909f56bfc062723c751e8b465ee728b) (PreviewImporter) -> (artifact id: '88ccc4e8131369f4b85024846601e8db') in 0.0617676 seconds
Number of updated asset objects reloaded before import = 0Number of asset objects unloaded after import = 9

========================================================================
Received Import Request.
  Time since last request: 0.000046 seconds.
  path: Assets/Models/Terrain/cliff_corner_stone.fbx
  artifactKey: Guid(a476787ce2e154043994b79a1324da62) Importer(815301076,1909f56bfc062723c751e8b465ee728b)
Start importing Assets/Models/Terrain/cliff_corner_stone.fbx using Guid(a476787ce2e154043994b79a1324da62) Importer(815301076,1909f56bfc062723c751e8b465ee728b) (PreviewImporter) -> (artifact id: 'cd8f78708353060063c53f82f11bd9bb') in 0.0390266 seconds
Number of updated asset objects reloaded before import = 0Number of asset objects unloaded after import = 8

========================================================================
Received Import Request.
  Time since last request: 0.000054 seconds.
  path: Assets/Models/Terrain/cliff_blockHalf_rock.fbx
  artifactKey: Guid(f4bc30abfc022ea48bdfc4a9482f01fe) Importer(815301076,1909f56bfc062723c751e8b465ee728b)
Start importing Assets/Models/Terrain/cliff_blockHalf_rock.fbx using Guid(f4bc30abfc022ea48bdfc4a9482f01fe) Importer(815301076,1909f56bfc062723c751e8b465ee728b) (PreviewImporter) -> (artifact id: '3620a7f1bae816cbe92d9d2722b6aede') in 0.0498769 seconds
Number of updated asset objects reloaded before import = 0Number of asset objects unloaded after import = 9

========================================================================
Received Import Request.
  Time since last request: 0.000123 seconds.
  path: Assets/Models/Terrain/cliff_cave_stone.fbx
  artifactKey: Guid(345cbc292f536d84bb2deff5159cb75b) Importer(815301076,1909f56bfc062723c751e8b465ee728b)
Start importing Assets/Models/Terrain/cliff_cave_stone.fbx using Guid(345cbc292f536d84bb2deff5159cb75b) Importer(815301076,1909f56bfc062723c751e8b465ee728b) (PreviewImporter) -> (artifact id: '63d038ffe635664cac6b24968daf77ed') in 0.0370342 seconds
Number of updated asset objects reloaded before import = 0Number of asset objects unloaded after import = 8

========================================================================
Received Import Request.
  Time since last request: 0.000035 seconds.
  path: Assets/Models/Terrain/cliff_blockSlopeHalfWalls_rock.fbx
  artifactKey: Guid(4d3af4cde0c943848a779732c4c0a660) Importer(815301076,1909f56bfc062723c751e8b465ee728b)
Start importing Assets/Models/Terrain/cliff_blockSlopeHalfWalls_rock.fbx using Guid(4d3af4cde0c943848a779732c4c0a660) Importer(815301076,1909f56bfc062723c751e8b465ee728b) (PreviewImporter) -> (artifact id: 'ac6a042413f14c21ee97a6579321eceb') in 0.0485965 seconds
Number of updated asset objects reloaded before import = 0Number of asset objects unloaded after import = 9

========================================================================
Received Import Request.
  Time since last request: 0.000026 seconds.
  path: Assets/Models/Terrain/cliff_blockSlope_rock.fbx
  artifactKey: Guid(64914adb906cad9488a34c90fda85987) Importer(815301076,1909f56bfc062723c751e8b465ee728b)
Start importing Assets/Models/Terrain/cliff_blockSlope_rock.fbx using Guid(64914adb906cad9488a34c90fda85987) Importer(815301076,1909f56bfc062723c751e8b465ee728b) (PreviewImporter) -> (artifact id: '348a74222f628e7a10a60423148791ee') in 0.0652393 seconds
Number of updated asset objects reloaded before import = 0Number of asset objects unloaded after import = 9

========================================================================
Received Import Request.
  Time since last request: 11.363496 seconds.
  path: Assets/Models/Road/construction_barrier.fbx
  artifactKey: Guid(62068734e26b13c4ba4fa1580168a93a) Importer(815301076,1909f56bfc062723c751e8b465ee728b)
Start importing Assets/Models/Road/construction_barrier.fbx using Guid(62068734e26b13c4ba4fa1580168a93a) Importer(815301076,1909f56bfc062723c751e8b465ee728b) (PreviewImporter) -> (artifact id: 'd797a1dc940d8197b0953aab1806d375') in 0.0489487 seconds
Number of updated asset objects reloaded before import = 0Number of asset objects unloaded after import = 8

========================================================================
Received Import Request.
  Time since last request: 0.000027 seconds.
  path: Assets/Models/Road/road_bendSquare.fbx
  artifactKey: Guid(ea2b24957146f614cac791496108793a) Importer(815301076,1909f56bfc062723c751e8b465ee728b)
Start importing Assets/Models/Road/road_bendSquare.fbx using Guid(ea2b24957146f614cac791496108793a) Importer(815301076,1909f56bfc062723c751e8b465ee728b) (PreviewImporter) -> (artifact id: 'd7b414954314c1ca5c21117ef2f98e4b') in 0.0746026 seconds
Number of updated asset objects reloaded before import = 0Number of asset objects unloaded after import = 11

========================================================================
Received Import Request.
  Time since last request: 0.000034 seconds.
  path: Assets/Models/Road/light_curved.fbx
  artifactKey: Guid(3122e318905312447a626aa1fe46c885) Importer(815301076,1909f56bfc062723c751e8b465ee728b)
Start importing Assets/Models/Road/light_curved.fbx using Guid(3122e318905312447a626aa1fe46c885) Importer(815301076,1909f56bfc062723c751e8b465ee728b) (PreviewImporter) -> (artifact id: 'ac76ae47d6bd895e5513d27132e84eff') in 0.0520551 seconds
Number of updated asset objects reloaded before import = 0Number of asset objects unloaded after import = 10

========================================================================
Received Import Request.
  Time since last request: 0.000175 seconds.
  path: Assets/Models/Road/road_crossroadLine.fbx
  artifactKey: Guid(38c33d1e6bb9e2b408e030bcb2f56af8) Importer(815301076,1909f56bfc062723c751e8b465ee728b)
Start importing Assets/Models/Road/road_crossroadLine.fbx using Guid(38c33d1e6bb9e2b408e030bcb2f56af8) Importer(815301076,1909f56bfc062723c751e8b465ee728b) (PreviewImporter) -> (artifact id: 'c1b80c3133d593910975425099bbb1cc') in 0.0625973 seconds
Number of updated asset objects reloaded before import = 0Number of asset objects unloaded after import = 11

========================================================================
Received Import Request.
  Time since last request: 0.000028 seconds.
  path: Assets/Models/Road/road_crossroadPath.fbx
  artifactKey: Guid(d35de9ac06ee0ce40b6df31555e53c8d) Importer(815301076,1909f56bfc062723c751e8b465ee728b)
Start importing Assets/Models/Road/road_crossroadPath.fbx using Guid(d35de9ac06ee0ce40b6df31555e53c8d) Importer(815301076,1909f56bfc062723c751e8b465ee728b) (PreviewImporter) -> (artifact id: '80b4de651e75e057b2bc2b1a74f6c441') in 0.0535649 seconds
Number of updated asset objects reloaded before import = 0Number of asset objects unloaded after import = 11

========================================================================
Received Import Request.
  Time since last request: 0.000026 seconds.
  path: Assets/Models/Road/road_drivewayDoubleBarrier.fbx
  artifactKey: Guid(8ab90110b34b02a4abfaf02a16efb4d6) Importer(815301076,1909f56bfc062723c751e8b465ee728b)
Start importing Assets/Models/Road/road_drivewayDoubleBarrier.fbx using Guid(8ab90110b34b02a4abfaf02a16efb4d6) Importer(815301076,1909f56bfc062723c751e8b465ee728b) (PreviewImporter) -> (artifact id: 'c1f6248868daa8262e82c8d9a6a29b1d') in 0.0411822 seconds
Number of updated asset objects reloaded before import = 0Number of asset objects unloaded after import = 8

========================================================================
Received Import Request.
  Time since last request: 0.000032 seconds.
  path: Assets/Models/Road/road_curveIntersection.fbx
  artifactKey: Guid(d047022f2e201424b8f080fd04c888bf) Importer(815301076,1909f56bfc062723c751e8b465ee728b)
Start importing Assets/Models/Road/road_curveIntersection.fbx using Guid(d047022f2e201424b8f080fd04c888bf) Importer(815301076,1909f56bfc062723c751e8b465ee728b) (PreviewImporter) -> (artifact id: '698bcb00d45972fadf0c036d924198f6') in 0.06736 seconds
Number of updated asset objects reloaded before import = 0Number of asset objects unloaded after import = 12

========================================================================
Received Import Request.
  Time since last request: 0.000028 seconds.
  path: Assets/Models/Road/road_curve.fbx
  artifactKey: Guid(650f8fb2ba57efa44969b9c572c29791) Importer(815301076,1909f56bfc062723c751e8b465ee728b)
Start importing Assets/Models/Road/road_curve.fbx using Guid(650f8fb2ba57efa44969b9c572c29791) Importer(815301076,1909f56bfc062723c751e8b465ee728b) (PreviewImporter) -> (artifact id: '4fb7b4ac2cc53f596b9f76dbc2142f41') in 0.0546168 seconds
Number of updated asset objects reloaded before import = 0Number of asset objects unloaded after import = 11

========================================================================
Received Import Request.
  Time since last request: 0.000042 seconds.
  path: Assets/Models/Road/road_curveIntersectionBarrier.fbx
  artifactKey: Guid(6a479b459f566494f91d5b7076289667) Importer(815301076,1909f56bfc062723c751e8b465ee728b)
Start importing Assets/Models/Road/road_curveIntersectionBarrier.fbx using Guid(6a479b459f566494f91d5b7076289667) Importer(815301076,1909f56bfc062723c751e8b465ee728b) (PreviewImporter) -> (artifact id: 'c1473dcb4bd1fe027a2ad6ed900c05fd') in 0.0359314 seconds
Number of updated asset objects reloaded before import = 0Number of asset objects unloaded after import = 8

========================================================================
Received Import Request.
  Time since last request: 0.000034 seconds.
  path: Assets/Models/Road/road_drivewaySingle.fbx
  artifactKey: Guid(656a6388267685c4c96a8894d535f466) Importer(815301076,1909f56bfc062723c751e8b465ee728b)
Start importing Assets/Models/Road/road_drivewaySingle.fbx using Guid(656a6388267685c4c96a8894d535f466) Importer(815301076,1909f56bfc062723c751e8b465ee728b) (PreviewImporter) -> (artifact id: '8da0afe8a948f77a72efcf8a2d30c5c0') in 0.0552013 seconds
Number of updated asset objects reloaded before import = 0Number of asset objects unloaded after import = 11

========================================================================
Received Import Request.
  Time since last request: 449.193258 seconds.
  path: Assets/Models/Build in Town/rockSmall.fbx
  artifactKey: Guid(a396c930390d75945a65fc212b07eb58) Importer(815301076,1909f56bfc062723c751e8b465ee728b)
Start importing Assets/Models/Build in Town/rockSmall.fbx using Guid(a396c930390d75945a65fc212b07eb58) Importer(815301076,1909f56bfc062723c751e8b465ee728b) (PreviewImporter) -> (artifact id: '6c68bc339613b7bd2be54d6504e60599') in 0.0835498 seconds
Number of updated asset objects reloaded before import = 0Number of asset objects unloaded after import = 8

========================================================================
Received Import Request.
  Time since last request: 0.000032 seconds.
  path: Assets/Models/Build in Town/roofCornerRound.fbx
  artifactKey: Guid(2e7edd1549feefc49ac00c6f91ac1088) Importer(815301076,1909f56bfc062723c751e8b465ee728b)
Start importing Assets/Models/Build in Town/roofCornerRound.fbx using Guid(2e7edd1549feefc49ac00c6f91ac1088) Importer(815301076,1909f56bfc062723c751e8b465ee728b) (PreviewImporter) -> (artifact id: '41a72dc7535c071cdc86e3a8c7ed3744') in 0.0613952 seconds
Number of updated asset objects reloaded before import = 0Number of asset objects unloaded after import = 10

========================================================================
Received Import Request.
  Time since last request: 0.000085 seconds.
  path: Assets/Models/Build in Town/roofGable.fbx
  artifactKey: Guid(1988d200c78aaf543b805a866fbee421) Importer(815301076,1909f56bfc062723c751e8b465ee728b)
Start importing Assets/Models/Build in Town/roofGable.fbx using Guid(1988d200c78aaf543b805a866fbee421) Importer(815301076,1909f56bfc062723c751e8b465ee728b) (PreviewImporter) -> (artifact id: '4999a10770e8847a8b35cd9265270d83') in 0.0620719 seconds
Number of updated asset objects reloaded before import = 0Number of asset objects unloaded after import = 11

========================================================================
Received Import Request.
  Time since last request: 0.000038 seconds.
  path: Assets/Models/Build in Town/roofFlat.fbx
  artifactKey: Guid(e73e7e3156bf71c469b75bbfd3cb12df) Importer(815301076,1909f56bfc062723c751e8b465ee728b)
Start importing Assets/Models/Build in Town/roofFlat.fbx using Guid(e73e7e3156bf71c469b75bbfd3cb12df) Importer(815301076,1909f56bfc062723c751e8b465ee728b) (PreviewImporter) -> (artifact id: '4477073ac451961707ddd27f6b2b5315') in 0.0409521 seconds
Number of updated asset objects reloaded before import = 0Number of asset objects unloaded after import = 8

========================================================================
Received Import Request.
  Time since last request: 0.000030 seconds.
  path: Assets/Models/Build in Town/roofGableDetail.fbx
  artifactKey: Guid(8510ac2477d578a4b98aac0003ec25c6) Importer(815301076,1909f56bfc062723c751e8b465ee728b)
Start importing Assets/Models/Build in Town/roofGableDetail.fbx using Guid(8510ac2477d578a4b98aac0003ec25c6) Importer(815301076,1909f56bfc062723c751e8b465ee728b) (PreviewImporter) -> (artifact id: 'e665eae386c4fda7a50d03617940238f') in 0.0553196 seconds
Number of updated asset objects reloaded before import = 0Number of asset objects unloaded after import = 11

========================================================================
Received Import Request.
  Time since last request: 2.830739 seconds.
  path: Assets/Models/Build in Town/roofGableTop.fbx
  artifactKey: Guid(f792a9297b2dcbe4cb60e95071e0f79c) Importer(815301076,1909f56bfc062723c751e8b465ee728b)
Start importing Assets/Models/Build in Town/roofGableTop.fbx using Guid(f792a9297b2dcbe4cb60e95071e0f79c) Importer(815301076,1909f56bfc062723c751e8b465ee728b) (PreviewImporter) -> (artifact id: 'dae5f8a75e65916487753978a3b88d09') in 0.0496954 seconds
Number of updated asset objects reloaded before import = 0Number of asset objects unloaded after import = 10

========================================================================
Received Import Request.
  Time since last request: 0.000039 seconds.
  path: Assets/Models/Build in Town/roofHighGableEnd.fbx
  artifactKey: Guid(973473fc4811fe841a4f6b196a6ea0ca) Importer(815301076,1909f56bfc062723c751e8b465ee728b)
Start importing Assets/Models/Build in Town/roofHighGableEnd.fbx using Guid(973473fc4811fe841a4f6b196a6ea0ca) Importer(815301076,1909f56bfc062723c751e8b465ee728b) (PreviewImporter) -> (artifact id: '098da426638606a0db03e18f0ac9ce89') in 0.0606041 seconds
Number of updated asset objects reloaded before import = 0Number of asset objects unloaded after import = 11

========================================================================
Received Import Request.
  Time since last request: 0.000028 seconds.
  path: Assets/Models/Build in Town/roofHighGable.fbx
  artifactKey: Guid(1bcce93961de3bd41bd8127b205ada3c) Importer(815301076,1909f56bfc062723c751e8b465ee728b)
Start importing Assets/Models/Build in Town/roofHighGable.fbx using Guid(1bcce93961de3bd41bd8127b205ada3c) Importer(815301076,1909f56bfc062723c751e8b465ee728b) (PreviewImporter) -> (artifact id: '8785a25cb9b9f1945ee3db02838aec10') in 0.0532384 seconds
Number of updated asset objects reloaded before import = 0Number of asset objects unloaded after import = 11

========================================================================
Received Import Request.
  Time since last request: 0.000039 seconds.
  path: Assets/Models/Build in Town/roofHighGableDetail.fbx
  artifactKey: Guid(9aa1cb7d8d1f8a744a5632c06d568a8a) Importer(815301076,1909f56bfc062723c751e8b465ee728b)
Start importing Assets/Models/Build in Town/roofHighGableDetail.fbx using Guid(9aa1cb7d8d1f8a744a5632c06d568a8a) Importer(815301076,1909f56bfc062723c751e8b465ee728b) (PreviewImporter) -> (artifact id: '16260961071d239f143a23f43d5eeab8') in 0.0507709 seconds
Number of updated asset objects reloaded before import = 0Number of asset objects unloaded after import = 11

========================================================================
Received Import Request.
  Time since last request: 0.000028 seconds.
  path: Assets/Models/Build in Town/roofHighCornerRound.fbx
  artifactKey: Guid(7eba19604bf924a44b81446df4c11212) Importer(815301076,1909f56bfc062723c751e8b465ee728b)
Start importing Assets/Models/Build in Town/roofHighCornerRound.fbx using Guid(7eba19604bf924a44b81446df4c11212) Importer(815301076,1909f56bfc062723c751e8b465ee728b) (PreviewImporter) -> (artifact id: '174b8e5c194c42fbf0ac8c49d082374f') in 0.0434706 seconds
Number of updated asset objects reloaded before import = 0Number of asset objects unloaded after import = 10

========================================================================
Received Import Request.
  Time since last request: 0.249169 seconds.
  path: Assets/Models/Build in Town/roofHighLeft.fbx
  artifactKey: Guid(81d429a62f408434dae9ab2effdcbb48) Importer(815301076,1909f56bfc062723c751e8b465ee728b)
Start importing Assets/Models/Build in Town/roofHighLeft.fbx using Guid(81d429a62f408434dae9ab2effdcbb48) Importer(815301076,1909f56bfc062723c751e8b465ee728b) (PreviewImporter) -> (artifact id: '13008c21e55da713a8f5931d96776b45') in 0.0566556 seconds
Number of updated asset objects reloaded before import = 0Number of asset objects unloaded after import = 11

========================================================================
Received Import Request.
  Time since last request: 0.000055 seconds.
  path: Assets/Models/Build in Town/roofWindow.fbx
  artifactKey: Guid(169e292f1aeae5445a0aee5f8cd95591) Importer(815301076,1909f56bfc062723c751e8b465ee728b)
Start importing Assets/Models/Build in Town/roofWindow.fbx using Guid(169e292f1aeae5445a0aee5f8cd95591) Importer(815301076,1909f56bfc062723c751e8b465ee728b) (PreviewImporter) -> (artifact id: 'f3ea9441d085eb2394abbd80207ec1c6') in 0.0718708 seconds
Number of updated asset objects reloaded before import = 0Number of asset objects unloaded after import = 12

========================================================================
Received Import Request.
  Time since last request: 0.000038 seconds.
  path: Assets/Models/Build in Town/stairsWideWoodHandrail.fbx
  artifactKey: Guid(11f91be1e0e4d134db53ed8547ed46a9) Importer(815301076,1909f56bfc062723c751e8b465ee728b)
Start importing Assets/Models/Build in Town/stairsWideWoodHandrail.fbx using Guid(11f91be1e0e4d134db53ed8547ed46a9) Importer(815301076,1909f56bfc062723c751e8b465ee728b) (PreviewImporter) -> (artifact id: 'c6f5c5661e02426075d5dd695cbc66b4') in 0.06167 seconds
Number of updated asset objects reloaded before import = 0Number of asset objects unloaded after import = 13

========================================================================
Received Import Request.
  Time since last request: 0.000042 seconds.
  path: Assets/Models/Build in Town/stairsWideWood.fbx
  artifactKey: Guid(cc6a9b956a0d5c54c82d73a83877c7b0) Importer(815301076,1909f56bfc062723c751e8b465ee728b)
Start importing Assets/Models/Build in Town/stairsWideWood.fbx using Guid(cc6a9b956a0d5c54c82d73a83877c7b0) Importer(815301076,1909f56bfc062723c751e8b465ee728b) (PreviewImporter) -> (artifact id: 'f8fdb65cccc4bc9ab2ff6e93e45ab98a') in 0.0414136 seconds
Number of updated asset objects reloaded before import = 0Number of asset objects unloaded after import = 8

========================================================================
Received Import Request.
  Time since last request: 0.000242 seconds.
  path: Assets/Models/Build in Town/stairsStone.fbx
  artifactKey: Guid(bacf5a3f9f8fb9a42971c8cd0243fb87) Importer(815301076,1909f56bfc062723c751e8b465ee728b)
Start importing Assets/Models/Build in Town/stairsStone.fbx using Guid(bacf5a3f9f8fb9a42971c8cd0243fb87) Importer(815301076,1909f56bfc062723c751e8b465ee728b) (PreviewImporter) -> (artifact id: 'd1a9fbdee81a37b0038857b1678ec453') in 0.0394424 seconds
Number of updated asset objects reloaded before import = 0Number of asset objects unloaded after import = 8

========================================================================
Received Import Request.
  Time since last request: 0.000029 seconds.
  path: Assets/Models/Build in Town/stairsFullCornerOuter.fbx
  artifactKey: Guid(ffd32a7d1e958684581821273f93ad66) Importer(815301076,1909f56bfc062723c751e8b465ee728b)
Start importing Assets/Models/Build in Town/stairsFullCornerOuter.fbx using Guid(ffd32a7d1e958684581821273f93ad66) Importer(815301076,1909f56bfc062723c751e8b465ee728b) (PreviewImporter) -> (artifact id: 'ce99e706826d83b083703d67ca9aa335') in 0.0360687 seconds
Number of updated asset objects reloaded before import = 0Number of asset objects unloaded after import = 8

========================================================================
Received Import Request.
  Time since last request: 0.000025 seconds.
  path: Assets/Models/Build in Town/stairsWideStoneHandrail.fbx
  artifactKey: Guid(015725519d8cb1748b6a385f1dbd60e8) Importer(815301076,1909f56bfc062723c751e8b465ee728b)
Start importing Assets/Models/Build in Town/stairsWideStoneHandrail.fbx using Guid(015725519d8cb1748b6a385f1dbd60e8) Importer(815301076,1909f56bfc062723c751e8b465ee728b) (PreviewImporter) -> (artifact id: '1a9f12d521ff96ba4752f3f9700c0f9e') in 0.0495201 seconds
Number of updated asset objects reloaded before import = 0Number of asset objects unloaded after import = 14

========================================================================
Received Import Request.
  Time since last request: 0.000043 seconds.
  path: Assets/Models/Build in Town/roofHighWindow.fbx
  artifactKey: Guid(f692a07f7275105439d313c5a7c5d44b) Importer(815301076,1909f56bfc062723c751e8b465ee728b)
Start importing Assets/Models/Build in Town/roofHighWindow.fbx using Guid(f692a07f7275105439d313c5a7c5d44b) Importer(815301076,1909f56bfc062723c751e8b465ee728b) (PreviewImporter) -> (artifact id: '812041667e7b56c0b79ce525d50b4be7') in 0.0502226 seconds
Number of updated asset objects reloaded before import = 0Number of asset objects unloaded after import = 11

========================================================================
Received Import Request.
  Time since last request: 0.000036 seconds.
  path: Assets/Models/Build in Town/roofHighPoint.fbx
  artifactKey: Guid(389a456bbe4751d498e3fa89bc56c0ed) Importer(815301076,1909f56bfc062723c751e8b465ee728b)
Start importing Assets/Models/Build in Town/roofHighPoint.fbx using Guid(389a456bbe4751d498e3fa89bc56c0ed) Importer(815301076,1909f56bfc062723c751e8b465ee728b) (PreviewImporter) -> (artifact id: '15a2307734f18e9dcd60b9c1e8ccdb62') in 0.0416551 seconds
Number of updated asset objects reloaded before import = 0Number of asset objects unloaded after import = 9

========================================================================
Received Import Request.
  Time since last request: 0.000038 seconds.
  path: Assets/Models/Build in Town/roofLeft.fbx
  artifactKey: Guid(f0a4778d58316e9439452282896a1e76) Importer(815301076,1909f56bfc062723c751e8b465ee728b)
Start importing Assets/Models/Build in Town/roofLeft.fbx using Guid(f0a4778d58316e9439452282896a1e76) Importer(815301076,1909f56bfc062723c751e8b465ee728b) (PreviewImporter) -> (artifact id: 'c692282213ef7092afd0ffce2d75adb4') in 0.0475267 seconds
Number of updated asset objects reloaded before import = 0Number of asset objects unloaded after import = 11

========================================================================
Received Import Request.
  Time since last request: 0.004877 seconds.
  path: Assets/Models/Build in Town/stairsWoodHandrail.fbx
  artifactKey: Guid(2a5aecde4fdc5b14a83933fe5f0dda0d) Importer(815301076,1909f56bfc062723c751e8b465ee728b)
Start importing Assets/Models/Build in Town/stairsWoodHandrail.fbx using Guid(2a5aecde4fdc5b14a83933fe5f0dda0d) Importer(815301076,1909f56bfc062723c751e8b465ee728b) (PreviewImporter) -> (artifact id: '8ce92c25fe85e3d0d213fff15c345aad') in 0.0625288 seconds
Number of updated asset objects reloaded before import = 0Number of asset objects unloaded after import = 14

========================================================================
Received Import Request.
  Time since last request: 0.000028 seconds.
  path: Assets/Models/Build in Town/stallBench.fbx
  artifactKey: Guid(eb21b751c4cd850448b7602fd76ae52a) Importer(815301076,1909f56bfc062723c751e8b465ee728b)
Start importing Assets/Models/Build in Town/stallBench.fbx using Guid(eb21b751c4cd850448b7602fd76ae52a) Importer(815301076,1909f56bfc062723c751e8b465ee728b) (PreviewImporter) -> (artifact id: '3b263af05eb804932dc2f5a8481e4161') in 0.0353194 seconds
Number of updated asset objects reloaded before import = 0Number of asset objects unloaded after import = 8

========================================================================
Received Import Request.
  Time since last request: 0.000036 seconds.
  path: Assets/Models/Build in Town/treeHighRound.fbx
  artifactKey: Guid(f5f2ef281c211e34a89b1d0a9d6f12a0) Importer(815301076,1909f56bfc062723c751e8b465ee728b)
Start importing Assets/Models/Build in Town/treeHighRound.fbx using Guid(f5f2ef281c211e34a89b1d0a9d6f12a0) Importer(815301076,1909f56bfc062723c751e8b465ee728b) (PreviewImporter) -> (artifact id: '7b4d8ad28f68dae9dbbeb8a6f3e9e9c8') in 0.0371087 seconds
Number of updated asset objects reloaded before import = 0Number of asset objects unloaded after import = 9

========================================================================
Received Import Request.
  Time since last request: 0.000026 seconds.
  path: Assets/Models/Build in Town/stallGreen.fbx
  artifactKey: Guid(642892f0e3b04d94bb3be04566d484d1) Importer(815301076,1909f56bfc062723c751e8b465ee728b)
Start importing Assets/Models/Build in Town/stallGreen.fbx using Guid(642892f0e3b04d94bb3be04566d484d1) Importer(815301076,1909f56bfc062723c751e8b465ee728b) (PreviewImporter) -> (artifact id: '307d935916b649f3a22d257182e52af9') in 0.0344366 seconds
Number of updated asset objects reloaded before import = 0Number of asset objects unloaded after import = 9

========================================================================
Received Import Request.
  Time since last request: 0.000025 seconds.
  path: Assets/Models/Build in Town/tree.fbx
  artifactKey: Guid(27519b555fc33eb47aa36357251766a5) Importer(815301076,1909f56bfc062723c751e8b465ee728b)
Start importing Assets/Models/Build in Town/tree.fbx using Guid(27519b555fc33eb47aa36357251766a5) Importer(815301076,1909f56bfc062723c751e8b465ee728b) (PreviewImporter) -> (artifact id: 'e63910d36ea7f1d77a7ab9cf3a190012') in 0.0401332 seconds
Number of updated asset objects reloaded before import = 0Number of asset objects unloaded after import = 9

========================================================================
Received Import Request.
  Time since last request: 0.000034 seconds.
  path: Assets/Models/Build in Town/wallArchTopDetail.fbx
  artifactKey: Guid(9c23a73c9b07c024caf0cc0b25960e33) Importer(815301076,1909f56bfc062723c751e8b465ee728b)
Start importing Assets/Models/Build in Town/wallArchTopDetail.fbx using Guid(9c23a73c9b07c024caf0cc0b25960e33) Importer(815301076,1909f56bfc062723c751e8b465ee728b) (PreviewImporter) -> (artifact id: '4bc3fd212b1dc35b1763138b0d306e50') in 0.0414168 seconds
Number of updated asset objects reloaded before import = 0Number of asset objects unloaded after import = 10

========================================================================
Received Import Request.
  Time since last request: 0.000019 seconds.
  path: Assets/Models/Build in Town/wallBroken.fbx
  artifactKey: Guid(e53cc940bf8be68419baef7276f48c99) Importer(815301076,1909f56bfc062723c751e8b465ee728b)
Start importing Assets/Models/Build in Town/wallBroken.fbx using Guid(e53cc940bf8be68419baef7276f48c99) Importer(815301076,1909f56bfc062723c751e8b465ee728b) (PreviewImporter) -> (artifact id: 'fa1bf2f4a293f830b79d54ee0e91f545') in 0.0325006 seconds
Number of updated asset objects reloaded before import = 0Number of asset objects unloaded after import = 9

========================================================================
Received Import Request.
  Time since last request: 0.000022 seconds.
  path: Assets/Models/Build in Town/stallRed.fbx
  artifactKey: Guid(76bd89db65f27cf4081cecc30a354c37) Importer(815301076,1909f56bfc062723c751e8b465ee728b)
Start importing Assets/Models/Build in Town/stallRed.fbx using Guid(76bd89db65f27cf4081cecc30a354c37) Importer(815301076,1909f56bfc062723c751e8b465ee728b) (PreviewImporter) -> (artifact id: 'cd8c71c862112e596d115e2911ae836b') in 0.0370652 seconds
Number of updated asset objects reloaded before import = 0Number of asset objects unloaded after import = 9

========================================================================
Received Import Request.
  Time since last request: 0.000022 seconds.
  path: Assets/Models/Build in Town/treeHighCrooked.fbx
  artifactKey: Guid(522c7ceffcb226a4f855606629d22f07) Importer(815301076,1909f56bfc062723c751e8b465ee728b)
Start importing Assets/Models/Build in Town/treeHighCrooked.fbx using Guid(522c7ceffcb226a4f855606629d22f07) Importer(815301076,1909f56bfc062723c751e8b465ee728b) (PreviewImporter) -> (artifact id: 'c69cb7370b5de9fc0c408399f201eed6') in 0.030161 seconds
Number of updated asset objects reloaded before import = 0Number of asset objects unloaded after import = 9

========================================================================
Received Import Request.
  Time since last request: 0.000027 seconds.
  path: Assets/Models/Build in Town/stall.fbx
  artifactKey: Guid(2254e13d3b0794c41933ed7e3df7bbcb) Importer(815301076,1909f56bfc062723c751e8b465ee728b)
Start importing Assets/Models/Build in Town/stall.fbx using Guid(2254e13d3b0794c41933ed7e3df7bbcb) Importer(815301076,1909f56bfc062723c751e8b465ee728b) (PreviewImporter) -> (artifact id: '709220b244a363f291c7fa2ebc6fa6ce') in 0.0288548 seconds
Number of updated asset objects reloaded before import = 0Number of asset objects unloaded after import = 8

========================================================================
Received Import Request.
  Time since last request: 0.308942 seconds.
  path: Assets/Models/Build in Town/wallCornerDetail.fbx
  artifactKey: Guid(14cef738bfcbafb49a6ed9aadf1e119a) Importer(815301076,1909f56bfc062723c751e8b465ee728b)
Start importing Assets/Models/Build in Town/wallCornerDetail.fbx using Guid(14cef738bfcbafb49a6ed9aadf1e119a) Importer(815301076,1909f56bfc062723c751e8b465ee728b) (PreviewImporter) -> (artifact id: '577e3ddec43b7f3a294957b7acb1ebac') in 0.0335561 seconds
Number of updated asset objects reloaded before import = 0Number of asset objects unloaded after import = 8

========================================================================
Received Import Request.
  Time since last request: 0.000026 seconds.
  path: Assets/Models/Build in Town/wallCornerDiagonalHalf.fbx
  artifactKey: Guid(203e24d4716b6974d8a6e1dd6cb0c753) Importer(815301076,1909f56bfc062723c751e8b465ee728b)
Start importing Assets/Models/Build in Town/wallCornerDiagonalHalf.fbx using Guid(203e24d4716b6974d8a6e1dd6cb0c753) Importer(815301076,1909f56bfc062723c751e8b465ee728b) (PreviewImporter) -> (artifact id: 'd37947a32d25dd091a98e5b010a0beb5') in 0.0355357 seconds
Number of updated asset objects reloaded before import = 0Number of asset objects unloaded after import = 9

========================================================================
Received Import Request.
  Time since last request: 0.000024 seconds.
  path: Assets/Models/Build in Town/wallDetailDiagonal.fbx
  artifactKey: Guid(3c35387deefa4fc4185324a73ab691cf) Importer(815301076,1909f56bfc062723c751e8b465ee728b)
Start importing Assets/Models/Build in Town/wallDetailDiagonal.fbx using Guid(3c35387deefa4fc4185324a73ab691cf) Importer(815301076,1909f56bfc062723c751e8b465ee728b) (PreviewImporter) -> (artifact id: '024669c39447a24512ca219046284f4d') in 0.0334304 seconds
Number of updated asset objects reloaded before import = 0Number of asset objects unloaded after import = 9

========================================================================
Received Import Request.
  Time since last request: 0.000025 seconds.
  path: Assets/Models/Build in Town/wallCornerEdge.fbx
  artifactKey: Guid(046313a9d2e47424c8e9991d3c8e7377) Importer(815301076,1909f56bfc062723c751e8b465ee728b)
Start importing Assets/Models/Build in Town/wallCornerEdge.fbx using Guid(046313a9d2e47424c8e9991d3c8e7377) Importer(815301076,1909f56bfc062723c751e8b465ee728b) (PreviewImporter) -> (artifact id: '1fe50450254e129cf8ff0c03bd2fd693') in 0.0529063 seconds
Number of updated asset objects reloaded before import = 0Number of asset objects unloaded after import = 9

========================================================================
Received Import Request.
  Time since last request: 0.000076 seconds.
  path: Assets/Models/Build in Town/wallDetailCross.fbx
  artifactKey: Guid(175e6beacf2f4f24e9f8e3c90e63ae61) Importer(815301076,1909f56bfc062723c751e8b465ee728b)
Start importing Assets/Models/Build in Town/wallDetailCross.fbx using Guid(175e6beacf2f4f24e9f8e3c90e63ae61) Importer(815301076,1909f56bfc062723c751e8b465ee728b) (PreviewImporter) -> (artifact id: '72bc735ee32d0bbeae55f182617663dd') in 0.038598 seconds
Number of updated asset objects reloaded before import = 0Number of asset objects unloaded after import = 9

========================================================================
Received Import Request.
  Time since last request: 0.298337 seconds.
  path: Assets/Models/Build in Town/wallDoorwayBase.fbx
  artifactKey: Guid(8495d2384741d4d41bad265f56ca48bd) Importer(815301076,1909f56bfc062723c751e8b465ee728b)
Start importing Assets/Models/Build in Town/wallDoorwayBase.fbx using Guid(8495d2384741d4d41bad265f56ca48bd) Importer(815301076,1909f56bfc062723c751e8b465ee728b) (PreviewImporter) -> (artifact id: '83f03f81120da281f24064affc64c06d') in 0.066331 seconds
Number of updated asset objects reloaded before import = 0Number of asset objects unloaded after import = 10

========================================================================
Received Import Request.
  Time since last request: 0.000033 seconds.
  path: Assets/Models/Build in Town/wallHalf.fbx
  artifactKey: Guid(0d5467850a8ce7a4b9f4e3eaf72ed614) Importer(815301076,1909f56bfc062723c751e8b465ee728b)
Start importing Assets/Models/Build in Town/wallHalf.fbx using Guid(0d5467850a8ce7a4b9f4e3eaf72ed614) Importer(815301076,1909f56bfc062723c751e8b465ee728b) (PreviewImporter) -> (artifact id: '97017824a7663d9530cbd941e8c83774') in 0.043772 seconds
Number of updated asset objects reloaded before import = 0Number of asset objects unloaded after import = 9

========================================================================
Received Import Request.
  Time since last request: 0.000031 seconds.
  path: Assets/Models/Build in Town/wallDoorwaySquareWideCurved.fbx
  artifactKey: Guid(2b74d4d5f4222d745aa40f7fd144cccd) Importer(815301076,1909f56bfc062723c751e8b465ee728b)
Start importing Assets/Models/Build in Town/wallDoorwaySquareWideCurved.fbx using Guid(2b74d4d5f4222d745aa40f7fd144cccd) Importer(815301076,1909f56bfc062723c751e8b465ee728b) (PreviewImporter) -> (artifact id: '680193470c83cf01a5dd8fdae64f271d') in 0.0499465 seconds
Number of updated asset objects reloaded before import = 0Number of asset objects unloaded after import = 10

========================================================================
Received Import Request.
  Time since last request: 0.000046 seconds.
  path: Assets/Models/Build in Town/wallRounded.fbx
  artifactKey: Guid(7fe93f61489882c4cb7790b249b683da) Importer(815301076,1909f56bfc062723c751e8b465ee728b)
Start importing Assets/Models/Build in Town/wallRounded.fbx using Guid(7fe93f61489882c4cb7790b249b683da) Importer(815301076,1909f56bfc062723c751e8b465ee728b) (PreviewImporter) -> (artifact id: 'c2a6e936ce7431a8d349a04d3eb26f35') in 0.0355428 seconds
Number of updated asset objects reloaded before import = 0Number of asset objects unloaded after import = 9

========================================================================
Received Import Request.
  Time since last request: 0.222411 seconds.
  path: Assets/Models/Build in Town/wallWindowRound.fbx
  artifactKey: Guid(3991ebc9354ff4a4c9b085b1cd773c1f) Importer(815301076,1909f56bfc062723c751e8b465ee728b)
Start importing Assets/Models/Build in Town/wallWindowRound.fbx using Guid(3991ebc9354ff4a4c9b085b1cd773c1f) Importer(815301076,1909f56bfc062723c751e8b465ee728b) (PreviewImporter) -> (artifact id: 'f2628cd53c73228789aa56108468fe17') in 0.0440697 seconds
Number of updated asset objects reloaded before import = 0Number of asset objects unloaded after import = 9

========================================================================
Received Import Request.
  Time since last request: 0.000027 seconds.
  path: Assets/Models/Build in Town/wallWoodArchTop.fbx
  artifactKey: Guid(8b2d17f31714d7d4b9da84d8813d61db) Importer(815301076,1909f56bfc062723c751e8b465ee728b)
Start importing Assets/Models/Build in Town/wallWoodArchTop.fbx using Guid(8b2d17f31714d7d4b9da84d8813d61db) Importer(815301076,1909f56bfc062723c751e8b465ee728b) (PreviewImporter) -> (artifact id: '51641675d46bff33cc160c072998949f') in 0.0493886 seconds
Number of updated asset objects reloaded before import = 0Number of asset objects unloaded after import = 10

========================================================================
Received Import Request.
  Time since last request: 0.000028 seconds.
  path: Assets/Models/Build in Town/wallWoodArchTopDetail.fbx
  artifactKey: Guid(d1581bcfcbea0f644832bf723bad1533) Importer(815301076,1909f56bfc062723c751e8b465ee728b)
Start importing Assets/Models/Build in Town/wallWoodArchTopDetail.fbx using Guid(d1581bcfcbea0f644832bf723bad1533) Importer(815301076,1909f56bfc062723c751e8b465ee728b) (PreviewImporter) -> (artifact id: '0ca2b395cd40a4e0e5793e88429b14ae') in 0.0717362 seconds
Number of updated asset objects reloaded before import = 0Number of asset objects unloaded after import = 10

========================================================================
Received Import Request.
  Time since last request: 0.000034 seconds.
  path: Assets/Models/Build in Town/wallWoodArch.fbx
  artifactKey: Guid(645bc8b24b62e1c4cac575b15bf0ff21) Importer(815301076,1909f56bfc062723c751e8b465ee728b)
Start importing Assets/Models/Build in Town/wallWoodArch.fbx using Guid(645bc8b24b62e1c4cac575b15bf0ff21) Importer(815301076,1909f56bfc062723c751e8b465ee728b) (PreviewImporter) -> (artifact id: '253df4b782fe908ce718f443682205fc') in 0.0477547 seconds
Number of updated asset objects reloaded before import = 0Number of asset objects unloaded after import = 10

========================================================================
Received Import Request.
  Time since last request: 0.315729 seconds.
  path: Assets/Models/Build in Town/wallWoodBroken.fbx
  artifactKey: Guid(d85e1b6cd2c43914ebda5802bb40d99a) Importer(815301076,1909f56bfc062723c751e8b465ee728b)
Start importing Assets/Models/Build in Town/wallWoodBroken.fbx using Guid(d85e1b6cd2c43914ebda5802bb40d99a) Importer(815301076,1909f56bfc062723c751e8b465ee728b) (PreviewImporter) -> (artifact id: 'd65f97cab0a7028ba0fdfeeab5f4840f') in 0.0495594 seconds
Number of updated asset objects reloaded before import = 0Number of asset objects unloaded after import = 9

========================================================================
Received Import Request.
  Time since last request: 0.000040 seconds.
  path: Assets/Models/Build in Town/wallWoodCornerDiagonalHalf.fbx
  artifactKey: Guid(4f06016a327cb7b48ba71aa2eb022c61) Importer(815301076,1909f56bfc062723c751e8b465ee728b)
Start importing Assets/Models/Build in Town/wallWoodCornerDiagonalHalf.fbx using Guid(4f06016a327cb7b48ba71aa2eb022c61) Importer(815301076,1909f56bfc062723c751e8b465ee728b) (PreviewImporter) -> (artifact id: 'be445fbecdaa615f41a5c3b2b4b2c14d') in 0.0512138 seconds
Number of updated asset objects reloaded before import = 0Number of asset objects unloaded after import = 9

========================================================================
Received Import Request.
  Time since last request: 0.000061 seconds.
  path: Assets/Models/Build in Town/wallWoodDetailDiagonal.fbx
  artifactKey: Guid(c565d3217165eaf43ae8f1550efe2993) Importer(815301076,1909f56bfc062723c751e8b465ee728b)
Start importing Assets/Models/Build in Town/wallWoodDetailDiagonal.fbx using Guid(c565d3217165eaf43ae8f1550efe2993) Importer(815301076,1909f56bfc062723c751e8b465ee728b) (PreviewImporter) -> (artifact id: 'db457d65eedcfad9bfdd9d4ead283582') in 0.0430152 seconds
Number of updated asset objects reloaded before import = 0Number of asset objects unloaded after import = 9

========================================================================
Received Import Request.
  Time since last request: 0.000046 seconds.
  path: Assets/Models/Build in Town/wallWoodCornerDiagonal.fbx
  artifactKey: Guid(314e70f194d9d0442af1e3ea1ae636f6) Importer(815301076,1909f56bfc062723c751e8b465ee728b)
Start importing Assets/Models/Build in Town/wallWoodCornerDiagonal.fbx using Guid(314e70f194d9d0442af1e3ea1ae636f6) Importer(815301076,1909f56bfc062723c751e8b465ee728b) (PreviewImporter) -> (artifact id: '2b2f89e6ddc0421ab10197f107afac11') in 0.0622981 seconds
Number of updated asset objects reloaded before import = 0Number of asset objects unloaded after import = 9

========================================================================
Received Import Request.
  Time since last request: 0.418007 seconds.
  path: Assets/Models/Build in Town/wallWoodDoor.fbx
  artifactKey: Guid(e66910fb9669d984abb0526504cb52be) Importer(815301076,1909f56bfc062723c751e8b465ee728b)
Start importing Assets/Models/Build in Town/wallWoodDoor.fbx using Guid(e66910fb9669d984abb0526504cb52be) Importer(815301076,1909f56bfc062723c751e8b465ee728b) (PreviewImporter) -> (artifact id: 'd87a17b24e0ef828c1de04ccfdf33e7d') in 0.0662778 seconds
Number of updated asset objects reloaded before import = 0Number of asset objects unloaded after import = 14

========================================================================
Received Import Request.
  Time since last request: 0.000031 seconds.
  path: Assets/Models/Build in Town/wallWoodDoorwaySquare.fbx
  artifactKey: Guid(107ef390400e7144aa4de1f5b43cbd90) Importer(815301076,1909f56bfc062723c751e8b465ee728b)
Start importing Assets/Models/Build in Town/wallWoodDoorwaySquare.fbx using Guid(107ef390400e7144aa4de1f5b43cbd90) Importer(815301076,1909f56bfc062723c751e8b465ee728b) (PreviewImporter) -> (artifact id: '47f022b471927a594d46019b93a3e622') in 0.0478557 seconds
Number of updated asset objects reloaded before import = 0Number of asset objects unloaded after import = 9

========================================================================
Received Import Request.
  Time since last request: 0.000026 seconds.
  path: Assets/Models/Build in Town/wallWoodRounded.fbx
  artifactKey: Guid(009c7df3b02552749bd70cfb92289fad) Importer(815301076,1909f56bfc062723c751e8b465ee728b)
Start importing Assets/Models/Build in Town/wallWoodRounded.fbx using Guid(009c7df3b02552749bd70cfb92289fad) Importer(815301076,1909f56bfc062723c751e8b465ee728b) (PreviewImporter) -> (artifact id: 'c814fdb5ddcc989ec97a0a2a0050b9c6') in 0.0427108 seconds
Number of updated asset objects reloaded before import = 0Number of asset objects unloaded after import = 9

========================================================================
Received Import Request.
  Time since last request: 0.048939 seconds.
  path: Assets/Models/Build in Town/wallWoodSlope.fbx
  artifactKey: Guid(df344125bbfe64845b3ea90d2a5b3ba5) Importer(815301076,1909f56bfc062723c751e8b465ee728b)
Start importing Assets/Models/Build in Town/wallWoodSlope.fbx using Guid(df344125bbfe64845b3ea90d2a5b3ba5) Importer(815301076,1909f56bfc062723c751e8b465ee728b) (PreviewImporter) -> (artifact id: '7bf766b4df469df46ce43e62e462dd00') in 0.0601167 seconds
Number of updated asset objects reloaded before import = 0Number of asset objects unloaded after import = 9

========================================================================
Received Import Request.
  Time since last request: 0.000048 seconds.
  path: Assets/Models/Build in Town/wallWoodWindowShutters.fbx
  artifactKey: Guid(b2342e073563569449bfaca1e6f46f7d) Importer(815301076,1909f56bfc062723c751e8b465ee728b)
Start importing Assets/Models/Build in Town/wallWoodWindowShutters.fbx using Guid(b2342e073563569449bfaca1e6f46f7d) Importer(815301076,1909f56bfc062723c751e8b465ee728b) (PreviewImporter) -> (artifact id: 'fa7df39b2caf2e8322cb8135b7ef3d30') in 0.0451098 seconds
Number of updated asset objects reloaded before import = 0Number of asset objects unloaded after import = 9

========================================================================
Received Import Request.
  Time since last request: 0.000032 seconds.
  path: Assets/Models/Build in Town/wheelchair-deluxe.fbx
  artifactKey: Guid(a7fd6efc061c7ef41a31b890e9fb998c) Importer(815301076,1909f56bfc062723c751e8b465ee728b)
Start importing Assets/Models/Build in Town/wheelchair-deluxe.fbx using Guid(a7fd6efc061c7ef41a31b890e9fb998c) Importer(815301076,1909f56bfc062723c751e8b465ee728b) (PreviewImporter) -> (artifact id: '0e6fbc84669bf339805f4334e5ee5fd7') in 0.039781 seconds
Number of updated asset objects reloaded before import = 0Number of asset objects unloaded after import = 9

========================================================================
Received Import Request.
  Time since last request: 0.000029 seconds.
  path: Assets/Models/Build in Town/wheelchair.fbx
  artifactKey: Guid(cdca3de83988cf6449ded066f791ffb5) Importer(815301076,1909f56bfc062723c751e8b465ee728b)
Start importing Assets/Models/Build in Town/wheelchair.fbx using Guid(cdca3de83988cf6449ded066f791ffb5) Importer(815301076,1909f56bfc062723c751e8b465ee728b) (PreviewImporter) -> (artifact id: 'bf5fd77cc300487f64695442a648799c') in 0.0364548 seconds
Number of updated asset objects reloaded before import = 0Number of asset objects unloaded after import = 9

========================================================================
Received Import Request.
  Time since last request: 0.000041 seconds.
  path: Assets/Models/Build in Town/wallWoodWindowRound.fbx
  artifactKey: Guid(28c79c6f1d693df4cb70de62476f2424) Importer(815301076,1909f56bfc062723c751e8b465ee728b)
Start importing Assets/Models/Build in Town/wallWoodWindowRound.fbx using Guid(28c79c6f1d693df4cb70de62476f2424) Importer(815301076,1909f56bfc062723c751e8b465ee728b) (PreviewImporter) -> (artifact id: 'b02ca6a5cdced4977a84c27bd6d0aa6b') in 0.0428192 seconds
Number of updated asset objects reloaded before import = 0Number of asset objects unloaded after import = 9

========================================================================
Received Import Request.
  Time since last request: 0.000039 seconds.
  path: Assets/Models/Build in Town/wheelchair-power-deluxe.fbx
  artifactKey: Guid(d1f73090643d6d64e89c6e0e39154769) Importer(815301076,1909f56bfc062723c751e8b465ee728b)
Start importing Assets/Models/Build in Town/wheelchair-power-deluxe.fbx using Guid(d1f73090643d6d64e89c6e0e39154769) Importer(815301076,1909f56bfc062723c751e8b465ee728b) (PreviewImporter) -> (artifact id: '9a4c2f03ee2e4f6f7ef5ec317f87f8d4') in 0.0387174 seconds
Number of updated asset objects reloaded before import = 0Number of asset objects unloaded after import = 9

========================================================================
Received Import Request.
  Time since last request: 920.107735 seconds.
  path: Assets/New Terrain.asset
  artifactKey: Guid(d8e59772eab086e4ea587506c7d60f59) Importer(815301076,1909f56bfc062723c751e8b465ee728b)
Start importing Assets/New Terrain.asset using Guid(d8e59772eab086e4ea587506c7d60f59) Importer(815301076,1909f56bfc062723c751e8b465ee728b) (PreviewImporter) -> (artifact id: 'ec2903a96d50146bdfa8458d16cd7579') in 0.0132109 seconds
Number of updated asset objects reloaded before import = 0Number of asset objects unloaded after import = 1

========================================================================
Received Import Request.
  Time since last request: 7.211891 seconds.
  path: Assets/Models/Animals/Materials
  artifactKey: Guid(d0b35a68c4133374ba08ccfba3098caa) Importer(815301076,1909f56bfc062723c751e8b465ee728b)
Start importing Assets/Models/Animals/Materials using Guid(d0b35a68c4133374ba08ccfba3098caa) Importer(815301076,1909f56bfc062723c751e8b465ee728b) (PreviewImporter) -> (artifact id: '1b1eca57854965e244059b788d1c140e') in 0.001039 seconds
Number of updated asset objects reloaded before import = 0Number of asset objects unloaded after import = 0

========================================================================
Received Import Request.
  Time since last request: 5.745856 seconds.
  path: Assets/Models/Animals/Materials/01foxtexture.mat
  artifactKey: Guid(605973e9c9c44f145807d6321039890a) Importer(815301076,1909f56bfc062723c751e8b465ee728b)
Start importing Assets/Models/Animals/Materials/01foxtexture.mat using Guid(605973e9c9c44f145807d6321039890a) Importer(815301076,1909f56bfc062723c751e8b465ee728b) (PreviewImporter) -> (artifact id: '09d3670507a9f4f73970287621ed0042') in 0.053966 seconds
Number of updated asset objects reloaded before import = 0Number of asset objects unloaded after import = 2

========================================================================
Received Import Request.
  Time since last request: 0.001485 seconds.
  path: Assets/Models/Animals/Materials/24birdtexture.mat
  artifactKey: Guid(4805dbb8b86ce174faf97f5a10547026) Importer(815301076,1909f56bfc062723c751e8b465ee728b)
Start importing Assets/Models/Animals/Materials/24birdtexture.mat using Guid(4805dbb8b86ce174faf97f5a10547026) Importer(815301076,1909f56bfc062723c751e8b465ee728b) (PreviewImporter) -> (artifact id: 'dcbc71ad2568f9544a8b70f48cf551f3') in 0.0383741 seconds
Number of updated asset objects reloaded before import = 0Number of asset objects unloaded after import = 2

========================================================================
Received Import Request.
  Time since last request: 0.000024 seconds.
  path: Assets/Models/Animals/Materials/08beartexture.mat
  artifactKey: Guid(9fe35904a0ccbb449800504d96fda3e5) Importer(815301076,1909f56bfc062723c751e8b465ee728b)
Start importing Assets/Models/Animals/Materials/08beartexture.mat using Guid(9fe35904a0ccbb449800504d96fda3e5) Importer(815301076,1909f56bfc062723c751e8b465ee728b) (PreviewImporter) -> (artifact id: 'efedbfbe3332e64530a5b5505d5c9359') in 0.0297288 seconds
Number of updated asset objects reloaded before import = 0Number of asset objects unloaded after import = 2

========================================================================
Received Import Request.
  Time since last request: 0.000029 seconds.
  path: Assets/Models/Animals/Materials/17horsetexture.mat
  artifactKey: Guid(12e242166c75ede4db4eb434de03146a) Importer(815301076,1909f56bfc062723c751e8b465ee728b)
Start importing Assets/Models/Animals/Materials/17horsetexture.mat using Guid(12e242166c75ede4db4eb434de03146a) Importer(815301076,1909f56bfc062723c751e8b465ee728b) (PreviewImporter) -> (artifact id: '23d2099957a3dd6a16418d299d8d7d07') in 0.0351646 seconds
Number of updated asset objects reloaded before import = 0Number of asset objects unloaded after import = 2

========================================================================
Received Import Request.
  Time since last request: 0.000029 seconds.
  path: Assets/Models/Animals/Materials/10sheeptexture.mat
  artifactKey: Guid(ca92554cba9a90e41b0cb0b61882a21a) Importer(815301076,1909f56bfc062723c751e8b465ee728b)
Start importing Assets/Models/Animals/Materials/10sheeptexture.mat using Guid(ca92554cba9a90e41b0cb0b61882a21a) Importer(815301076,1909f56bfc062723c751e8b465ee728b) (PreviewImporter) -> (artifact id: 'bcd306ff065edc2865ade702ec5da4cc') in 0.0290019 seconds
Number of updated asset objects reloaded before import = 0Number of asset objects unloaded after import = 2

========================================================================
Received Import Request.
  Time since last request: 0.000030 seconds.
  path: Assets/Models/Animals/Materials/13cowtexture.mat
  artifactKey: Guid(4c83ccc4ded6d234d8210fa4b251e19f) Importer(815301076,1909f56bfc062723c751e8b465ee728b)
Start importing Assets/Models/Animals/Materials/13cowtexture.mat using Guid(4c83ccc4ded6d234d8210fa4b251e19f) Importer(815301076,1909f56bfc062723c751e8b465ee728b) (PreviewImporter) -> (artifact id: '89e0fef86a6015172bec2a8500322ad3') in 0.029886 seconds
Number of updated asset objects reloaded before import = 0Number of asset objects unloaded after import = 2

========================================================================
Received Import Request.
  Time since last request: 0.000026 seconds.
  path: Assets/Models/Animals/Materials/05deertexture.mat
  artifactKey: Guid(c7298bf7dd979454188d7aef17250b6a) Importer(815301076,1909f56bfc062723c751e8b465ee728b)
Start importing Assets/Models/Animals/Materials/05deertexture.mat using Guid(c7298bf7dd979454188d7aef17250b6a) Importer(815301076,1909f56bfc062723c751e8b465ee728b) (PreviewImporter) -> (artifact id: '0491a51c67462b33817071b8aa9324ec') in 0.0281183 seconds
Number of updated asset objects reloaded before import = 0Number of asset objects unloaded after import = 2

========================================================================
Received Import Request.
  Time since last request: 0.000027 seconds.
  path: Assets/Models/Animals/Materials/14dogtexture.mat
  artifactKey: Guid(fbba9c256e7e3ba4696b8f363873f4e3) Importer(815301076,1909f56bfc062723c751e8b465ee728b)
Start importing Assets/Models/Animals/Materials/14dogtexture.mat using Guid(fbba9c256e7e3ba4696b8f363873f4e3) Importer(815301076,1909f56bfc062723c751e8b465ee728b) (PreviewImporter) -> (artifact id: 'a2e06cc734d6d1c5ff7443762f4d35c4') in 0.0272696 seconds
Number of updated asset objects reloaded before import = 0Number of asset objects unloaded after import = 2

========================================================================
Received Import Request.
  Time since last request: 0.000039 seconds.
  path: Assets/Models/Animals/Materials/15lizardtexture.mat
  artifactKey: Guid(270a7455114374c4198af9f4824aae63) Importer(815301076,1909f56bfc062723c751e8b465ee728b)
Start importing Assets/Models/Animals/Materials/15lizardtexture.mat using Guid(270a7455114374c4198af9f4824aae63) Importer(815301076,1909f56bfc062723c751e8b465ee728b) (PreviewImporter) -> (artifact id: '0180d528111e7b6bb5ce1845546a4524') in 0.0281218 seconds
Number of updated asset objects reloaded before import = 0Number of asset objects unloaded after import = 2

========================================================================
Received Import Request.
  Time since last request: 0.000048 seconds.
  path: Assets/Models/Animals/Materials/12dogtexture.mat
  artifactKey: Guid(38aee5368eaff5e469fd9a8bc12e7eca) Importer(815301076,1909f56bfc062723c751e8b465ee728b)
Start importing Assets/Models/Animals/Materials/12dogtexture.mat using Guid(38aee5368eaff5e469fd9a8bc12e7eca) Importer(815301076,1909f56bfc062723c751e8b465ee728b) (PreviewImporter) -> (artifact id: 'f1e8421ecbc5573224da45907472e2b8') in 0.0265754 seconds
Number of updated asset objects reloaded before import = 0Number of asset objects unloaded after import = 2

========================================================================
Received Import Request.
  Time since last request: 0.000032 seconds.
  path: Assets/Models/Animals/Materials/21chikentexture.mat
  artifactKey: Guid(163612546d40c4c48965c9baaf88b7f3) Importer(815301076,1909f56bfc062723c751e8b465ee728b)
Start importing Assets/Models/Animals/Materials/21chikentexture.mat using Guid(163612546d40c4c48965c9baaf88b7f3) Importer(815301076,1909f56bfc062723c751e8b465ee728b) (PreviewImporter) -> (artifact id: '55205292a6419f3bb1a0adb8dba5ea2a') in 0.0423997 seconds
Number of updated asset objects reloaded before import = 0Number of asset objects unloaded after import = 2

========================================================================
Received Import Request.
  Time since last request: 0.000025 seconds.
  path: Assets/Models/Animals/Materials/25dogtexture.mat
  artifactKey: Guid(409bdd95532e4a04093347cd115ba558) Importer(815301076,1909f56bfc062723c751e8b465ee728b)
Start importing Assets/Models/Animals/Materials/25dogtexture.mat using Guid(409bdd95532e4a04093347cd115ba558) Importer(815301076,1909f56bfc062723c751e8b465ee728b) (PreviewImporter) -> (artifact id: '16d5e10adcb01eee7fb568b70991a405') in 0.030485 seconds
Number of updated asset objects reloaded before import = 0Number of asset objects unloaded after import = 2

========================================================================
Received Import Request.
  Time since last request: 0.000032 seconds.
  path: Assets/Models/Animals/Materials/19dogtexture.mat
  artifactKey: Guid(cb5847d0d38329041b26d268f94931b1) Importer(815301076,1909f56bfc062723c751e8b465ee728b)
Start importing Assets/Models/Animals/Materials/19dogtexture.mat using Guid(cb5847d0d38329041b26d268f94931b1) Importer(815301076,1909f56bfc062723c751e8b465ee728b) (PreviewImporter) -> (artifact id: '7751df99f40dee4c4f12243812e20f52') in 0.0250923 seconds
Number of updated asset objects reloaded before import = 0Number of asset objects unloaded after import = 2

========================================================================
Received Import Request.
  Time since last request: 31.290864 seconds.
  path: Assets/Materials/Soil/Ground072_1K-JPG/Ground072_1K-JPG_AmbientOcclusion.jpg
  artifactKey: Guid(45e2fc49d3d6dc04fba7c4d5ae37d892) Importer(815301076,1909f56bfc062723c751e8b465ee728b)
Start importing Assets/Materials/Soil/Ground072_1K-JPG/Ground072_1K-JPG_AmbientOcclusion.jpg using Guid(45e2fc49d3d6dc04fba7c4d5ae37d892) Importer(815301076,1909f56bfc062723c751e8b465ee728b) (PreviewImporter) -> (artifact id: 'c89c246ed77cebff9c7abf4537196a0f') in 0.0517293 seconds
Number of updated asset objects reloaded before import = 0Number of asset objects unloaded after import = 2

========================================================================
Received Import Request.
  Time since last request: 0.000110 seconds.
  path: Assets/Materials/Soil/Ground072_1K-JPG/Ground072_1K-JPG_Displacement.jpg
  artifactKey: Guid(849e6535a03834c429eb343fbef30d1b) Importer(815301076,1909f56bfc062723c751e8b465ee728b)
Start importing Assets/Materials/Soil/Ground072_1K-JPG/Ground072_1K-JPG_Displacement.jpg using Guid(849e6535a03834c429eb343fbef30d1b) Importer(815301076,1909f56bfc062723c751e8b465ee728b) (PreviewImporter) -> (artifact id: '8fb43571e878da489566e667c8e38c62') in 0.0265888 seconds
Number of updated asset objects reloaded before import = 0Number of asset objects unloaded after import = 2

========================================================================
Received Import Request.
  Time since last request: 0.000031 seconds.
  path: Assets/Materials/Soil/Ground072_1K-JPG/Ground072_1K-JPG_Roughness.jpg
  artifactKey: Guid(72550c4d368d35540912b3f8831bfe43) Importer(815301076,1909f56bfc062723c751e8b465ee728b)
Start importing Assets/Materials/Soil/Ground072_1K-JPG/Ground072_1K-JPG_Roughness.jpg using Guid(72550c4d368d35540912b3f8831bfe43) Importer(815301076,1909f56bfc062723c751e8b465ee728b) (PreviewImporter) -> (artifact id: 'a28d2a7a4eb3b9c9ecd387a93744456e') in 0.026277 seconds
Number of updated asset objects reloaded before import = 0Number of asset objects unloaded after import = 2

========================================================================
Received Import Request.
  Time since last request: 2.481858 seconds.
  path: Assets/Materials/Soil/Ground082S_1K-JPG/Ground082S_1K-JPG_AmbientOcclusion.jpg
  artifactKey: Guid(cc5c81d62ed4ad240ba2d7320dd462a6) Importer(815301076,1909f56bfc062723c751e8b465ee728b)
Start importing Assets/Materials/Soil/Ground082S_1K-JPG/Ground082S_1K-JPG_AmbientOcclusion.jpg using Guid(cc5c81d62ed4ad240ba2d7320dd462a6) Importer(815301076,1909f56bfc062723c751e8b465ee728b) (PreviewImporter) -> (artifact id: '2c150016a012cf0544ba8a7f0dec088d') in 0.0261605 seconds
Number of updated asset objects reloaded before import = 0Number of asset objects unloaded after import = 2

========================================================================
Received Import Request.
  Time since last request: 0.010672 seconds.
  path: Assets/Materials/Soil/Ground082S_1K-JPG/Ground082S_1K-JPG_NormalDX.jpg
  artifactKey: Guid(c43aeccd0472dfc4c92bd940ec8923df) Importer(815301076,1909f56bfc062723c751e8b465ee728b)
Start importing Assets/Materials/Soil/Ground082S_1K-JPG/Ground082S_1K-JPG_NormalDX.jpg using Guid(c43aeccd0472dfc4c92bd940ec8923df) Importer(815301076,1909f56bfc062723c751e8b465ee728b) (PreviewImporter) -> (artifact id: '8bb01794cda1dc732f2d7c3089dcd20f') in 0.0231652 seconds
Number of updated asset objects reloaded before import = 0Number of asset objects unloaded after import = 2

========================================================================
Received Import Request.
  Time since last request: 0.001869 seconds.
  path: Assets/Materials/Soil/Ground082S_1K-JPG/Ground082S_1K-JPG_Roughness.jpg
  artifactKey: Guid(cdbc2267c97d06c44b543ec324d70f3b) Importer(815301076,1909f56bfc062723c751e8b465ee728b)
Start importing Assets/Materials/Soil/Ground082S_1K-JPG/Ground082S_1K-JPG_Roughness.jpg using Guid(cdbc2267c97d06c44b543ec324d70f3b) Importer(815301076,1909f56bfc062723c751e8b465ee728b) (PreviewImporter) -> (artifact id: 'e16655126d3b78f050ab474145ff6ec2') in 0.0234826 seconds
Number of updated asset objects reloaded before import = 0Number of asset objects unloaded after import = 2

