Using pre-set license
Built from '6000.0/release' branch; Version is '6000.0.29f1 (9fafe5c9db65) revision 10465253'; Using compiler version '193933523'; Build Type 'Release'
OS: 'Windows 11  (10.0.22621) 64bit Professional' Language: 'tr' Physical Memory: 15557 MB
BatchMode: 1, IsHumanControllingUs: 0, StartBugReporterOnCrash: 0, Is64bit: 1, IsPro: 1

COMMAND LINE ARGUMENTS:
C:\Program Files\Unity\Hub\Editor\6000.0.29f1\Editor\Unity.exe
-adb2
-batchMode
-noUpm
-name
AssetImportWorker0
-projectPath
C:/Users/aekka/Documents/GitHub/farmvillage
-logFile
Logs/AssetImportWorker0.log
-srvPort
50207
-job-worker-count
5
-background-job-worker-count
8
-asset-garbage-collectors
1
Successfully changed project path to: C:/Users/aekka/Documents/GitHub/farmvillage
C:/Users/aekka/Documents/GitHub/farmvillage
[UnityMemory] Configuration Parameters - Can be set up in boot.config
    "memorysetup-bucket-allocator-granularity=16"
    "memorysetup-bucket-allocator-bucket-count=8"
    "memorysetup-bucket-allocator-block-size=33554432"
    "memorysetup-bucket-allocator-block-count=8"
    "memorysetup-main-allocator-block-size=16777216"
    "memorysetup-thread-allocator-block-size=16777216"
    "memorysetup-gfx-main-allocator-block-size=16777216"
    "memorysetup-gfx-thread-allocator-block-size=16777216"
    "memorysetup-cache-allocator-block-size=4194304"
    "memorysetup-typetree-allocator-block-size=2097152"
    "memorysetup-profiler-bucket-allocator-granularity=16"
    "memorysetup-profiler-bucket-allocator-bucket-count=8"
    "memorysetup-profiler-bucket-allocator-block-size=33554432"
    "memorysetup-profiler-bucket-allocator-block-count=8"
    "memorysetup-profiler-allocator-block-size=16777216"
    "memorysetup-profiler-editor-allocator-block-size=1048576"
    "memorysetup-temp-allocator-size-main=16777216"
    "memorysetup-job-temp-allocator-block-size=2097152"
    "memorysetup-job-temp-allocator-block-size-background=1048576"
    "memorysetup-job-temp-allocator-reduction-small-platforms=262144"
    "memorysetup-allocator-temp-initial-block-size-main=262144"
    "memorysetup-allocator-temp-initial-block-size-worker=262144"
    "memorysetup-temp-allocator-size-background-worker=32768"
    "memorysetup-temp-allocator-size-job-worker=262144"
    "memorysetup-temp-allocator-size-preload-manager=33554432"
    "memorysetup-temp-allocator-size-nav-mesh-worker=65536"
    "memorysetup-temp-allocator-size-audio-worker=65536"
    "memorysetup-temp-allocator-size-cloud-worker=32768"
    "memorysetup-temp-allocator-size-gi-baking-worker=262144"
    "memorysetup-temp-allocator-size-gi-baking-worker=262144"
    "memorysetup-temp-allocator-size-gi-baking-worker=262144"
    "memorysetup-temp-allocator-size-gi-baking-worker=262144"
    "memorysetup-temp-allocator-size-gi-baking-worker=262144"
    "memorysetup-temp-allocator-size-gfx=262144"
Player connection [10068]  Target information:

Player connection [10068]  * "[IP] 192.168.1.21 [Port] 0 [Flags] 2 [Guid] 2050093344 [EditorId] 2050093344 [Version] 1048832 [Id] WindowsEditor(7,aek) [Debug] 1 [PackageName] WindowsEditor [ProjectName] Editor" 

Player connection [10068] Host joined multi-casting on [225.0.0.222:54997]...
Player connection [10068] Host joined alternative multi-casting on [225.0.0.222:34997]...
JobSystem: Creating JobQueue using job-worker-count value 5
[Physics::Module] Initialized fallback backend.
[Physics::Module] Id: 0xdecafbad
Library Redirect Path: Library/
[Physics::Module] Selected backend.
[Physics::Module] Name: PhysX
[Physics::Module] Id: 0xf2b8ea05
[Physics::Module] SDK Version: 4.1.2
[Physics::Module] Integration Version: 1.0.0
[Physics::Module] Threading Mode: Multi-Threaded
Refreshing native plugins compatible for Editor in 2.13 ms, found 3 plugins.
Preloading 0 native plugins for Editor in 0.00 ms.
Initialize engine version: 6000.0.29f1 (9fafe5c9db65)
[Subsystems] Discovering subsystems at path C:/Program Files/Unity/Hub/Editor/6000.0.29f1/Editor/Data/Resources/UnitySubsystems
[Subsystems] Discovering subsystems at path C:/Users/aekka/Documents/GitHub/farmvillage/Assets
GfxDevice: creating device client; kGfxThreadingModeNonThreaded
Direct3D:
    Version:  Direct3D 11.0 [level 11.1]
    Renderer: NVIDIA GeForce RTX 3050 Ti Laptop GPU (ID=0x25a0)
    Vendor:   NVIDIA
    VRAM:     3962 MB
    Driver:   32.0.15.6614
Initialize mono
Mono path[0] = 'C:/Program Files/Unity/Hub/Editor/6000.0.29f1/Editor/Data/Managed'
Mono path[1] = 'C:/Program Files/Unity/Hub/Editor/6000.0.29f1/Editor/Data/MonoBleedingEdge/lib/mono/unityjit-win32'
Mono config path = 'C:/Program Files/Unity/Hub/Editor/6000.0.29f1/Editor/Data/MonoBleedingEdge/etc'
Using monoOptions --debugger-agent=transport=dt_socket,embedding=1,server=y,suspend=n,address=127.0.0.1:56840
Begin MonoManager ReloadAssembly
Registering precompiled unity dll's ...
Register platform support module: C:/Program Files/Unity/Hub/Editor/6000.0.29f1/Editor/Data/PlaybackEngines/WindowsStandaloneSupport/UnityEditor.WindowsStandalone.Extensions.dll
Registered in 0.003885 seconds.
- Loaded All Assemblies, in  0.526 seconds
Native extension for WindowsStandalone target not found
Mono: successfully reloaded assembly
- Finished resetting the current domain, in  0.494 seconds
Domain Reload Profiling: 1017ms
	BeginReloadAssembly (184ms)
		ExecutionOrderSort (0ms)
		DisableScriptedObjects (0ms)
		BackupInstance (0ms)
		ReleaseScriptingObjects (0ms)
		CreateAndSetChildDomain (1ms)
	RebuildCommonClasses (58ms)
	RebuildNativeTypeToScriptingClass (15ms)
	initialDomainReloadingComplete (68ms)
	LoadAllAssembliesAndSetupDomain (198ms)
		LoadAssemblies (179ms)
		RebuildTransferFunctionScriptingTraits (0ms)
		AnalyzeDomain (194ms)
			TypeCache.Refresh (192ms)
				TypeCache.ScanAssembly (175ms)
			BuildScriptInfoCaches (0ms)
			ResolveRequiredComponents (1ms)
	FinalizeReload (494ms)
		ReleaseScriptCaches (0ms)
		RebuildScriptCaches (0ms)
		SetupLoadedEditorAssemblies (447ms)
			LogAssemblyErrors (0ms)
			InitializePlatformSupportModulesInManaged (33ms)
			SetLoadedEditorAssemblies (5ms)
			BeforeProcessingInitializeOnLoad (8ms)
			ProcessInitializeOnLoadAttributes (305ms)
			ProcessInitializeOnLoadMethodAttributes (92ms)
			AfterProcessingInitializeOnLoad (3ms)
			EditorAssembliesLoaded (0ms)
		ExecutionOrderSort2 (0ms)
		AwakeInstancesAfterBackupRestoration (0ms)
========================================================================
Worker process is ready to serve import requests
Import Worker Mode flag is 0x00
Begin MonoManager ReloadAssembly
- Loaded All Assemblies, in  0.954 seconds
Refreshing native plugins compatible for Editor in 1.61 ms, found 3 plugins.
Native extension for WindowsStandalone target not found
Mono: successfully reloaded assembly
- Finished resetting the current domain, in  0.924 seconds
Domain Reload Profiling: 1872ms
	BeginReloadAssembly (306ms)
		ExecutionOrderSort (0ms)
		DisableScriptedObjects (11ms)
		BackupInstance (0ms)
		ReleaseScriptingObjects (0ms)
		CreateAndSetChildDomain (99ms)
	RebuildCommonClasses (51ms)
	RebuildNativeTypeToScriptingClass (15ms)
	initialDomainReloadingComplete (47ms)
	LoadAllAssembliesAndSetupDomain (529ms)
		LoadAssemblies (400ms)
		RebuildTransferFunctionScriptingTraits (0ms)
		AnalyzeDomain (265ms)
			TypeCache.Refresh (202ms)
				TypeCache.ScanAssembly (184ms)
			BuildScriptInfoCaches (52ms)
			ResolveRequiredComponents (6ms)
	FinalizeReload (924ms)
		ReleaseScriptCaches (0ms)
		RebuildScriptCaches (0ms)
		SetupLoadedEditorAssemblies (773ms)
			LogAssemblyErrors (0ms)
			InitializePlatformSupportModulesInManaged (4ms)
			SetLoadedEditorAssemblies (6ms)
			BeforeProcessingInitializeOnLoad (84ms)
			ProcessInitializeOnLoadAttributes (623ms)
			ProcessInitializeOnLoadMethodAttributes (44ms)
			AfterProcessingInitializeOnLoad (11ms)
			EditorAssembliesLoaded (0ms)
		ExecutionOrderSort2 (0ms)
		AwakeInstancesAfterBackupRestoration (9ms)
Launched and connected shader compiler UnityShaderCompiler.exe after 0.02 seconds
Refreshing native plugins compatible for Editor in 1.50 ms, found 3 plugins.
Preloading 0 native plugins for Editor in 0.00 ms.
Unloading 23 Unused Serialized files (Serialized files now loaded: 0)
Unloading 3300 unused Assets / (0.9 MB). Loaded Objects now: 3804.
Memory consumption went from 88.7 MB to 87.8 MB.
Total: 12.870200 ms (FindLiveObjects: 0.907200 ms CreateObjectMapping: 0.909700 ms MarkObjects: 8.744000 ms  DeleteObjects: 2.306600 ms)

========================================================================
Received Import Request.
  Time since last request: 72943.535631 seconds.
  path: Assets/Kodland_PostProcessing/Enviroment/Materials
  artifactKey: Guid(8ebb527547e00834bb38dd05f7664656) Importer(815301076,1909f56bfc062723c751e8b465ee728b)
Start importing Assets/Kodland_PostProcessing/Enviroment/Materials using Guid(8ebb527547e00834bb38dd05f7664656) Importer(815301076,1909f56bfc062723c751e8b465ee728b) (PreviewImporter) -> (artifact id: 'd4dc75e240f29022bb480ce976d70d8d') in 0.0110124 seconds
Number of updated asset objects reloaded before import = 0Number of asset objects unloaded after import = 0

========================================================================
Received Import Request.
  Time since last request: 0.000038 seconds.
  path: Assets/Kodland_PostProcessing/Enviroment/Materials/PP_Ground.mat
  artifactKey: Guid(2f984dd1b63fbc24abdd916834492e6e) Importer(815301076,1909f56bfc062723c751e8b465ee728b)
Start importing Assets/Kodland_PostProcessing/Enviroment/Materials/PP_Ground.mat using Guid(2f984dd1b63fbc24abdd916834492e6e) Importer(815301076,1909f56bfc062723c751e8b465ee728b) (PreviewImporter) -> (artifact id: '796bf6965da4c9a3bed1eb707be31b5c') in 0.1928708 seconds
Number of updated asset objects reloaded before import = 0Number of asset objects unloaded after import = 1

========================================================================
Received Import Request.
  Time since last request: 5.734524 seconds.
  path: Assets/TextMesh Pro
  artifactKey: Guid(f54d1bd14bd3ca042bd867b519fee8cc) Importer(815301076,1909f56bfc062723c751e8b465ee728b)
Start importing Assets/TextMesh Pro using Guid(f54d1bd14bd3ca042bd867b519fee8cc) Importer(815301076,1909f56bfc062723c751e8b465ee728b) (PreviewImporter) -> (artifact id: '9d9fb0228d58a6cbacf333d75f72b4ab') in 0.0011361 seconds
Number of updated asset objects reloaded before import = 0Number of asset objects unloaded after import = 0

========================================================================
Received Import Request.
  Time since last request: 2.155890 seconds.
  path: Assets/Tractor
  artifactKey: Guid(786e4a2853089064f8eee9fc0c67b4ae) Importer(815301076,1909f56bfc062723c751e8b465ee728b)
Start importing Assets/Tractor using Guid(786e4a2853089064f8eee9fc0c67b4ae) Importer(815301076,1909f56bfc062723c751e8b465ee728b) (PreviewImporter) -> (artifact id: 'd929d62e2ea8607dd1a9a7e82b1b60ca') in 0.0008898 seconds
Number of updated asset objects reloaded before import = 0Number of asset objects unloaded after import = 0

========================================================================
Received Import Request.
  Time since last request: 0.076987 seconds.
  path: Assets/Tractor/tractor.prefab
  artifactKey: Guid(d079acd26f7990b409b3c9d5b36745b9) Importer(815301076,1909f56bfc062723c751e8b465ee728b)
Start importing Assets/Tractor/tractor.prefab using Guid(d079acd26f7990b409b3c9d5b36745b9) Importer(815301076,1909f56bfc062723c751e8b465ee728b) (PreviewImporter) -> (artifact id: '88239c3348e932c63ae5d2d8ad0bbea9') in 0.1744833 seconds
Number of updated asset objects reloaded before import = 0Number of asset objects unloaded after import = 97

========================================================================
Received Import Request.
  Time since last request: 1.589201 seconds.
  path: Assets/UI Casual
  artifactKey: Guid(795e20a162a78ff479a5ace1f288f26f) Importer(815301076,1909f56bfc062723c751e8b465ee728b)
Start importing Assets/UI Casual using Guid(795e20a162a78ff479a5ace1f288f26f) Importer(815301076,1909f56bfc062723c751e8b465ee728b) (PreviewImporter) -> (artifact id: '55ffa27ade29ff8656b58e55885afc87') in 0.0013326 seconds
Number of updated asset objects reloaded before import = 0Number of asset objects unloaded after import = 0

========================================================================
Received Import Request.
  Time since last request: 1.855642 seconds.
  path: Assets/Scenes
  artifactKey: Guid(b606c83bf6895614c852441ba308bb9f) Importer(815301076,1909f56bfc062723c751e8b465ee728b)
Start importing Assets/Scenes using Guid(b606c83bf6895614c852441ba308bb9f) Importer(815301076,1909f56bfc062723c751e8b465ee728b) (PreviewImporter) -> (artifact id: 'a36b6dbd98553755e44e006fda466725') in 0.0011424 seconds
Number of updated asset objects reloaded before import = 0Number of asset objects unloaded after import = 0

========================================================================
Received Import Request.
  Time since last request: 1.823538 seconds.
  path: Assets/Prefabs/character-female-e.prefab
  artifactKey: Guid(ca959716c753a0c4e82cd62d093ed4e9) Importer(815301076,1909f56bfc062723c751e8b465ee728b)
Start importing Assets/Prefabs/character-female-e.prefab using Guid(ca959716c753a0c4e82cd62d093ed4e9) Importer(815301076,1909f56bfc062723c751e8b465ee728b) (PreviewImporter) -> (artifact id: '167ba2647448d76bb7230e6e12e00664') in 0.0701057 seconds
Number of updated asset objects reloaded before import = 0Number of asset objects unloaded after import = 71

========================================================================
Received Import Request.
  Time since last request: 6.868283 seconds.
  path: Assets/Models/Terrain
  artifactKey: Guid(e89e096b0863d4f4ab4655afe5afb068) Importer(815301076,1909f56bfc062723c751e8b465ee728b)
Start importing Assets/Models/Terrain using Guid(e89e096b0863d4f4ab4655afe5afb068) Importer(815301076,1909f56bfc062723c751e8b465ee728b) (PreviewImporter) -> (artifact id: '035979b008b274fdbc98a7dff620bdd7') in 0.0009822 seconds
Number of updated asset objects reloaded before import = 0Number of asset objects unloaded after import = 0

========================================================================
Received Import Request.
  Time since last request: 3.432791 seconds.
  path: Assets/Models/Terrain/ambulance.fbx
  artifactKey: Guid(1f7cd3b1cc5707047ae58eace65fe615) Importer(815301076,1909f56bfc062723c751e8b465ee728b)
Start importing Assets/Models/Terrain/ambulance.fbx using Guid(1f7cd3b1cc5707047ae58eace65fe615) Importer(815301076,1909f56bfc062723c751e8b465ee728b) (PreviewImporter) -> (artifact id: '15b3a43d5b720bb6d95b0ec1129b9be4') in 0.1776042 seconds
Number of updated asset objects reloaded before import = 0Number of asset objects unloaded after import = 41

========================================================================
Received Import Request.
  Time since last request: 0.000056 seconds.
  path: Assets/Models/Terrain/bridge_center_wood.fbx
  artifactKey: Guid(f3af82294f396f14a8a03a054eb8550e) Importer(815301076,1909f56bfc062723c751e8b465ee728b)
Start importing Assets/Models/Terrain/bridge_center_wood.fbx using Guid(f3af82294f396f14a8a03a054eb8550e) Importer(815301076,1909f56bfc062723c751e8b465ee728b) (PreviewImporter) -> (artifact id: 'e5cd97acc6b6b65c5a3602ee45fc9e9a') in 0.0532752 seconds
Number of updated asset objects reloaded before import = 0Number of asset objects unloaded after import = 10

========================================================================
Received Import Request.
  Time since last request: 0.000089 seconds.
  path: Assets/Models/Terrain/bridge_stoneNarrow.fbx
  artifactKey: Guid(b75c30c4759e3d54180d41596d77d4d1) Importer(815301076,1909f56bfc062723c751e8b465ee728b)
Start importing Assets/Models/Terrain/bridge_stoneNarrow.fbx using Guid(b75c30c4759e3d54180d41596d77d4d1) Importer(815301076,1909f56bfc062723c751e8b465ee728b) (PreviewImporter) -> (artifact id: '8281dd6e421fa36676087c82d0e55924') in 0.039658 seconds
Number of updated asset objects reloaded before import = 0Number of asset objects unloaded after import = 9

========================================================================
Received Import Request.
  Time since last request: 0.000047 seconds.
  path: Assets/Models/Terrain/bridge_center_stoneRound.fbx
  artifactKey: Guid(2520966b8554ab548a30f293420d242a) Importer(815301076,1909f56bfc062723c751e8b465ee728b)
Start importing Assets/Models/Terrain/bridge_center_stoneRound.fbx using Guid(2520966b8554ab548a30f293420d242a) Importer(815301076,1909f56bfc062723c751e8b465ee728b) (PreviewImporter) -> (artifact id: '309d96519e7cb96d905b3f24b55f1b73') in 0.0386709 seconds
Number of updated asset objects reloaded before import = 0Number of asset objects unloaded after import = 9

========================================================================
Received Import Request.
  Time since last request: 0.000050 seconds.
  path: Assets/Models/Terrain/bridge_woodRoundNarrow.fbx
  artifactKey: Guid(70b2fb0baa8f5ad4c890f5d5f7dee869) Importer(815301076,1909f56bfc062723c751e8b465ee728b)
Start importing Assets/Models/Terrain/bridge_woodRoundNarrow.fbx using Guid(70b2fb0baa8f5ad4c890f5d5f7dee869) Importer(815301076,1909f56bfc062723c751e8b465ee728b) (PreviewImporter) -> (artifact id: '7f726bf47d8904ed644a76c772819bce') in 0.0508577 seconds
Number of updated asset objects reloaded before import = 0Number of asset objects unloaded after import = 11

========================================================================
Received Import Request.
  Time since last request: 0.000228 seconds.
  path: Assets/Models/Terrain/campfire_planks.fbx
  artifactKey: Guid(19453c7d267da5d48bb5be47947af9c5) Importer(815301076,1909f56bfc062723c751e8b465ee728b)
Start importing Assets/Models/Terrain/campfire_planks.fbx using Guid(19453c7d267da5d48bb5be47947af9c5) Importer(815301076,1909f56bfc062723c751e8b465ee728b) (PreviewImporter) -> (artifact id: '6e548c4d8333499f983ce9c83f017ae3') in 0.0401523 seconds
Number of updated asset objects reloaded before import = 0Number of asset objects unloaded after import = 8

========================================================================
Received Import Request.
  Time since last request: 0.000042 seconds.
  path: Assets/Models/Terrain/bridge_stoneRoundNarrow.fbx
  artifactKey: Guid(660b6d39ecdf49944a42f2607a34957e) Importer(815301076,1909f56bfc062723c751e8b465ee728b)
Start importing Assets/Models/Terrain/bridge_stoneRoundNarrow.fbx using Guid(660b6d39ecdf49944a42f2607a34957e) Importer(815301076,1909f56bfc062723c751e8b465ee728b) (PreviewImporter) -> (artifact id: 'c821e33dbf7e6c7424bd9038fd983945') in 0.0454918 seconds
Number of updated asset objects reloaded before import = 0Number of asset objects unloaded after import = 9

========================================================================
Received Import Request.
  Time since last request: 0.000044 seconds.
  path: Assets/Models/Terrain/cactus_tall.fbx
  artifactKey: Guid(916fec01c3b3b544da34f1223775d7e7) Importer(815301076,1909f56bfc062723c751e8b465ee728b)
Start importing Assets/Models/Terrain/cactus_tall.fbx using Guid(916fec01c3b3b544da34f1223775d7e7) Importer(815301076,1909f56bfc062723c751e8b465ee728b) (PreviewImporter) -> (artifact id: 'e850fe734b7f5f74d04721865c9069df') in 0.0375582 seconds
Number of updated asset objects reloaded before import = 0Number of asset objects unloaded after import = 8

========================================================================
Received Import Request.
  Time since last request: 0.000063 seconds.
  path: Assets/Models/Terrain/bridge_center_stone.fbx
  artifactKey: Guid(fa4b54b408c6c9240a1f5d86ab7f08a0) Importer(815301076,1909f56bfc062723c751e8b465ee728b)
Start importing Assets/Models/Terrain/bridge_center_stone.fbx using Guid(fa4b54b408c6c9240a1f5d86ab7f08a0) Importer(815301076,1909f56bfc062723c751e8b465ee728b) (PreviewImporter) -> (artifact id: '3ac27c18454ea522c84de6e9ca022714') in 0.045981 seconds
Number of updated asset objects reloaded before import = 0Number of asset objects unloaded after import = 9

========================================================================
Received Import Request.
  Time since last request: 0.000053 seconds.
  path: Assets/Models/Terrain/bridge_side_wood.fbx
  artifactKey: Guid(7e35afa22e157694d9a833b011132fec) Importer(815301076,1909f56bfc062723c751e8b465ee728b)
Start importing Assets/Models/Terrain/bridge_side_wood.fbx using Guid(7e35afa22e157694d9a833b011132fec) Importer(815301076,1909f56bfc062723c751e8b465ee728b) (PreviewImporter) -> (artifact id: 'ae14458823678221f4564644b4a0fc7e') in 0.0587471 seconds
Number of updated asset objects reloaded before import = 0Number of asset objects unloaded after import = 10

========================================================================
Received Import Request.
  Time since last request: 0.000049 seconds.
  path: Assets/Models/Terrain/bridge_stoneRound.fbx
  artifactKey: Guid(e9c02e08a43235e4793ae66eb40915ad) Importer(815301076,1909f56bfc062723c751e8b465ee728b)
Start importing Assets/Models/Terrain/bridge_stoneRound.fbx using Guid(e9c02e08a43235e4793ae66eb40915ad) Importer(815301076,1909f56bfc062723c751e8b465ee728b) (PreviewImporter) -> (artifact id: 'd4a622ab80e65aeb2a6793b938f790cc') in 0.0436283 seconds
Number of updated asset objects reloaded before import = 0Number of asset objects unloaded after import = 9

========================================================================
Received Import Request.
  Time since last request: 0.000041 seconds.
  path: Assets/Models/Terrain/bridge_side_stone.fbx
  artifactKey: Guid(ba050ef48f50a994c8c78a775c1eb823) Importer(815301076,1909f56bfc062723c751e8b465ee728b)
Start importing Assets/Models/Terrain/bridge_side_stone.fbx using Guid(ba050ef48f50a994c8c78a775c1eb823) Importer(815301076,1909f56bfc062723c751e8b465ee728b) (PreviewImporter) -> (artifact id: 'cd9a37db42889c4a20344687d1a0dcf1') in 0.0354727 seconds
Number of updated asset objects reloaded before import = 0Number of asset objects unloaded after import = 9

========================================================================
Received Import Request.
  Time since last request: 0.000036 seconds.
  path: Assets/Models/Terrain/canoe.fbx
  artifactKey: Guid(63709a45da52c61439c895d565650de2) Importer(815301076,1909f56bfc062723c751e8b465ee728b)
Start importing Assets/Models/Terrain/canoe.fbx using Guid(63709a45da52c61439c895d565650de2) Importer(815301076,1909f56bfc062723c751e8b465ee728b) (PreviewImporter) -> (artifact id: 'd189609c0009162b24b584bee9cbe175') in 0.041865 seconds
Number of updated asset objects reloaded before import = 0Number of asset objects unloaded after import = 9

========================================================================
Received Import Request.
  Time since last request: 0.000057 seconds.
  path: Assets/Models/Terrain/canoe_paddle.fbx
  artifactKey: Guid(fe4ecb2056247c443bcce28c4cccbeb6) Importer(815301076,1909f56bfc062723c751e8b465ee728b)
Start importing Assets/Models/Terrain/canoe_paddle.fbx using Guid(fe4ecb2056247c443bcce28c4cccbeb6) Importer(815301076,1909f56bfc062723c751e8b465ee728b) (PreviewImporter) -> (artifact id: '5b4acb1b3b70d93a527162b3bfb14b25') in 0.0369039 seconds
Number of updated asset objects reloaded before import = 0Number of asset objects unloaded after import = 8

========================================================================
Received Import Request.
  Time since last request: 11.380678 seconds.
  path: Assets/Models/Terrain/cliff_blockCave_stone.fbx
  artifactKey: Guid(1b042cab9ff41b94da5c7fd559a422cc) Importer(815301076,1909f56bfc062723c751e8b465ee728b)
Start importing Assets/Models/Terrain/cliff_blockCave_stone.fbx using Guid(1b042cab9ff41b94da5c7fd559a422cc) Importer(815301076,1909f56bfc062723c751e8b465ee728b) (PreviewImporter) -> (artifact id: 'cb0453b4a9ec2b0ce96facd62f18191a') in 0.0459706 seconds
Number of updated asset objects reloaded before import = 0Number of asset objects unloaded after import = 9

========================================================================
Received Import Request.
  Time since last request: 0.000060 seconds.
  path: Assets/Models/Terrain/cliff_cave_rock.fbx
  artifactKey: Guid(4c7b8f9ff6aaadc42b846376468b9296) Importer(815301076,1909f56bfc062723c751e8b465ee728b)
Start importing Assets/Models/Terrain/cliff_cave_rock.fbx using Guid(4c7b8f9ff6aaadc42b846376468b9296) Importer(815301076,1909f56bfc062723c751e8b465ee728b) (PreviewImporter) -> (artifact id: 'c2fca0b93b47018d08caddbc342db825') in 0.0405203 seconds
Number of updated asset objects reloaded before import = 0Number of asset objects unloaded after import = 8

========================================================================
Received Import Request.
  Time since last request: 0.000063 seconds.
  path: Assets/Models/Terrain/cliff_cornerInner_rock.fbx
  artifactKey: Guid(4b6ced2bca536164783d7980dcf7ca87) Importer(815301076,1909f56bfc062723c751e8b465ee728b)
Start importing Assets/Models/Terrain/cliff_cornerInner_rock.fbx using Guid(4b6ced2bca536164783d7980dcf7ca87) Importer(815301076,1909f56bfc062723c751e8b465ee728b) (PreviewImporter) -> (artifact id: '6466b5e00f0443942321a41f700ff6c5') in 0.0394172 seconds
Number of updated asset objects reloaded before import = 0Number of asset objects unloaded after import = 8

========================================================================
Received Import Request.
  Time since last request: 0.000068 seconds.
  path: Assets/Models/Terrain/cliff_blockSlopeWalls_stone.fbx
  artifactKey: Guid(cb8d7fd155e64cc4592939d61511ee8e) Importer(815301076,1909f56bfc062723c751e8b465ee728b)
Start importing Assets/Models/Terrain/cliff_blockSlopeWalls_stone.fbx using Guid(cb8d7fd155e64cc4592939d61511ee8e) Importer(815301076,1909f56bfc062723c751e8b465ee728b) (PreviewImporter) -> (artifact id: 'fdc7cb56f87840564e9b69918ee0fc7f') in 0.0682609 seconds
Number of updated asset objects reloaded before import = 0Number of asset objects unloaded after import = 9

========================================================================
Received Import Request.
  Time since last request: 0.000053 seconds.
  path: Assets/Models/Terrain/cliff_blockSlope_stone.fbx
  artifactKey: Guid(64004ce0f86e06641b1481517d432751) Importer(815301076,1909f56bfc062723c751e8b465ee728b)
Start importing Assets/Models/Terrain/cliff_blockSlope_stone.fbx using Guid(64004ce0f86e06641b1481517d432751) Importer(815301076,1909f56bfc062723c751e8b465ee728b) (PreviewImporter) -> (artifact id: 'a4e7afc348e4e432d1877891f743d0a5') in 0.0517667 seconds
Number of updated asset objects reloaded before import = 0Number of asset objects unloaded after import = 9

========================================================================
Received Import Request.
  Time since last request: 0.000046 seconds.
  path: Assets/Models/Terrain/cliff_cornerInner_stone.fbx
  artifactKey: Guid(4ffb71f38abbc1d4f9939b29d8dd58a9) Importer(815301076,1909f56bfc062723c751e8b465ee728b)
Start importing Assets/Models/Terrain/cliff_cornerInner_stone.fbx using Guid(4ffb71f38abbc1d4f9939b29d8dd58a9) Importer(815301076,1909f56bfc062723c751e8b465ee728b) (PreviewImporter) -> (artifact id: '3f08066073ca71858f64f292a0bba237') in 0.0378002 seconds
Number of updated asset objects reloaded before import = 0Number of asset objects unloaded after import = 8

========================================================================
Received Import Request.
  Time since last request: 0.000036 seconds.
  path: Assets/Models/Terrain/cliff_blockHalf_stone.fbx
  artifactKey: Guid(40388c8ac559b6d4eaacb1c4af43a45c) Importer(815301076,1909f56bfc062723c751e8b465ee728b)
Start importing Assets/Models/Terrain/cliff_blockHalf_stone.fbx using Guid(40388c8ac559b6d4eaacb1c4af43a45c) Importer(815301076,1909f56bfc062723c751e8b465ee728b) (PreviewImporter) -> (artifact id: '67eba6fc4529dbe37a6072d1428b39d2') in 0.0459528 seconds
Number of updated asset objects reloaded before import = 0Number of asset objects unloaded after import = 9

========================================================================
Received Import Request.
  Time since last request: 0.000053 seconds.
  path: Assets/Models/Terrain/cliff_blockSlopeHalfWalls_stone.fbx
  artifactKey: Guid(a8b2ccf299f3d4340bfff780e895d4f2) Importer(815301076,1909f56bfc062723c751e8b465ee728b)
Start importing Assets/Models/Terrain/cliff_blockSlopeHalfWalls_stone.fbx using Guid(a8b2ccf299f3d4340bfff780e895d4f2) Importer(815301076,1909f56bfc062723c751e8b465ee728b) (PreviewImporter) -> (artifact id: 'ad53bd2889303f1e5724b0b05b2d1193') in 0.0443852 seconds
Number of updated asset objects reloaded before import = 0Number of asset objects unloaded after import = 9

========================================================================
Received Import Request.
  Time since last request: 0.000036 seconds.
  path: Assets/Models/Terrain/cliff_blockSlopeWalls_rock.fbx
  artifactKey: Guid(83d1605be048e0b4d9c5ac367c8136b3) Importer(815301076,1909f56bfc062723c751e8b465ee728b)
Start importing Assets/Models/Terrain/cliff_blockSlopeWalls_rock.fbx using Guid(83d1605be048e0b4d9c5ac367c8136b3) Importer(815301076,1909f56bfc062723c751e8b465ee728b) (PreviewImporter) -> (artifact id: 'ee747003ddd51e057d5f5527ff82e88e') in 0.0589791 seconds
Number of updated asset objects reloaded before import = 0Number of asset objects unloaded after import = 9

========================================================================
Received Import Request.
  Time since last request: 11.362533 seconds.
  path: Assets/Models/Road/bridge_pillarWide.fbx
  artifactKey: Guid(0b60a24dc80bb99458a535cb5e583bb4) Importer(815301076,1909f56bfc062723c751e8b465ee728b)
Start importing Assets/Models/Road/bridge_pillarWide.fbx using Guid(0b60a24dc80bb99458a535cb5e583bb4) Importer(815301076,1909f56bfc062723c751e8b465ee728b) (PreviewImporter) -> (artifact id: '95cf729370b698409a00122d6152dff7') in 0.0723131 seconds
Number of updated asset objects reloaded before import = 0Number of asset objects unloaded after import = 9

========================================================================
Received Import Request.
  Time since last request: 0.000043 seconds.
  path: Assets/Models/Road/light_curvedCross.fbx
  artifactKey: Guid(a20466a7dba1bdd438e67c8c030680b3) Importer(815301076,1909f56bfc062723c751e8b465ee728b)
Start importing Assets/Models/Road/light_curvedCross.fbx using Guid(a20466a7dba1bdd438e67c8c030680b3) Importer(815301076,1909f56bfc062723c751e8b465ee728b) (PreviewImporter) -> (artifact id: '3db5196803393c0727c3ab891b5bec30') in 0.062277 seconds
Number of updated asset objects reloaded before import = 0Number of asset objects unloaded after import = 10

========================================================================
Received Import Request.
  Time since last request: 0.000051 seconds.
  path: Assets/Models/Road/light_square.fbx
  artifactKey: Guid(47f8974176c3a704e81a5151c9281e02) Importer(815301076,1909f56bfc062723c751e8b465ee728b)
Start importing Assets/Models/Road/light_square.fbx using Guid(47f8974176c3a704e81a5151c9281e02) Importer(815301076,1909f56bfc062723c751e8b465ee728b) (PreviewImporter) -> (artifact id: '5e37c3d2d5dedb0b938c294188dd026a') in 0.0416388 seconds
Number of updated asset objects reloaded before import = 0Number of asset objects unloaded after import = 9

========================================================================
Received Import Request.
  Time since last request: 0.000049 seconds.
  path: Assets/Models/Road/road_curveBarrier.fbx
  artifactKey: Guid(16a85af7ab84ed24ca6094a640b76744) Importer(815301076,1909f56bfc062723c751e8b465ee728b)
Start importing Assets/Models/Road/road_curveBarrier.fbx using Guid(16a85af7ab84ed24ca6094a640b76744) Importer(815301076,1909f56bfc062723c751e8b465ee728b) (PreviewImporter) -> (artifact id: 'b7a6f82e56fb38065f6ba3b48758662d') in 0.0393208 seconds
Number of updated asset objects reloaded before import = 0Number of asset objects unloaded after import = 8

========================================================================
Received Import Request.
  Time since last request: 0.000033 seconds.
  path: Assets/Models/Road/road_drivewaySingleBarrier.fbx
  artifactKey: Guid(769752d706de8d74db91d404b0f56e22) Importer(815301076,1909f56bfc062723c751e8b465ee728b)
Start importing Assets/Models/Road/road_drivewaySingleBarrier.fbx using Guid(769752d706de8d74db91d404b0f56e22) Importer(815301076,1909f56bfc062723c751e8b465ee728b) (PreviewImporter) -> (artifact id: '7fa3b555a81e08d348b5d636cbc661a2') in 0.0385947 seconds
Number of updated asset objects reloaded before import = 0Number of asset objects unloaded after import = 8

========================================================================
Received Import Request.
  Time since last request: 0.000031 seconds.
  path: Assets/Models/Road/light_squareCross.fbx
  artifactKey: Guid(4838959944181fb4a8589862ebb8b5ba) Importer(815301076,1909f56bfc062723c751e8b465ee728b)
Start importing Assets/Models/Road/light_squareCross.fbx using Guid(4838959944181fb4a8589862ebb8b5ba) Importer(815301076,1909f56bfc062723c751e8b465ee728b) (PreviewImporter) -> (artifact id: '18db505f1302b059d6222a94cc6dc06a') in 0.0411057 seconds
Number of updated asset objects reloaded before import = 0Number of asset objects unloaded after import = 9

========================================================================
Received Import Request.
  Time since last request: 0.000036 seconds.
  path: Assets/Models/Road/light_squareDouble.fbx
  artifactKey: Guid(e30ce944c0234b942bb586e7f8a858aa) Importer(815301076,1909f56bfc062723c751e8b465ee728b)
Start importing Assets/Models/Road/light_squareDouble.fbx using Guid(e30ce944c0234b942bb586e7f8a858aa) Importer(815301076,1909f56bfc062723c751e8b465ee728b) (PreviewImporter) -> (artifact id: '81e1c0896a3118a824bca86395977358') in 0.0393632 seconds
Number of updated asset objects reloaded before import = 0Number of asset objects unloaded after import = 9

========================================================================
Received Import Request.
  Time since last request: 0.000047 seconds.
  path: Assets/Models/Road/construction_pylon.fbx
  artifactKey: Guid(6f03b12a33ed8084ea658356765bc555) Importer(815301076,1909f56bfc062723c751e8b465ee728b)
Start importing Assets/Models/Road/construction_pylon.fbx using Guid(6f03b12a33ed8084ea658356765bc555) Importer(815301076,1909f56bfc062723c751e8b465ee728b) (PreviewImporter) -> (artifact id: 'cdbc1179569269458a4328458d8e1744') in 0.0465874 seconds
Number of updated asset objects reloaded before import = 0Number of asset objects unloaded after import = 9

========================================================================
Received Import Request.
  Time since last request: 0.000047 seconds.
  path: Assets/Models/Road/road_crossing.fbx
  artifactKey: Guid(6e1f0a02b35323746be1414c5bd6a2b0) Importer(815301076,1909f56bfc062723c751e8b465ee728b)
Start importing Assets/Models/Road/road_crossing.fbx using Guid(6e1f0a02b35323746be1414c5bd6a2b0) Importer(815301076,1909f56bfc062723c751e8b465ee728b) (PreviewImporter) -> (artifact id: '6e6a68b68cf1e2c2cf5d2e4993199582') in 0.0573747 seconds
Number of updated asset objects reloaded before import = 0Number of asset objects unloaded after import = 11

========================================================================
Received Import Request.
  Time since last request: 0.000039 seconds.
  path: Assets/Models/Road/road_crossroadBarrier.fbx
  artifactKey: Guid(385e10563f72ac54abe6c0bef3250c05) Importer(815301076,1909f56bfc062723c751e8b465ee728b)
Start importing Assets/Models/Road/road_crossroadBarrier.fbx using Guid(385e10563f72ac54abe6c0bef3250c05) Importer(815301076,1909f56bfc062723c751e8b465ee728b) (PreviewImporter) -> (artifact id: '678ec148d2525e38f7b990ae6095727c') in 0.0378486 seconds
Number of updated asset objects reloaded before import = 0Number of asset objects unloaded after import = 8

========================================================================
Received Import Request.
  Time since last request: 0.000063 seconds.
  path: Assets/Models/Road/road_bendSidewalk.fbx
  artifactKey: Guid(6c95493a01eb8e94aa8bd7544b9e6679) Importer(815301076,1909f56bfc062723c751e8b465ee728b)
Start importing Assets/Models/Road/road_bendSidewalk.fbx using Guid(6c95493a01eb8e94aa8bd7544b9e6679) Importer(815301076,1909f56bfc062723c751e8b465ee728b) (PreviewImporter) -> (artifact id: 'e7bf161f6db89b0ae0d778543e408d4a') in 0.0589538 seconds
Number of updated asset objects reloaded before import = 0Number of asset objects unloaded after import = 11

Editor requested this worker to shutdown with reason: Scaling down because of idle timeout
AssetImportWorker is now disconnected from the server
Process exiting
Exiting without the bug reporter. Application will terminate with return code 0