Using pre-set license
Built from '6000.0/release' branch; Version is '6000.0.29f1 (9fafe5c9db65) revision 10465253'; Using compiler version '193933523'; Build Type 'Release'
OS: 'Windows 11  (10.0.22621) 64bit Professional' Language: 'tr' Physical Memory: 15557 MB
BatchMode: 1, IsHumanControllingUs: 0, StartBugReporterOnCrash: 0, Is64bit: 1, IsPro: 1

COMMAND LINE ARGUMENTS:
C:\Program Files\Unity\Hub\Editor\6000.0.29f1\Editor\Unity.exe
-adb2
-batchMode
-noUpm
-name
AssetImportWorker2
-projectPath
C:/Users/aekka/Documents/GitHub/farmvillage
-logFile
Logs/AssetImportWorker2.log
-srvPort
53608
-job-worker-count
5
-background-job-worker-count
8
-asset-garbage-collectors
1
Successfully changed project path to: C:/Users/aekka/Documents/GitHub/farmvillage
C:/Users/aekka/Documents/GitHub/farmvillage
[UnityMemory] Configuration Parameters - Can be set up in boot.config
    "memorysetup-bucket-allocator-granularity=16"
    "memorysetup-bucket-allocator-bucket-count=8"
    "memorysetup-bucket-allocator-block-size=33554432"
    "memorysetup-bucket-allocator-block-count=8"
    "memorysetup-main-allocator-block-size=16777216"
    "memorysetup-thread-allocator-block-size=16777216"
    "memorysetup-gfx-main-allocator-block-size=16777216"
    "memorysetup-gfx-thread-allocator-block-size=16777216"
    "memorysetup-cache-allocator-block-size=4194304"
    "memorysetup-typetree-allocator-block-size=2097152"
    "memorysetup-profiler-bucket-allocator-granularity=16"
    "memorysetup-profiler-bucket-allocator-bucket-count=8"
    "memorysetup-profiler-bucket-allocator-block-size=33554432"
    "memorysetup-profiler-bucket-allocator-block-count=8"
    "memorysetup-profiler-allocator-block-size=16777216"
    "memorysetup-profiler-editor-allocator-block-size=1048576"
    "memorysetup-temp-allocator-size-main=16777216"
    "memorysetup-job-temp-allocator-block-size=2097152"
    "memorysetup-job-temp-allocator-block-size-background=1048576"
    "memorysetup-job-temp-allocator-reduction-small-platforms=262144"
    "memorysetup-allocator-temp-initial-block-size-main=262144"
    "memorysetup-allocator-temp-initial-block-size-worker=262144"
    "memorysetup-temp-allocator-size-background-worker=32768"
    "memorysetup-temp-allocator-size-job-worker=262144"
    "memorysetup-temp-allocator-size-preload-manager=33554432"
    "memorysetup-temp-allocator-size-nav-mesh-worker=65536"
    "memorysetup-temp-allocator-size-audio-worker=65536"
    "memorysetup-temp-allocator-size-cloud-worker=32768"
    "memorysetup-temp-allocator-size-gi-baking-worker=262144"
    "memorysetup-temp-allocator-size-gi-baking-worker=262144"
    "memorysetup-temp-allocator-size-gi-baking-worker=262144"
    "memorysetup-temp-allocator-size-gi-baking-worker=262144"
    "memorysetup-temp-allocator-size-gi-baking-worker=262144"
    "memorysetup-temp-allocator-size-gfx=262144"
Player connection [14576]  Target information:

Player connection [14576]  * "[IP] 192.168.1.21 [Port] 0 [Flags] 2 [Guid] 3803433976 [EditorId] 3803433976 [Version] 1048832 [Id] WindowsEditor(7,aek) [Debug] 1 [PackageName] WindowsEditor [ProjectName] Editor" 

Player connection [14576] Host joined multi-casting on [225.0.0.222:54997]...
Player connection [14576] Host joined alternative multi-casting on [225.0.0.222:34997]...
JobSystem: Creating JobQueue using job-worker-count value 5
[Physics::Module] Initialized fallback backend.
[Physics::Module] Id: 0xdecafbad
Library Redirect Path: Library/
[Physics::Module] Selected backend.
[Physics::Module] Name: PhysX
[Physics::Module] Id: 0xf2b8ea05
[Physics::Module] SDK Version: 4.1.2
[Physics::Module] Integration Version: 1.0.0
[Physics::Module] Threading Mode: Multi-Threaded
Refreshing native plugins compatible for Editor in 2.81 ms, found 3 plugins.
Preloading 0 native plugins for Editor in 0.00 ms.
Initialize engine version: 6000.0.29f1 (9fafe5c9db65)
[Subsystems] Discovering subsystems at path C:/Program Files/Unity/Hub/Editor/6000.0.29f1/Editor/Data/Resources/UnitySubsystems
[Subsystems] Discovering subsystems at path C:/Users/aekka/Documents/GitHub/farmvillage/Assets
GfxDevice: creating device client; kGfxThreadingModeNonThreaded
Direct3D:
    Version:  Direct3D 11.0 [level 11.1]
    Renderer: NVIDIA GeForce RTX 3050 Ti Laptop GPU (ID=0x25a0)
    Vendor:   NVIDIA
    VRAM:     3962 MB
    Driver:   32.0.15.6614
Initialize mono
Mono path[0] = 'C:/Program Files/Unity/Hub/Editor/6000.0.29f1/Editor/Data/Managed'
Mono path[1] = 'C:/Program Files/Unity/Hub/Editor/6000.0.29f1/Editor/Data/MonoBleedingEdge/lib/mono/unityjit-win32'
Mono config path = 'C:/Program Files/Unity/Hub/Editor/6000.0.29f1/Editor/Data/MonoBleedingEdge/etc'
Using monoOptions --debugger-agent=transport=dt_socket,embedding=1,server=y,suspend=n,address=127.0.0.1:56508
Begin MonoManager ReloadAssembly
Registering precompiled unity dll's ...
Register platform support module: C:/Program Files/Unity/Hub/Editor/6000.0.29f1/Editor/Data/PlaybackEngines/WindowsStandaloneSupport/UnityEditor.WindowsStandalone.Extensions.dll
Registered in 0.003829 seconds.
- Loaded All Assemblies, in  0.714 seconds
Native extension for WindowsStandalone target not found
Mono: successfully reloaded assembly
- Finished resetting the current domain, in  0.541 seconds
Domain Reload Profiling: 1252ms
	BeginReloadAssembly (259ms)
		ExecutionOrderSort (0ms)
		DisableScriptedObjects (0ms)
		BackupInstance (0ms)
		ReleaseScriptingObjects (0ms)
		CreateAndSetChildDomain (2ms)
	RebuildCommonClasses (65ms)
	RebuildNativeTypeToScriptingClass (17ms)
	initialDomainReloadingComplete (81ms)
	LoadAllAssembliesAndSetupDomain (287ms)
		LoadAssemblies (255ms)
		RebuildTransferFunctionScriptingTraits (0ms)
		AnalyzeDomain (282ms)
			TypeCache.Refresh (280ms)
				TypeCache.ScanAssembly (255ms)
			BuildScriptInfoCaches (0ms)
			ResolveRequiredComponents (1ms)
	FinalizeReload (542ms)
		ReleaseScriptCaches (0ms)
		RebuildScriptCaches (0ms)
		SetupLoadedEditorAssemblies (474ms)
			LogAssemblyErrors (0ms)
			InitializePlatformSupportModulesInManaged (37ms)
			SetLoadedEditorAssemblies (8ms)
			BeforeProcessingInitializeOnLoad (9ms)
			ProcessInitializeOnLoadAttributes (308ms)
			ProcessInitializeOnLoadMethodAttributes (108ms)
			AfterProcessingInitializeOnLoad (4ms)
			EditorAssembliesLoaded (0ms)
		ExecutionOrderSort2 (0ms)
		AwakeInstancesAfterBackupRestoration (0ms)
========================================================================
Worker process is ready to serve import requests
Import Worker Mode flag is 0x00
Begin MonoManager ReloadAssembly
- Loaded All Assemblies, in  1.039 seconds
Refreshing native plugins compatible for Editor in 1.66 ms, found 3 plugins.
Native extension for WindowsStandalone target not found
Mono: successfully reloaded assembly
- Finished resetting the current domain, in  0.904 seconds
Domain Reload Profiling: 1939ms
	BeginReloadAssembly (266ms)
		ExecutionOrderSort (0ms)
		DisableScriptedObjects (10ms)
		BackupInstance (0ms)
		ReleaseScriptingObjects (0ms)
		CreateAndSetChildDomain (47ms)
	RebuildCommonClasses (53ms)
	RebuildNativeTypeToScriptingClass (17ms)
	initialDomainReloadingComplete (60ms)
	LoadAllAssembliesAndSetupDomain (637ms)
		LoadAssemblies (499ms)
		RebuildTransferFunctionScriptingTraits (0ms)
		AnalyzeDomain (294ms)
			TypeCache.Refresh (226ms)
				TypeCache.ScanAssembly (207ms)
			BuildScriptInfoCaches (56ms)
			ResolveRequiredComponents (7ms)
	FinalizeReload (905ms)
		ReleaseScriptCaches (0ms)
		RebuildScriptCaches (0ms)
		SetupLoadedEditorAssemblies (725ms)
			LogAssemblyErrors (0ms)
			InitializePlatformSupportModulesInManaged (4ms)
			SetLoadedEditorAssemblies (6ms)
			BeforeProcessingInitializeOnLoad (66ms)
			ProcessInitializeOnLoadAttributes (595ms)
			ProcessInitializeOnLoadMethodAttributes (40ms)
			AfterProcessingInitializeOnLoad (12ms)
			EditorAssembliesLoaded (0ms)
		ExecutionOrderSort2 (0ms)
		AwakeInstancesAfterBackupRestoration (10ms)
Launched and connected shader compiler UnityShaderCompiler.exe after 0.02 seconds
Refreshing native plugins compatible for Editor in 1.17 ms, found 3 plugins.
Preloading 0 native plugins for Editor in 0.00 ms.
Unloading 10 Unused Serialized files (Serialized files now loaded: 0)
Unloading 3266 unused Assets / (1.1 MB). Loaded Objects now: 3774.
Memory consumption went from 94.1 MB to 93.1 MB.
Total: 8.422500 ms (FindLiveObjects: 0.452200 ms CreateObjectMapping: 0.383600 ms MarkObjects: 6.062700 ms  DeleteObjects: 1.521800 ms)

========================================================================
Received Import Request.
  Time since last request: 89832.565915 seconds.
  path: Assets/Models/Terrain/cliff_cornerInnerLarge_rock.fbx
  artifactKey: Guid(6e75208533631b6479353fd3e13925c3) Importer(815301076,1909f56bfc062723c751e8b465ee728b)
Start importing Assets/Models/Terrain/cliff_cornerInnerLarge_rock.fbx using Guid(6e75208533631b6479353fd3e13925c3) Importer(815301076,1909f56bfc062723c751e8b465ee728b) (PreviewImporter) -> (artifact id: '5bb942d8404c4c8861bc904c481c54fb') in 0.3978233 seconds
Number of updated asset objects reloaded before import = 0Number of asset objects unloaded after import = 8

========================================================================
Received Import Request.
  Time since last request: 0.000057 seconds.
  path: Assets/Models/Terrain/cliff_stepsCornerInner_rock.fbx
  artifactKey: Guid(8596fa5b4ebeb564d8b4cc111bc59353) Importer(815301076,1909f56bfc062723c751e8b465ee728b)
Start importing Assets/Models/Terrain/cliff_stepsCornerInner_rock.fbx using Guid(8596fa5b4ebeb564d8b4cc111bc59353) Importer(815301076,1909f56bfc062723c751e8b465ee728b) (PreviewImporter) -> (artifact id: 'c5c7ed5aa6853b7ee8ecfc79a13e22d5') in 0.0458889 seconds
Number of updated asset objects reloaded before import = 0Number of asset objects unloaded after import = 9

========================================================================
Received Import Request.
  Time since last request: 0.000035 seconds.
  path: Assets/Models/Terrain/cone.fbx
  artifactKey: Guid(07ea143de13c6b34fa75343084041452) Importer(815301076,1909f56bfc062723c751e8b465ee728b)
Start importing Assets/Models/Terrain/cone.fbx using Guid(07ea143de13c6b34fa75343084041452) Importer(815301076,1909f56bfc062723c751e8b465ee728b) (PreviewImporter) -> (artifact id: '41e54ccd25c9a3a19283e14298966660') in 0.0428211 seconds
Number of updated asset objects reloaded before import = 0Number of asset objects unloaded after import = 9

========================================================================
Received Import Request.
  Time since last request: 0.000023 seconds.
  path: Assets/Models/Terrain/crops_bambooStageB.fbx
  artifactKey: Guid(caafd8a7a0467c54b974fa87a41b877c) Importer(815301076,1909f56bfc062723c751e8b465ee728b)
Start importing Assets/Models/Terrain/crops_bambooStageB.fbx using Guid(caafd8a7a0467c54b974fa87a41b877c) Importer(815301076,1909f56bfc062723c751e8b465ee728b) (PreviewImporter) -> (artifact id: '50c2d2e37d7ce9710c0b71c962e15b86') in 0.0324132 seconds
Number of updated asset objects reloaded before import = 0Number of asset objects unloaded after import = 8

========================================================================
Received Import Request.
  Time since last request: 0.000040 seconds.
  path: Assets/Models/Terrain/crops_cornStageD.fbx
  artifactKey: Guid(53f89e052e38fd34bbd5d4f685ffb730) Importer(815301076,1909f56bfc062723c751e8b465ee728b)
Start importing Assets/Models/Terrain/crops_cornStageD.fbx using Guid(53f89e052e38fd34bbd5d4f685ffb730) Importer(815301076,1909f56bfc062723c751e8b465ee728b) (PreviewImporter) -> (artifact id: 'cc47b75f8fe3dc441e703022c9dc9f29') in 0.0986766 seconds
Number of updated asset objects reloaded before import = 0Number of asset objects unloaded after import = 29

========================================================================
Received Import Request.
  Time since last request: 0.000027 seconds.
  path: Assets/Models/Terrain/cliff_halfCorner_rock.fbx
  artifactKey: Guid(39055acc110126d4f898637d121eaa9b) Importer(815301076,1909f56bfc062723c751e8b465ee728b)
Start importing Assets/Models/Terrain/cliff_halfCorner_rock.fbx using Guid(39055acc110126d4f898637d121eaa9b) Importer(815301076,1909f56bfc062723c751e8b465ee728b) (PreviewImporter) -> (artifact id: 'ee768e8fb9bf662eb4c0a4827bbb5b0a') in 0.0505304 seconds
Number of updated asset objects reloaded before import = 0Number of asset objects unloaded after import = 9

========================================================================
Received Import Request.
  Time since last request: 0.000029 seconds.
  path: Assets/Models/Terrain/cliff_half_stone.fbx
  artifactKey: Guid(b1382b80b4acca9449423ad51cb29e19) Importer(815301076,1909f56bfc062723c751e8b465ee728b)
Start importing Assets/Models/Terrain/cliff_half_stone.fbx using Guid(b1382b80b4acca9449423ad51cb29e19) Importer(815301076,1909f56bfc062723c751e8b465ee728b) (PreviewImporter) -> (artifact id: '158c5716ad4acce099a62c3258b48f0f') in 0.0426761 seconds
Number of updated asset objects reloaded before import = 0Number of asset objects unloaded after import = 9

========================================================================
Received Import Request.
  Time since last request: 0.000035 seconds.
  path: Assets/Models/Terrain/cliff_stone.fbx
  artifactKey: Guid(f2419017ab5798e41b502d23633f7493) Importer(815301076,1909f56bfc062723c751e8b465ee728b)
Start importing Assets/Models/Terrain/cliff_stone.fbx using Guid(f2419017ab5798e41b502d23633f7493) Importer(815301076,1909f56bfc062723c751e8b465ee728b) (PreviewImporter) -> (artifact id: '841602c6f6cf407e0de3b35802ef73d1') in 0.0382404 seconds
Number of updated asset objects reloaded before import = 0Number of asset objects unloaded after import = 8

========================================================================
Received Import Request.
  Time since last request: 0.000024 seconds.
  path: Assets/Models/Terrain/cliff_waterfallTop_rock.fbx
  artifactKey: Guid(3ade4824d69efb748976d598da24383c) Importer(815301076,1909f56bfc062723c751e8b465ee728b)
Start importing Assets/Models/Terrain/cliff_waterfallTop_rock.fbx using Guid(3ade4824d69efb748976d598da24383c) Importer(815301076,1909f56bfc062723c751e8b465ee728b) (PreviewImporter) -> (artifact id: 'b0ec31bdf51245ede28d1240bc4852e3') in 0.058753 seconds
Number of updated asset objects reloaded before import = 0Number of asset objects unloaded after import = 12

========================================================================
Received Import Request.
  Time since last request: 0.000025 seconds.
  path: Assets/Models/Terrain/cliff_cornerTop_stone.fbx
  artifactKey: Guid(5979758bb192a1442b8c7e45da54b0fd) Importer(815301076,1909f56bfc062723c751e8b465ee728b)
Start importing Assets/Models/Terrain/cliff_cornerTop_stone.fbx using Guid(5979758bb192a1442b8c7e45da54b0fd) Importer(815301076,1909f56bfc062723c751e8b465ee728b) (PreviewImporter) -> (artifact id: 'df4b6271cc0a071a9ce23579e4abe061') in 0.0417606 seconds
Number of updated asset objects reloaded before import = 0Number of asset objects unloaded after import = 9

========================================================================
Received Import Request.
  Time since last request: 0.000023 seconds.
  path: Assets/Models/Terrain/cone-flat.fbx
  artifactKey: Guid(3395dfc441a1d7345996b1a7a67c22c2) Importer(815301076,1909f56bfc062723c751e8b465ee728b)
Start importing Assets/Models/Terrain/cone-flat.fbx using Guid(3395dfc441a1d7345996b1a7a67c22c2) Importer(815301076,1909f56bfc062723c751e8b465ee728b) (PreviewImporter) -> (artifact id: '84e27b42d0b6fcdd880c7f3d9b952f58') in 0.0373711 seconds
Number of updated asset objects reloaded before import = 0Number of asset objects unloaded after import = 9

========================================================================
Received Import Request.
  Time since last request: 0.000023 seconds.
  path: Assets/Models/Terrain/cliff_steps_rock.fbx
  artifactKey: Guid(ac6334d67702f034686d5e52214b5af9) Importer(815301076,1909f56bfc062723c751e8b465ee728b)
Start importing Assets/Models/Terrain/cliff_steps_rock.fbx using Guid(ac6334d67702f034686d5e52214b5af9) Importer(815301076,1909f56bfc062723c751e8b465ee728b) (PreviewImporter) -> (artifact id: '052117e9dfb2e9da8f7338e3f4cf7518') in 0.0435024 seconds
Number of updated asset objects reloaded before import = 0Number of asset objects unloaded after import = 9

========================================================================
Received Import Request.
  Time since last request: 0.000077 seconds.
  path: Assets/Models/Terrain/crop_melon.fbx
  artifactKey: Guid(46a6fe0cb50a4744eba4b0e3af24561c) Importer(815301076,1909f56bfc062723c751e8b465ee728b)
Start importing Assets/Models/Terrain/crop_melon.fbx using Guid(46a6fe0cb50a4744eba4b0e3af24561c) Importer(815301076,1909f56bfc062723c751e8b465ee728b) (PreviewImporter) -> (artifact id: 'ac610fe01c90df94dfbb33f5eefd5383') in 0.0476297 seconds
Number of updated asset objects reloaded before import = 0Number of asset objects unloaded after import = 10

========================================================================
Received Import Request.
  Time since last request: 0.000024 seconds.
  path: Assets/Models/Terrain/cliff_stepsCorner_stone.fbx
  artifactKey: Guid(08e3ca79456b4b24aa52af96b06f3713) Importer(815301076,1909f56bfc062723c751e8b465ee728b)
Start importing Assets/Models/Terrain/cliff_stepsCorner_stone.fbx using Guid(08e3ca79456b4b24aa52af96b06f3713) Importer(815301076,1909f56bfc062723c751e8b465ee728b) (PreviewImporter) -> (artifact id: 'd3641394ef643413c86e8b0132ba83e3') in 0.0432237 seconds
Number of updated asset objects reloaded before import = 0Number of asset objects unloaded after import = 9

========================================================================
Received Import Request.
  Time since last request: 0.000026 seconds.
  path: Assets/Models/Terrain/crops_dirtDoubleRow.fbx
  artifactKey: Guid(a8213268e38fc0d4a8a6f6ee71e0715a) Importer(815301076,1909f56bfc062723c751e8b465ee728b)
Start importing Assets/Models/Terrain/crops_dirtDoubleRow.fbx using Guid(a8213268e38fc0d4a8a6f6ee71e0715a) Importer(815301076,1909f56bfc062723c751e8b465ee728b) (PreviewImporter) -> (artifact id: 'ce29712378f447bbe988c0aa2cfc2298') in 0.0392503 seconds
Number of updated asset objects reloaded before import = 0Number of asset objects unloaded after import = 9

========================================================================
Received Import Request.
  Time since last request: 0.000055 seconds.
  path: Assets/Models/Terrain/crops_dirtRowEnd.fbx
  artifactKey: Guid(a55b7544225728d4fbc2228c0c031863) Importer(815301076,1909f56bfc062723c751e8b465ee728b)
Start importing Assets/Models/Terrain/crops_dirtRowEnd.fbx using Guid(a55b7544225728d4fbc2228c0c031863) Importer(815301076,1909f56bfc062723c751e8b465ee728b) (PreviewImporter) -> (artifact id: '18f9db5e4e7da20e979dd1abc0f94ed0') in 0.0369292 seconds
Number of updated asset objects reloaded before import = 0Number of asset objects unloaded after import = 9

========================================================================
Received Import Request.
  Time since last request: 0.000032 seconds.
  path: Assets/Models/Terrain/crops_dirtRowCorner.fbx
  artifactKey: Guid(89ff188f4422a944eb14c954de2cefae) Importer(815301076,1909f56bfc062723c751e8b465ee728b)
Start importing Assets/Models/Terrain/crops_dirtRowCorner.fbx using Guid(89ff188f4422a944eb14c954de2cefae) Importer(815301076,1909f56bfc062723c751e8b465ee728b) (PreviewImporter) -> (artifact id: 'b9419652140e5192803944a86add9d30') in 0.0441413 seconds
Number of updated asset objects reloaded before import = 0Number of asset objects unloaded after import = 9

========================================================================
Received Import Request.
  Time since last request: 0.000038 seconds.
  path: Assets/Models/Terrain/debris-bumper.fbx
  artifactKey: Guid(dfee5c71ee2b71e48afc27a8dffad540) Importer(815301076,1909f56bfc062723c751e8b465ee728b)
Start importing Assets/Models/Terrain/debris-bumper.fbx using Guid(dfee5c71ee2b71e48afc27a8dffad540) Importer(815301076,1909f56bfc062723c751e8b465ee728b) (PreviewImporter) -> (artifact id: '3f7ff7a802d8d209621ee21e67d7c7e4') in 0.0398784 seconds
Number of updated asset objects reloaded before import = 0Number of asset objects unloaded after import = 9

========================================================================
Received Import Request.
  Time since last request: 0.000057 seconds.
  path: Assets/Models/Terrain/cliff_diagonal_rock.fbx
  artifactKey: Guid(c311d915b2fd2f54b92224c6c1748a13) Importer(815301076,1909f56bfc062723c751e8b465ee728b)
Start importing Assets/Models/Terrain/cliff_diagonal_rock.fbx using Guid(c311d915b2fd2f54b92224c6c1748a13) Importer(815301076,1909f56bfc062723c751e8b465ee728b) (PreviewImporter) -> (artifact id: '5cfa96299996995cffe8a91625676e28') in 0.0438995 seconds
Number of updated asset objects reloaded before import = 0Number of asset objects unloaded after import = 8

========================================================================
Received Import Request.
  Time since last request: 0.000034 seconds.
  path: Assets/Models/Terrain/cliff_top_stone.fbx
  artifactKey: Guid(fe907690a45d48e4e85aa9329a89ef80) Importer(815301076,1909f56bfc062723c751e8b465ee728b)
Start importing Assets/Models/Terrain/cliff_top_stone.fbx using Guid(fe907690a45d48e4e85aa9329a89ef80) Importer(815301076,1909f56bfc062723c751e8b465ee728b) (PreviewImporter) -> (artifact id: 'cdff1e32e0321dcc62ac7deaebe54021') in 0.0496158 seconds
Number of updated asset objects reloaded before import = 0Number of asset objects unloaded after import = 9

========================================================================
Received Import Request.
  Time since last request: 0.000028 seconds.
  path: Assets/Models/Terrain/cliff_topDiagonal_rock.fbx
  artifactKey: Guid(2117345b6bbc6c34988bdca5adb629c4) Importer(815301076,1909f56bfc062723c751e8b465ee728b)
Start importing Assets/Models/Terrain/cliff_topDiagonal_rock.fbx using Guid(2117345b6bbc6c34988bdca5adb629c4) Importer(815301076,1909f56bfc062723c751e8b465ee728b) (PreviewImporter) -> (artifact id: '3ef1e76764b6c4c49decbc1ae2dea64c') in 0.0454421 seconds
Number of updated asset objects reloaded before import = 0Number of asset objects unloaded after import = 9

========================================================================
Received Import Request.
  Time since last request: 0.000030 seconds.
  path: Assets/Models/Terrain/crops_bambooStageA.fbx
  artifactKey: Guid(172b9266177c5d0448afd2787ee26a7b) Importer(815301076,1909f56bfc062723c751e8b465ee728b)
Start importing Assets/Models/Terrain/crops_bambooStageA.fbx using Guid(172b9266177c5d0448afd2787ee26a7b) Importer(815301076,1909f56bfc062723c751e8b465ee728b) (PreviewImporter) -> (artifact id: '643aa37d03f3aca13716f0b3015d36aa') in 0.0355399 seconds
Number of updated asset objects reloaded before import = 0Number of asset objects unloaded after import = 8

========================================================================
Received Import Request.
  Time since last request: 0.000035 seconds.
  path: Assets/Models/Terrain/cliff_halfCornerInner_stone.fbx
  artifactKey: Guid(30c65c73408f03d4d906db6f844772f5) Importer(815301076,1909f56bfc062723c751e8b465ee728b)
Start importing Assets/Models/Terrain/cliff_halfCornerInner_stone.fbx using Guid(30c65c73408f03d4d906db6f844772f5) Importer(815301076,1909f56bfc062723c751e8b465ee728b) (PreviewImporter) -> (artifact id: '4d13c5101db325a071e01969eb637f56') in 0.0497356 seconds
Number of updated asset objects reloaded before import = 0Number of asset objects unloaded after import = 10

========================================================================
Received Import Request.
  Time since last request: 0.000030 seconds.
  path: Assets/Models/Terrain/cliff_halfCornerInner_rock.fbx
  artifactKey: Guid(331683a9f0d2a1a4eb4cf42665dcf3b4) Importer(815301076,1909f56bfc062723c751e8b465ee728b)
Start importing Assets/Models/Terrain/cliff_halfCornerInner_rock.fbx using Guid(331683a9f0d2a1a4eb4cf42665dcf3b4) Importer(815301076,1909f56bfc062723c751e8b465ee728b) (PreviewImporter) -> (artifact id: '9f71210bf9d49342fdcbd8ba8c0bb672') in 0.0461656 seconds
Number of updated asset objects reloaded before import = 0Number of asset objects unloaded after import = 10

========================================================================
Received Import Request.
  Time since last request: 0.000043 seconds.
  path: Assets/Models/Terrain/crops_cornStageC.fbx
  artifactKey: Guid(6e8536d462ff14046a7f942f37e25054) Importer(815301076,1909f56bfc062723c751e8b465ee728b)
Start importing Assets/Models/Terrain/crops_cornStageC.fbx using Guid(6e8536d462ff14046a7f942f37e25054) Importer(815301076,1909f56bfc062723c751e8b465ee728b) (PreviewImporter) -> (artifact id: '27df5a5f8ce4263796ea81494843140d') in 0.0325163 seconds
Number of updated asset objects reloaded before import = 0Number of asset objects unloaded after import = 8

========================================================================
Received Import Request.
  Time since last request: 0.000031 seconds.
  path: Assets/Models/Terrain/crops_wheatStageA.fbx
  artifactKey: Guid(9f72d3ecee7c1eb4b9eb9c7db51f4aaa) Importer(815301076,1909f56bfc062723c751e8b465ee728b)
Start importing Assets/Models/Terrain/crops_wheatStageA.fbx using Guid(9f72d3ecee7c1eb4b9eb9c7db51f4aaa) Importer(815301076,1909f56bfc062723c751e8b465ee728b) (PreviewImporter) -> (artifact id: 'b242b0d2ed652b59c29b6c343b911dce') in 0.035938 seconds
Number of updated asset objects reloaded before import = 0Number of asset objects unloaded after import = 8

========================================================================
Received Import Request.
  Time since last request: 0.051927 seconds.
  path: Assets/Models/Terrain/debris-door-window.fbx
  artifactKey: Guid(1db7e5b765444d94b9acb8d084601697) Importer(815301076,1909f56bfc062723c751e8b465ee728b)
Start importing Assets/Models/Terrain/debris-door-window.fbx using Guid(1db7e5b765444d94b9acb8d084601697) Importer(815301076,1909f56bfc062723c751e8b465ee728b) (PreviewImporter) -> (artifact id: 'bfbe3873306dcd300605b1ea37870b8d') in 0.0350458 seconds
Number of updated asset objects reloaded before import = 0Number of asset objects unloaded after import = 9

========================================================================
Received Import Request.
  Time since last request: 0.000037 seconds.
  path: Assets/Models/Terrain/debris-plate-small-b.fbx
  artifactKey: Guid(cca5056df012a9a42bca816fd7235bd8) Importer(815301076,1909f56bfc062723c751e8b465ee728b)
Start importing Assets/Models/Terrain/debris-plate-small-b.fbx using Guid(cca5056df012a9a42bca816fd7235bd8) Importer(815301076,1909f56bfc062723c751e8b465ee728b) (PreviewImporter) -> (artifact id: '3a101ec7d73cbeac80cb01710f29c581') in 0.0347513 seconds
Number of updated asset objects reloaded before import = 0Number of asset objects unloaded after import = 9

========================================================================
Received Import Request.
  Time since last request: 0.000025 seconds.
  path: Assets/Models/Terrain/fence_bendCenter.fbx
  artifactKey: Guid(a63c1d6c49be206408e09d500c9fa910) Importer(815301076,1909f56bfc062723c751e8b465ee728b)
Start importing Assets/Models/Terrain/fence_bendCenter.fbx using Guid(a63c1d6c49be206408e09d500c9fa910) Importer(815301076,1909f56bfc062723c751e8b465ee728b) (PreviewImporter) -> (artifact id: 'ec5692394e9610ac8b6ce745da9c8d35') in 0.0489828 seconds
Number of updated asset objects reloaded before import = 0Number of asset objects unloaded after import = 10

========================================================================
Received Import Request.
  Time since last request: 0.000030 seconds.
  path: Assets/Models/Terrain/fence_bend.fbx
  artifactKey: Guid(23092524e60dd544b919bbd8f223123b) Importer(815301076,1909f56bfc062723c751e8b465ee728b)
Start importing Assets/Models/Terrain/fence_bend.fbx using Guid(23092524e60dd544b919bbd8f223123b) Importer(815301076,1909f56bfc062723c751e8b465ee728b) (PreviewImporter) -> (artifact id: '9d18870b677d15b6c7447ac5e3ab833c') in 0.0367905 seconds
Number of updated asset objects reloaded before import = 0Number of asset objects unloaded after import = 9

========================================================================
Received Import Request.
  Time since last request: 0.000047 seconds.
  path: Assets/Models/Terrain/delivery.fbx
  artifactKey: Guid(beb3facde69060b4c97848cc5de400d3) Importer(815301076,1909f56bfc062723c751e8b465ee728b)
Start importing Assets/Models/Terrain/delivery.fbx using Guid(beb3facde69060b4c97848cc5de400d3) Importer(815301076,1909f56bfc062723c751e8b465ee728b) (PreviewImporter) -> (artifact id: '4f3b35de2855485e2b36a36b531b3afe') in 0.1047019 seconds
Number of updated asset objects reloaded before import = 0Number of asset objects unloaded after import = 36

========================================================================
Received Import Request.
  Time since last request: 0.000028 seconds.
  path: Assets/Models/Terrain/debris-spoiler-a.fbx
  artifactKey: Guid(88ee2cf24a0018c41bc9e3eed3b27aee) Importer(815301076,1909f56bfc062723c751e8b465ee728b)
Start importing Assets/Models/Terrain/debris-spoiler-a.fbx using Guid(88ee2cf24a0018c41bc9e3eed3b27aee) Importer(815301076,1909f56bfc062723c751e8b465ee728b) (PreviewImporter) -> (artifact id: '9391cab5a2f8efad3fe49bdd73f6f6ba') in 0.0363187 seconds
Number of updated asset objects reloaded before import = 0Number of asset objects unloaded after import = 9

========================================================================
Received Import Request.
  Time since last request: 0.000033 seconds.
  path: Assets/Models/Terrain/debris-plate-b.fbx
  artifactKey: Guid(1a6c8969543a5a54ca3cdf455c84cbd1) Importer(815301076,1909f56bfc062723c751e8b465ee728b)
Start importing Assets/Models/Terrain/debris-plate-b.fbx using Guid(1a6c8969543a5a54ca3cdf455c84cbd1) Importer(815301076,1909f56bfc062723c751e8b465ee728b) (PreviewImporter) -> (artifact id: '0460a677f585b8d8eba3ce17c2b425a3') in 0.03455 seconds
Number of updated asset objects reloaded before import = 0Number of asset objects unloaded after import = 9

========================================================================
Received Import Request.
  Time since last request: 0.000023 seconds.
  path: Assets/Models/Terrain/debris-plate-small-a.fbx
  artifactKey: Guid(5714fa570f643124da8fa61738413808) Importer(815301076,1909f56bfc062723c751e8b465ee728b)
Start importing Assets/Models/Terrain/debris-plate-small-a.fbx using Guid(5714fa570f643124da8fa61738413808) Importer(815301076,1909f56bfc062723c751e8b465ee728b) (PreviewImporter) -> (artifact id: 'e808d0fbe9db8af30c945dd0a2ea7139') in 0.0345172 seconds
Number of updated asset objects reloaded before import = 0Number of asset objects unloaded after import = 9

========================================================================
Received Import Request.
  Time since last request: 0.000023 seconds.
  path: Assets/Models/Terrain/debris-tire.fbx
  artifactKey: Guid(ccbf9eb303b2f5c46898abd6b44b246d) Importer(815301076,1909f56bfc062723c751e8b465ee728b)
Start importing Assets/Models/Terrain/debris-tire.fbx using Guid(ccbf9eb303b2f5c46898abd6b44b246d) Importer(815301076,1909f56bfc062723c751e8b465ee728b) (PreviewImporter) -> (artifact id: '9a18200e845a3dbe70bf955690781272') in 0.0355667 seconds
Number of updated asset objects reloaded before import = 0Number of asset objects unloaded after import = 9

========================================================================
Received Import Request.
  Time since last request: 0.000244 seconds.
  path: Assets/Models/Terrain/debris-plate-a.fbx
  artifactKey: Guid(502be57bf61e20a46a173bedb45d07f2) Importer(815301076,1909f56bfc062723c751e8b465ee728b)
Start importing Assets/Models/Terrain/debris-plate-a.fbx using Guid(502be57bf61e20a46a173bedb45d07f2) Importer(815301076,1909f56bfc062723c751e8b465ee728b) (PreviewImporter) -> (artifact id: '2f5c40f716267c9a7fa02caecf1d3cf1') in 0.038336 seconds
Number of updated asset objects reloaded before import = 0Number of asset objects unloaded after import = 9

========================================================================
Received Import Request.
  Time since last request: 10.714182 seconds.
  path: Assets/Models/Terrain/fence_simpleCenter.fbx
  artifactKey: Guid(95ab101bee6838e47b9a55583d753164) Importer(815301076,1909f56bfc062723c751e8b465ee728b)
Start importing Assets/Models/Terrain/fence_simpleCenter.fbx using Guid(95ab101bee6838e47b9a55583d753164) Importer(815301076,1909f56bfc062723c751e8b465ee728b) (PreviewImporter) -> (artifact id: '9a8eaff37f706d57df22b246d4d8857f') in 0.0340205 seconds
Number of updated asset objects reloaded before import = 0Number of asset objects unloaded after import = 9

========================================================================
Received Import Request.
  Time since last request: 0.000026 seconds.
  path: Assets/Models/Terrain/flower_purpleA.fbx
  artifactKey: Guid(362c0cf44d9a3b8458b9d373cd19ebf3) Importer(815301076,1909f56bfc062723c751e8b465ee728b)
Start importing Assets/Models/Terrain/flower_purpleA.fbx using Guid(362c0cf44d9a3b8458b9d373cd19ebf3) Importer(815301076,1909f56bfc062723c751e8b465ee728b) (PreviewImporter) -> (artifact id: 'f677b61fd67fe64f7c4d0b15291dee9e') in 0.0370492 seconds
Number of updated asset objects reloaded before import = 0Number of asset objects unloaded after import = 9

========================================================================
Received Import Request.
  Time since last request: 0.000028 seconds.
  path: Assets/Models/Terrain/fence_simpleHigh.fbx
  artifactKey: Guid(1e5da0fbc99e2814793ef4d531dbb0f6) Importer(815301076,1909f56bfc062723c751e8b465ee728b)
Start importing Assets/Models/Terrain/fence_simpleHigh.fbx using Guid(1e5da0fbc99e2814793ef4d531dbb0f6) Importer(815301076,1909f56bfc062723c751e8b465ee728b) (PreviewImporter) -> (artifact id: 'defa27443097204749c83f1f0dfe6907') in 0.0312522 seconds
Number of updated asset objects reloaded before import = 0Number of asset objects unloaded after import = 8

========================================================================
Received Import Request.
  Time since last request: 0.000035 seconds.
  path: Assets/Models/Terrain/fence_simpleDiagonalCenter.fbx
  artifactKey: Guid(8da8183ae736bc844a3331d1375fe689) Importer(815301076,1909f56bfc062723c751e8b465ee728b)
Start importing Assets/Models/Terrain/fence_simpleDiagonalCenter.fbx using Guid(8da8183ae736bc844a3331d1375fe689) Importer(815301076,1909f56bfc062723c751e8b465ee728b) (PreviewImporter) -> (artifact id: '04cd30b108ad034b82628c316b4eb618') in 0.0440916 seconds
Number of updated asset objects reloaded before import = 0Number of asset objects unloaded after import = 10

========================================================================
Received Import Request.
  Time since last request: 0.000025 seconds.
  path: Assets/Models/Terrain/flower_redB.fbx
  artifactKey: Guid(2d618c8ca4db8744c98454fa4e88b942) Importer(815301076,1909f56bfc062723c751e8b465ee728b)
Start importing Assets/Models/Terrain/flower_redB.fbx using Guid(2d618c8ca4db8744c98454fa4e88b942) Importer(815301076,1909f56bfc062723c751e8b465ee728b) (PreviewImporter) -> (artifact id: '56cb62e4ee3f3d71501bb81ac4aa3152') in 0.0414455 seconds
Number of updated asset objects reloaded before import = 0Number of asset objects unloaded after import = 9

========================================================================
Received Import Request.
  Time since last request: 0.000025 seconds.
  path: Assets/Models/Terrain/grass_leafsLarge.fbx
  artifactKey: Guid(c9ff43561146af64a918c8727f741325) Importer(815301076,1909f56bfc062723c751e8b465ee728b)
Start importing Assets/Models/Terrain/grass_leafsLarge.fbx using Guid(c9ff43561146af64a918c8727f741325) Importer(815301076,1909f56bfc062723c751e8b465ee728b) (PreviewImporter) -> (artifact id: 'ef496d5406a1be4caa44d5bd9320430a') in 0.0315881 seconds
Number of updated asset objects reloaded before import = 0Number of asset objects unloaded after import = 8

========================================================================
Received Import Request.
  Time since last request: 0.000032 seconds.
  path: Assets/Models/Terrain/flower_redC.fbx
  artifactKey: Guid(8be7221c54f7ede40ade90f2a6978eda) Importer(815301076,1909f56bfc062723c751e8b465ee728b)
Start importing Assets/Models/Terrain/flower_redC.fbx using Guid(8be7221c54f7ede40ade90f2a6978eda) Importer(815301076,1909f56bfc062723c751e8b465ee728b) (PreviewImporter) -> (artifact id: '3c6a3b769043fb9bcfd71911ab2ebfcb') in 0.045379 seconds
Number of updated asset objects reloaded before import = 0Number of asset objects unloaded after import = 10

========================================================================
Received Import Request.
  Time since last request: 0.000029 seconds.
  path: Assets/Models/Terrain/flower_yellowB.fbx
  artifactKey: Guid(bef5cbdf0f9baeb4b9211d53b561af9e) Importer(815301076,1909f56bfc062723c751e8b465ee728b)
Start importing Assets/Models/Terrain/flower_yellowB.fbx using Guid(bef5cbdf0f9baeb4b9211d53b561af9e) Importer(815301076,1909f56bfc062723c751e8b465ee728b) (PreviewImporter) -> (artifact id: '3ad270377edd16ae3d4d3ad838c95fc8') in 0.0366649 seconds
Number of updated asset objects reloaded before import = 0Number of asset objects unloaded after import = 9

========================================================================
Received Import Request.
  Time since last request: 0.000030 seconds.
  path: Assets/Models/Terrain/grass_leafs.fbx
  artifactKey: Guid(b0a14c8cff898284b8fcb122ad474a9c) Importer(815301076,1909f56bfc062723c751e8b465ee728b)
Start importing Assets/Models/Terrain/grass_leafs.fbx using Guid(b0a14c8cff898284b8fcb122ad474a9c) Importer(815301076,1909f56bfc062723c751e8b465ee728b) (PreviewImporter) -> (artifact id: '9f2e38196f487ee5c7f1873c4fecf940') in 0.0314227 seconds
Number of updated asset objects reloaded before import = 0Number of asset objects unloaded after import = 8

========================================================================
Received Import Request.
  Time since last request: 0.000043 seconds.
  path: Assets/Models/Terrain/flower_redA.fbx
  artifactKey: Guid(157d46c3378912b448e44e96e324f5bb) Importer(815301076,1909f56bfc062723c751e8b465ee728b)
Start importing Assets/Models/Terrain/flower_redA.fbx using Guid(157d46c3378912b448e44e96e324f5bb) Importer(815301076,1909f56bfc062723c751e8b465ee728b) (PreviewImporter) -> (artifact id: 'b9348060b4a0c7d8ff0088aaaed2322c') in 0.0429828 seconds
Number of updated asset objects reloaded before import = 0Number of asset objects unloaded after import = 9

========================================================================
Received Import Request.
  Time since last request: 0.000044 seconds.
  path: Assets/Models/Terrain/firetruck.fbx
  artifactKey: Guid(032ebd41fe2f59b47a04314fcb32c6e5) Importer(815301076,1909f56bfc062723c751e8b465ee728b)
Start importing Assets/Models/Terrain/firetruck.fbx using Guid(032ebd41fe2f59b47a04314fcb32c6e5) Importer(815301076,1909f56bfc062723c751e8b465ee728b) (PreviewImporter) -> (artifact id: 'b9458fc2b63e1254949dc5c00d354748') in 0.0888691 seconds
Number of updated asset objects reloaded before import = 0Number of asset objects unloaded after import = 36

========================================================================
Received Import Request.
  Time since last request: 0.152195 seconds.
  path: Assets/Models/Terrain/Green.mat
  artifactKey: Guid(56126ea6a5b5cbb4cb4ebf8c17c75bb2) Importer(815301076,1909f56bfc062723c751e8b465ee728b)
Start importing Assets/Models/Terrain/Green.mat using Guid(56126ea6a5b5cbb4cb4ebf8c17c75bb2) Importer(815301076,1909f56bfc062723c751e8b465ee728b) (PreviewImporter) -> (artifact id: 'c326bd09a468bf407a83bf222733da25') in 0.0233963 seconds
Number of updated asset objects reloaded before import = 0Number of asset objects unloaded after import = 1

========================================================================
Received Import Request.
  Time since last request: 0.000049 seconds.
  path: Assets/Models/Terrain/ground_pathOpen.fbx
  artifactKey: Guid(21a3ef51c93f0944a89358a14c5b6ecf) Importer(815301076,1909f56bfc062723c751e8b465ee728b)
Start importing Assets/Models/Terrain/ground_pathOpen.fbx using Guid(21a3ef51c93f0944a89358a14c5b6ecf) Importer(815301076,1909f56bfc062723c751e8b465ee728b) (PreviewImporter) -> (artifact id: '2f08005b3d89a070c1d68c395aac357b') in 0.0355727 seconds
Number of updated asset objects reloaded before import = 0Number of asset objects unloaded after import = 8

========================================================================
Received Import Request.
  Time since last request: 0.000029 seconds.
  path: Assets/Models/Terrain/ground_pathBend.fbx
  artifactKey: Guid(3276bfef4b6327547948c67ad96d7e88) Importer(815301076,1909f56bfc062723c751e8b465ee728b)
Start importing Assets/Models/Terrain/ground_pathBend.fbx using Guid(3276bfef4b6327547948c67ad96d7e88) Importer(815301076,1909f56bfc062723c751e8b465ee728b) (PreviewImporter) -> (artifact id: '35afdf5c51765897b63a21899be6252f') in 0.0405911 seconds
Number of updated asset objects reloaded before import = 0Number of asset objects unloaded after import = 10

========================================================================
Received Import Request.
  Time since last request: 0.000033 seconds.
  path: Assets/Models/Terrain/ground_riverCorner.fbx
  artifactKey: Guid(9b8f859085d44b445867b0c65ee157cc) Importer(815301076,1909f56bfc062723c751e8b465ee728b)
Start importing Assets/Models/Terrain/ground_riverCorner.fbx using Guid(9b8f859085d44b445867b0c65ee157cc) Importer(815301076,1909f56bfc062723c751e8b465ee728b) (PreviewImporter) -> (artifact id: 'f72711751339ca9b2c35073d3b483713') in 0.0465877 seconds
Number of updated asset objects reloaded before import = 0Number of asset objects unloaded after import = 11

========================================================================
Received Import Request.
  Time since last request: 0.000027 seconds.
  path: Assets/Models/Terrain/ground_pathSide.fbx
  artifactKey: Guid(55ffcf33249513b40a0d28c84ebce090) Importer(815301076,1909f56bfc062723c751e8b465ee728b)
Start importing Assets/Models/Terrain/ground_pathSide.fbx using Guid(55ffcf33249513b40a0d28c84ebce090) Importer(815301076,1909f56bfc062723c751e8b465ee728b) (PreviewImporter) -> (artifact id: '8bffc490b1d5ed4c9590ff76fcd27e86') in 0.0462919 seconds
Number of updated asset objects reloaded before import = 0Number of asset objects unloaded after import = 10

========================================================================
Received Import Request.
  Time since last request: 0.000046 seconds.
  path: Assets/Models/Terrain/ground_pathSplit.fbx
  artifactKey: Guid(18e55f48fccc6d846b1b14ebe1e52479) Importer(815301076,1909f56bfc062723c751e8b465ee728b)
Start importing Assets/Models/Terrain/ground_pathSplit.fbx using Guid(18e55f48fccc6d846b1b14ebe1e52479) Importer(815301076,1909f56bfc062723c751e8b465ee728b) (PreviewImporter) -> (artifact id: 'd65095a7698f5a8208b2b06a9fb98a7a') in 0.0407934 seconds
Number of updated asset objects reloaded before import = 0Number of asset objects unloaded after import = 10

========================================================================
Received Import Request.
  Time since last request: 0.000029 seconds.
  path: Assets/Models/Terrain/ground_riverBendBank.fbx
  artifactKey: Guid(9884e8c7ff521d8468c0cd49ba293f79) Importer(815301076,1909f56bfc062723c751e8b465ee728b)
Start importing Assets/Models/Terrain/ground_riverBendBank.fbx using Guid(9884e8c7ff521d8468c0cd49ba293f79) Importer(815301076,1909f56bfc062723c751e8b465ee728b) (PreviewImporter) -> (artifact id: '5bb42a6c49be049c52a287f16016e5d1') in 0.0508875 seconds
Number of updated asset objects reloaded before import = 0Number of asset objects unloaded after import = 11

========================================================================
Received Import Request.
  Time since last request: 0.000026 seconds.
  path: Assets/Models/Terrain/ground_pathCornerSmall.fbx
  artifactKey: Guid(c849936b62faee64e8d0c3b01b6abe31) Importer(815301076,1909f56bfc062723c751e8b465ee728b)
Start importing Assets/Models/Terrain/ground_pathCornerSmall.fbx using Guid(c849936b62faee64e8d0c3b01b6abe31) Importer(815301076,1909f56bfc062723c751e8b465ee728b) (PreviewImporter) -> (artifact id: '0258d2753e0c3178e77b927c287656c1') in 0.046112 seconds
Number of updated asset objects reloaded before import = 0Number of asset objects unloaded after import = 10

========================================================================
Received Import Request.
  Time since last request: 0.000028 seconds.
  path: Assets/Models/Terrain/ground_pathEndClosed.fbx
  artifactKey: Guid(2b99aa4818133764484db7a16aaf56bb) Importer(815301076,1909f56bfc062723c751e8b465ee728b)
Start importing Assets/Models/Terrain/ground_pathEndClosed.fbx using Guid(2b99aa4818133764484db7a16aaf56bb) Importer(815301076,1909f56bfc062723c751e8b465ee728b) (PreviewImporter) -> (artifact id: '9ec36ad4c5a79c95a7476484f7bbacae') in 0.046409 seconds
Number of updated asset objects reloaded before import = 0Number of asset objects unloaded after import = 10

========================================================================
Received Import Request.
  Time since last request: 0.000026 seconds.
  path: Assets/Models/Terrain/ground_pathBendBank.fbx
  artifactKey: Guid(874c7348c98bcb54e90b4e04e2f31ce6) Importer(815301076,1909f56bfc062723c751e8b465ee728b)
Start importing Assets/Models/Terrain/ground_pathBendBank.fbx using Guid(874c7348c98bcb54e90b4e04e2f31ce6) Importer(815301076,1909f56bfc062723c751e8b465ee728b) (PreviewImporter) -> (artifact id: '59f81d002d7d96ad8cf204678f5a1963') in 0.0419132 seconds
Number of updated asset objects reloaded before import = 0Number of asset objects unloaded after import = 10

========================================================================
Received Import Request.
  Time since last request: 19.966540 seconds.
  path: Assets/Models/Terrain/ground_riverCross.fbx
  artifactKey: Guid(4eb89ae55d89c78408c3cb614e71c822) Importer(815301076,1909f56bfc062723c751e8b465ee728b)
Start importing Assets/Models/Terrain/ground_riverCross.fbx using Guid(4eb89ae55d89c78408c3cb614e71c822) Importer(815301076,1909f56bfc062723c751e8b465ee728b) (PreviewImporter) -> (artifact id: '5eecbd4f196e203ed17688067599d04d') in 0.0880524 seconds
Number of updated asset objects reloaded before import = 0Number of asset objects unloaded after import = 11

========================================================================
Received Import Request.
  Time since last request: 0.000030 seconds.
  path: Assets/Models/Terrain/hanging_moss.fbx
  artifactKey: Guid(d4d5e4189e51c654c83f7b4e7f8be226) Importer(815301076,1909f56bfc062723c751e8b465ee728b)
Start importing Assets/Models/Terrain/hanging_moss.fbx using Guid(d4d5e4189e51c654c83f7b4e7f8be226) Importer(815301076,1909f56bfc062723c751e8b465ee728b) (PreviewImporter) -> (artifact id: 'd28af391d107969d4098f06cdc55f156') in 0.0327779 seconds
Number of updated asset objects reloaded before import = 0Number of asset objects unloaded after import = 8

========================================================================
Received Import Request.
  Time since last request: 0.000134 seconds.
  path: Assets/Models/Terrain/ground_riverSplit.fbx
  artifactKey: Guid(31383383f71f8c343923a6c30572a879) Importer(815301076,1909f56bfc062723c751e8b465ee728b)
Start importing Assets/Models/Terrain/ground_riverSplit.fbx using Guid(31383383f71f8c343923a6c30572a879) Importer(815301076,1909f56bfc062723c751e8b465ee728b) (PreviewImporter) -> (artifact id: '91d67eabc80042abc3d5ce25c8fd075e') in 0.0456992 seconds
Number of updated asset objects reloaded before import = 0Number of asset objects unloaded after import = 11

========================================================================
Received Import Request.
  Time since last request: 0.000024 seconds.
  path: Assets/Models/Terrain/log.fbx
  artifactKey: Guid(34e8a56b1e6a8144e8b47d83faf25593) Importer(815301076,1909f56bfc062723c751e8b465ee728b)
Start importing Assets/Models/Terrain/log.fbx using Guid(34e8a56b1e6a8144e8b47d83faf25593) Importer(815301076,1909f56bfc062723c751e8b465ee728b) (PreviewImporter) -> (artifact id: 'c53f1b530feb3a7d7f8ee12fba15044b') in 0.0343517 seconds
Number of updated asset objects reloaded before import = 0Number of asset objects unloaded after import = 9

========================================================================
Received Import Request.
  Time since last request: 0.000049 seconds.
  path: Assets/Models/Terrain/hatchback-sports.fbx
  artifactKey: Guid(db0760c0d68c9dd4b92db7bc0504805d) Importer(815301076,1909f56bfc062723c751e8b465ee728b)
Start importing Assets/Models/Terrain/hatchback-sports.fbx using Guid(db0760c0d68c9dd4b92db7bc0504805d) Importer(815301076,1909f56bfc062723c751e8b465ee728b) (PreviewImporter) -> (artifact id: '0dc01aba11e55aca3fb4ccbb3dfbef86') in 0.0766578 seconds
Number of updated asset objects reloaded before import = 0Number of asset objects unloaded after import = 31

========================================================================
Received Import Request.
  Time since last request: 0.000028 seconds.
  path: Assets/Models/Terrain/log_stackLarge.fbx
  artifactKey: Guid(62fc955ccc6331d4199ce6c29fb7334f) Importer(815301076,1909f56bfc062723c751e8b465ee728b)
Start importing Assets/Models/Terrain/log_stackLarge.fbx using Guid(62fc955ccc6331d4199ce6c29fb7334f) Importer(815301076,1909f56bfc062723c751e8b465ee728b) (PreviewImporter) -> (artifact id: '21967ad90cca1b9bcc80ba1296779a92') in 0.0440169 seconds
Number of updated asset objects reloaded before import = 0Number of asset objects unloaded after import = 10

========================================================================
Received Import Request.
  Time since last request: 0.000024 seconds.
  path: Assets/Models/Terrain/lily_small.fbx
  artifactKey: Guid(19ceedc1a059d8e4aa5992acd3329da5) Importer(815301076,1909f56bfc062723c751e8b465ee728b)
Start importing Assets/Models/Terrain/lily_small.fbx using Guid(19ceedc1a059d8e4aa5992acd3329da5) Importer(815301076,1909f56bfc062723c751e8b465ee728b) (PreviewImporter) -> (artifact id: 'fb3361e67c203763e844c5a1244c029c') in 0.0330561 seconds
Number of updated asset objects reloaded before import = 0Number of asset objects unloaded after import = 9

========================================================================
Received Import Request.
  Time since last request: 0.000027 seconds.
  path: Assets/Models/Terrain/ground_riverTile.fbx
  artifactKey: Guid(75ada1b94eaad19478dc5bb16231d852) Importer(815301076,1909f56bfc062723c751e8b465ee728b)
Start importing Assets/Models/Terrain/ground_riverTile.fbx using Guid(75ada1b94eaad19478dc5bb16231d852) Importer(815301076,1909f56bfc062723c751e8b465ee728b) (PreviewImporter) -> (artifact id: '715acfd8507adc0d29c125aa97f2e6aa') in 0.0430298 seconds
Number of updated asset objects reloaded before import = 0Number of asset objects unloaded after import = 11

========================================================================
Received Import Request.
  Time since last request: 0.061013 seconds.
  path: Assets/Models/Terrain/mushroom_redTall.fbx
  artifactKey: Guid(74079c320aff7664285593da670b54ec) Importer(815301076,1909f56bfc062723c751e8b465ee728b)
Start importing Assets/Models/Terrain/mushroom_redTall.fbx using Guid(74079c320aff7664285593da670b54ec) Importer(815301076,1909f56bfc062723c751e8b465ee728b) (PreviewImporter) -> (artifact id: 'dac9515dc9217d9983a39bcc5dfd9e3e') in 0.0342209 seconds
Number of updated asset objects reloaded before import = 0Number of asset objects unloaded after import = 9

========================================================================
Received Import Request.
  Time since last request: 0.000081 seconds.
  path: Assets/Models/Terrain/path_stoneEnd.fbx
  artifactKey: Guid(f454404d57e562842b1bb3f5166cfc25) Importer(815301076,1909f56bfc062723c751e8b465ee728b)
Start importing Assets/Models/Terrain/path_stoneEnd.fbx using Guid(f454404d57e562842b1bb3f5166cfc25) Importer(815301076,1909f56bfc062723c751e8b465ee728b) (PreviewImporter) -> (artifact id: '58fb2a7b36523cedeae9eeb417ecf8ba') in 0.0410875 seconds
Number of updated asset objects reloaded before import = 0Number of asset objects unloaded after import = 10

========================================================================
Received Import Request.
  Time since last request: 0.000042 seconds.
  path: Assets/Models/Terrain/mushroom_tanTall.fbx
  artifactKey: Guid(c4c67f882c2d045458b09ba2b7e036c7) Importer(815301076,1909f56bfc062723c751e8b465ee728b)
Start importing Assets/Models/Terrain/mushroom_tanTall.fbx using Guid(c4c67f882c2d045458b09ba2b7e036c7) Importer(815301076,1909f56bfc062723c751e8b465ee728b) (PreviewImporter) -> (artifact id: 'de431735fad058d9455a4626baad508f') in 0.036845 seconds
Number of updated asset objects reloaded before import = 0Number of asset objects unloaded after import = 9

========================================================================
Received Import Request.
  Time since last request: 0.120709 seconds.
  path: Assets/Models/Terrain/path_woodEnd.fbx
  artifactKey: Guid(5ae413430149100468102385d6730c2a) Importer(815301076,1909f56bfc062723c751e8b465ee728b)
Start importing Assets/Models/Terrain/path_woodEnd.fbx using Guid(5ae413430149100468102385d6730c2a) Importer(815301076,1909f56bfc062723c751e8b465ee728b) (PreviewImporter) -> (artifact id: '738a0ac03dad99c820fdefdd77c34bab') in 0.0335539 seconds
Number of updated asset objects reloaded before import = 0Number of asset objects unloaded after import = 10

========================================================================
Received Import Request.
  Time since last request: 0.000025 seconds.
  path: Assets/Models/Terrain/plant_bushLarge.fbx
  artifactKey: Guid(a64d5ed3cf930114789f31d9e15466cd) Importer(815301076,1909f56bfc062723c751e8b465ee728b)
Start importing Assets/Models/Terrain/plant_bushLarge.fbx using Guid(a64d5ed3cf930114789f31d9e15466cd) Importer(815301076,1909f56bfc062723c751e8b465ee728b) (PreviewImporter) -> (artifact id: '5a719bc4a5ddefc212a746db82fb3879') in 0.027645 seconds
Number of updated asset objects reloaded before import = 0Number of asset objects unloaded after import = 8

========================================================================
Received Import Request.
  Time since last request: 0.000032 seconds.
  path: Assets/Models/Terrain/plant_flatShort.fbx
  artifactKey: Guid(3ef74108a0b79994481605ff091fff3d) Importer(815301076,1909f56bfc062723c751e8b465ee728b)
Start importing Assets/Models/Terrain/plant_flatShort.fbx using Guid(3ef74108a0b79994481605ff091fff3d) Importer(815301076,1909f56bfc062723c751e8b465ee728b) (PreviewImporter) -> (artifact id: '8689928a24c41584add50f22d01cb969') in 0.0303738 seconds
Number of updated asset objects reloaded before import = 0Number of asset objects unloaded after import = 8

========================================================================
Received Import Request.
  Time since last request: 0.000023 seconds.
  path: Assets/Models/Terrain/plant_flatTall.fbx
  artifactKey: Guid(df0a09a1ddbf4ad4091bd61b2c47d417) Importer(815301076,1909f56bfc062723c751e8b465ee728b)
Start importing Assets/Models/Terrain/plant_flatTall.fbx using Guid(df0a09a1ddbf4ad4091bd61b2c47d417) Importer(815301076,1909f56bfc062723c751e8b465ee728b) (PreviewImporter) -> (artifact id: 'd5ab26bb7822f6202f5c2d7d48db10f8') in 0.0276802 seconds
Number of updated asset objects reloaded before import = 0Number of asset objects unloaded after import = 8

========================================================================
Received Import Request.
  Time since last request: 0.489526 seconds.
  path: Assets/Models/Terrain/platform_grass.fbx
  artifactKey: Guid(5ab8c1b4be8550941acca6bda131beae) Importer(815301076,1909f56bfc062723c751e8b465ee728b)
Start importing Assets/Models/Terrain/platform_grass.fbx using Guid(5ab8c1b4be8550941acca6bda131beae) Importer(815301076,1909f56bfc062723c751e8b465ee728b) (PreviewImporter) -> (artifact id: '056dc72bbfd5c196f4bbebdd81680fa9') in 0.03533 seconds
Number of updated asset objects reloaded before import = 0Number of asset objects unloaded after import = 9

========================================================================
Received Import Request.
  Time since last request: 0.000028 seconds.
  path: Assets/Models/Terrain/rock_largeC.fbx
  artifactKey: Guid(1f86a378e7d39f746a98af35414aeddc) Importer(815301076,1909f56bfc062723c751e8b465ee728b)
Start importing Assets/Models/Terrain/rock_largeC.fbx using Guid(1f86a378e7d39f746a98af35414aeddc) Importer(815301076,1909f56bfc062723c751e8b465ee728b) (PreviewImporter) -> (artifact id: 'b5d96bdd4983cf5cccde14c3f55e6cbd') in 0.0358913 seconds
Number of updated asset objects reloaded before import = 0Number of asset objects unloaded after import = 9

========================================================================
Received Import Request.
  Time since last request: 0.000019 seconds.
  path: Assets/Models/Terrain/pot_small.fbx
  artifactKey: Guid(e44b27b7a13437540b08be4134f051bf) Importer(815301076,1909f56bfc062723c751e8b465ee728b)
Start importing Assets/Models/Terrain/pot_small.fbx using Guid(e44b27b7a13437540b08be4134f051bf) Importer(815301076,1909f56bfc062723c751e8b465ee728b) (PreviewImporter) -> (artifact id: 'a3b3af84076402396b36b7436d909d75') in 0.0437046 seconds
Number of updated asset objects reloaded before import = 0Number of asset objects unloaded after import = 10

========================================================================
Received Import Request.
  Time since last request: 0.000021 seconds.
  path: Assets/Models/Terrain/pot_large.fbx
  artifactKey: Guid(750c10ff4bfa8d54991acf1fea283654) Importer(815301076,1909f56bfc062723c751e8b465ee728b)
Start importing Assets/Models/Terrain/pot_large.fbx using Guid(750c10ff4bfa8d54991acf1fea283654) Importer(815301076,1909f56bfc062723c751e8b465ee728b) (PreviewImporter) -> (artifact id: '68680df09d4c54b396e058ab572c1f6c') in 0.0339961 seconds
Number of updated asset objects reloaded before import = 0Number of asset objects unloaded after import = 9

========================================================================
Received Import Request.
  Time since last request: 0.169873 seconds.
  path: Assets/Models/Terrain/rock_largeD.fbx
  artifactKey: Guid(53b5ff5dcebb0034084f49f7434cbb26) Importer(815301076,1909f56bfc062723c751e8b465ee728b)
Start importing Assets/Models/Terrain/rock_largeD.fbx using Guid(53b5ff5dcebb0034084f49f7434cbb26) Importer(815301076,1909f56bfc062723c751e8b465ee728b) (PreviewImporter) -> (artifact id: '2843e632a4b411f6c4343b4caca7577c') in 0.0417799 seconds
Number of updated asset objects reloaded before import = 0Number of asset objects unloaded after import = 10

========================================================================
Received Import Request.
  Time since last request: 0.000027 seconds.
  path: Assets/Models/Terrain/rock_smallB.fbx
  artifactKey: Guid(cdd221f4dd95c6c4aa1a243e578e0f77) Importer(815301076,1909f56bfc062723c751e8b465ee728b)
Start importing Assets/Models/Terrain/rock_smallB.fbx using Guid(cdd221f4dd95c6c4aa1a243e578e0f77) Importer(815301076,1909f56bfc062723c751e8b465ee728b) (PreviewImporter) -> (artifact id: '6104d97c81501d928cba1f91c51ab8a9') in 0.039279 seconds
Number of updated asset objects reloaded before import = 0Number of asset objects unloaded after import = 9

========================================================================
Received Import Request.
  Time since last request: 0.000035 seconds.
  path: Assets/Models/Terrain/rock_smallFlatA.fbx
  artifactKey: Guid(d66cd49211897cc4b84e874b09ff9e5c) Importer(815301076,1909f56bfc062723c751e8b465ee728b)
Start importing Assets/Models/Terrain/rock_smallFlatA.fbx using Guid(d66cd49211897cc4b84e874b09ff9e5c) Importer(815301076,1909f56bfc062723c751e8b465ee728b) (PreviewImporter) -> (artifact id: '08cdc6936e23c515af6753118d93ec08') in 0.0329457 seconds
Number of updated asset objects reloaded before import = 0Number of asset objects unloaded after import = 9

========================================================================
Received Import Request.
  Time since last request: 0.000025 seconds.
  path: Assets/Models/Terrain/rock_smallF.fbx
  artifactKey: Guid(c2c1db6688d0a6c4fb8049899afccad2) Importer(815301076,1909f56bfc062723c751e8b465ee728b)
Start importing Assets/Models/Terrain/rock_smallF.fbx using Guid(c2c1db6688d0a6c4fb8049899afccad2) Importer(815301076,1909f56bfc062723c751e8b465ee728b) (PreviewImporter) -> (artifact id: '5c13a37a0e742b0b972d613d8ed622b6') in 0.032338 seconds
Number of updated asset objects reloaded before import = 0Number of asset objects unloaded after import = 9

========================================================================
Received Import Request.
  Time since last request: 1.271599 seconds.
  path: Assets/Models/Terrain/rock_smallFlatB.fbx
  artifactKey: Guid(5e3a88dd1a71b6e4c9355417fac5ae58) Importer(815301076,1909f56bfc062723c751e8b465ee728b)
Start importing Assets/Models/Terrain/rock_smallFlatB.fbx using Guid(5e3a88dd1a71b6e4c9355417fac5ae58) Importer(815301076,1909f56bfc062723c751e8b465ee728b) (PreviewImporter) -> (artifact id: '1f0506abc8dddc8b439dd40c1491fb06') in 0.0399312 seconds
Number of updated asset objects reloaded before import = 0Number of asset objects unloaded after import = 9

========================================================================
Received Import Request.
  Time since last request: 0.000023 seconds.
  path: Assets/Models/Terrain/rock_tallB.fbx
  artifactKey: Guid(1d4cbfcabdcef7446bc5aaf6a4752023) Importer(815301076,1909f56bfc062723c751e8b465ee728b)
Start importing Assets/Models/Terrain/rock_tallB.fbx using Guid(1d4cbfcabdcef7446bc5aaf6a4752023) Importer(815301076,1909f56bfc062723c751e8b465ee728b) (PreviewImporter) -> (artifact id: '6c38097a8e57f39b225c89861a0f8c3f') in 0.0468296 seconds
Number of updated asset objects reloaded before import = 0Number of asset objects unloaded after import = 10

========================================================================
Received Import Request.
  Time since last request: 0.000029 seconds.
  path: Assets/Models/Terrain/rock_smallTopA.fbx
  artifactKey: Guid(5bcfb6013ca8219469e970d02b02a1df) Importer(815301076,1909f56bfc062723c751e8b465ee728b)
Start importing Assets/Models/Terrain/rock_smallTopA.fbx using Guid(5bcfb6013ca8219469e970d02b02a1df) Importer(815301076,1909f56bfc062723c751e8b465ee728b) (PreviewImporter) -> (artifact id: 'f4528956d09ed0ee005f6dfe47e81db2') in 0.0445031 seconds
Number of updated asset objects reloaded before import = 0Number of asset objects unloaded after import = 9

========================================================================
Received Import Request.
  Time since last request: 0.000064 seconds.
  path: Assets/Models/Terrain/rock_smallI.fbx
  artifactKey: Guid(2e15cb1c8c3c2d94b891b70b63c0e47b) Importer(815301076,1909f56bfc062723c751e8b465ee728b)
Start importing Assets/Models/Terrain/rock_smallI.fbx using Guid(2e15cb1c8c3c2d94b891b70b63c0e47b) Importer(815301076,1909f56bfc062723c751e8b465ee728b) (PreviewImporter) -> (artifact id: '87de2752f69e8783ee8ae9899bc64200') in 0.0319899 seconds
Number of updated asset objects reloaded before import = 0Number of asset objects unloaded after import = 9

========================================================================
Received Import Request.
  Time since last request: 0.300213 seconds.
  path: Assets/Models/Terrain/rock_tallD.fbx
  artifactKey: Guid(131d0f014df009046927aeecba4b0dae) Importer(815301076,1909f56bfc062723c751e8b465ee728b)
Start importing Assets/Models/Terrain/rock_tallD.fbx using Guid(131d0f014df009046927aeecba4b0dae) Importer(815301076,1909f56bfc062723c751e8b465ee728b) (PreviewImporter) -> (artifact id: '4d21d45e6723f4a3a0faf3c7416bc19b') in 0.0495378 seconds
Number of updated asset objects reloaded before import = 0Number of asset objects unloaded after import = 10

========================================================================
Received Import Request.
  Time since last request: 0.000051 seconds.
  path: Assets/Models/Terrain/rock_tallI.fbx
  artifactKey: Guid(5eefcdd601544c84aa2fd245bcc57e5f) Importer(815301076,1909f56bfc062723c751e8b465ee728b)
Start importing Assets/Models/Terrain/rock_tallI.fbx using Guid(5eefcdd601544c84aa2fd245bcc57e5f) Importer(815301076,1909f56bfc062723c751e8b465ee728b) (PreviewImporter) -> (artifact id: '1d7d3fbfac371d44fd324269639b89bb') in 0.0508028 seconds
Number of updated asset objects reloaded before import = 0Number of asset objects unloaded after import = 10

========================================================================
Received Import Request.
  Time since last request: 0.000050 seconds.
  path: Assets/Models/Terrain/sign.fbx
  artifactKey: Guid(71c5f06379e68514f874c4550f72a8c0) Importer(815301076,1909f56bfc062723c751e8b465ee728b)
Start importing Assets/Models/Terrain/sign.fbx using Guid(71c5f06379e68514f874c4550f72a8c0) Importer(815301076,1909f56bfc062723c751e8b465ee728b) (PreviewImporter) -> (artifact id: 'b237a7af46d7c6e12d5737dea19ebbc0') in 0.0522456 seconds
Number of updated asset objects reloaded before import = 0Number of asset objects unloaded after import = 10

========================================================================
Received Import Request.
  Time since last request: 0.000047 seconds.
  path: Assets/Models/Terrain/rock_tallH.fbx
  artifactKey: Guid(6c4763afaf2fd34448507251ec320fd6) Importer(815301076,1909f56bfc062723c751e8b465ee728b)
Start importing Assets/Models/Terrain/rock_tallH.fbx using Guid(6c4763afaf2fd34448507251ec320fd6) Importer(815301076,1909f56bfc062723c751e8b465ee728b) (PreviewImporter) -> (artifact id: '69edd5e86d4658ee23f0e8ec1771d23c') in 0.0456815 seconds
Number of updated asset objects reloaded before import = 0Number of asset objects unloaded after import = 10

========================================================================
Received Import Request.
  Time since last request: 0.306829 seconds.
  path: Assets/Models/Terrain/statue_block.fbx
  artifactKey: Guid(ee835b22559d76f4d9a26192fd6c51ae) Importer(815301076,1909f56bfc062723c751e8b465ee728b)
Start importing Assets/Models/Terrain/statue_block.fbx using Guid(ee835b22559d76f4d9a26192fd6c51ae) Importer(815301076,1909f56bfc062723c751e8b465ee728b) (PreviewImporter) -> (artifact id: 'e7fb7585bcca0d441aeb1b88c09ee935') in 0.0339405 seconds
Number of updated asset objects reloaded before import = 0Number of asset objects unloaded after import = 9

========================================================================
Received Import Request.
  Time since last request: 0.000024 seconds.
  path: Assets/Models/Terrain/statue_ring.fbx
  artifactKey: Guid(3b201254a62d612479c374ef23343fa1) Importer(815301076,1909f56bfc062723c751e8b465ee728b)
Start importing Assets/Models/Terrain/statue_ring.fbx using Guid(3b201254a62d612479c374ef23343fa1) Importer(815301076,1909f56bfc062723c751e8b465ee728b) (PreviewImporter) -> (artifact id: 'a2f757f57dc0dc0ee536d1422b21c522') in 0.0397263 seconds
Number of updated asset objects reloaded before import = 0Number of asset objects unloaded after import = 9

========================================================================
Received Import Request.
  Time since last request: 0.000036 seconds.
  path: Assets/Models/Terrain/stone_largeA.fbx
  artifactKey: Guid(5653e51b00aa2b0439f4c346ffac31dc) Importer(815301076,1909f56bfc062723c751e8b465ee728b)
Start importing Assets/Models/Terrain/stone_largeA.fbx using Guid(5653e51b00aa2b0439f4c346ffac31dc) Importer(815301076,1909f56bfc062723c751e8b465ee728b) (PreviewImporter) -> (artifact id: 'bd669c534398c3aa7d02fd5b0cd4d420') in 0.028578 seconds
Number of updated asset objects reloaded before import = 0Number of asset objects unloaded after import = 8

========================================================================
Received Import Request.
  Time since last request: 0.148096 seconds.
  path: Assets/Models/Terrain/stone_largeE.fbx
  artifactKey: Guid(3275b9c11550d434aaeea946d0ebd6fc) Importer(815301076,1909f56bfc062723c751e8b465ee728b)
Start importing Assets/Models/Terrain/stone_largeE.fbx using Guid(3275b9c11550d434aaeea946d0ebd6fc) Importer(815301076,1909f56bfc062723c751e8b465ee728b) (PreviewImporter) -> (artifact id: '949e67e73aaf99c7d7441a7a6e745de1') in 0.0279577 seconds
Number of updated asset objects reloaded before import = 0Number of asset objects unloaded after import = 8

========================================================================
Received Import Request.
  Time since last request: 0.000029 seconds.
  path: Assets/Models/Terrain/stone_smallC.fbx
  artifactKey: Guid(d030cdb4182720646a2748576c08a243) Importer(815301076,1909f56bfc062723c751e8b465ee728b)
Start importing Assets/Models/Terrain/stone_smallC.fbx using Guid(d030cdb4182720646a2748576c08a243) Importer(815301076,1909f56bfc062723c751e8b465ee728b) (PreviewImporter) -> (artifact id: 'f2a8296a867ed65bda0cb844dd667660') in 0.02738 seconds
Number of updated asset objects reloaded before import = 0Number of asset objects unloaded after import = 8

========================================================================
Received Import Request.
  Time since last request: 0.000031 seconds.
  path: Assets/Models/Terrain/stone_smallF.fbx
  artifactKey: Guid(f57508625e8c52341995b997b5421cba) Importer(815301076,1909f56bfc062723c751e8b465ee728b)
Start importing Assets/Models/Terrain/stone_smallF.fbx using Guid(f57508625e8c52341995b997b5421cba) Importer(815301076,1909f56bfc062723c751e8b465ee728b) (PreviewImporter) -> (artifact id: 'aeecca998d9f61868ffc94f765f932b3') in 0.0330051 seconds
Number of updated asset objects reloaded before import = 0Number of asset objects unloaded after import = 8

========================================================================
Received Import Request.
  Time since last request: 0.000027 seconds.
  path: Assets/Models/Terrain/stone_smallFlatB.fbx
  artifactKey: Guid(d2647e5e7b0fd6e4e8b52366097d7158) Importer(815301076,1909f56bfc062723c751e8b465ee728b)
Start importing Assets/Models/Terrain/stone_smallFlatB.fbx using Guid(d2647e5e7b0fd6e4e8b52366097d7158) Importer(815301076,1909f56bfc062723c751e8b465ee728b) (PreviewImporter) -> (artifact id: 'f19a5e5786f521deca662970742bd0ac') in 0.0304565 seconds
Number of updated asset objects reloaded before import = 0Number of asset objects unloaded after import = 8

========================================================================
Received Import Request.
  Time since last request: 0.319516 seconds.
  path: Assets/Models/Terrain/stone_smallFlatC.fbx
  artifactKey: Guid(d0b30c055195dd543b16ecd91f283bd8) Importer(815301076,1909f56bfc062723c751e8b465ee728b)
Start importing Assets/Models/Terrain/stone_smallFlatC.fbx using Guid(d0b30c055195dd543b16ecd91f283bd8) Importer(815301076,1909f56bfc062723c751e8b465ee728b) (PreviewImporter) -> (artifact id: 'e54e5d9897048fccd9278afafb75cd47') in 0.0265227 seconds
Number of updated asset objects reloaded before import = 0Number of asset objects unloaded after import = 8

========================================================================
Received Import Request.
  Time since last request: 0.000022 seconds.
  path: Assets/Models/Terrain/stone_smallI.fbx
  artifactKey: Guid(ddb1e396cc2a1d94ea1f58de36bee9fe) Importer(815301076,1909f56bfc062723c751e8b465ee728b)
Start importing Assets/Models/Terrain/stone_smallI.fbx using Guid(ddb1e396cc2a1d94ea1f58de36bee9fe) Importer(815301076,1909f56bfc062723c751e8b465ee728b) (PreviewImporter) -> (artifact id: '7f4f29df966f7fe3ece6bd10e7ceb871') in 0.0294032 seconds
Number of updated asset objects reloaded before import = 0Number of asset objects unloaded after import = 8

========================================================================
Received Import Request.
  Time since last request: 0.000025 seconds.
  path: Assets/Models/Terrain/stone_tallD.fbx
  artifactKey: Guid(b426d0657a79b264f8f67089e43b1cbd) Importer(815301076,1909f56bfc062723c751e8b465ee728b)
Start importing Assets/Models/Terrain/stone_tallD.fbx using Guid(b426d0657a79b264f8f67089e43b1cbd) Importer(815301076,1909f56bfc062723c751e8b465ee728b) (PreviewImporter) -> (artifact id: 'b58a57b34da7fb1f1c3d764cb1e4dcb1') in 0.0412094 seconds
Number of updated asset objects reloaded before import = 0Number of asset objects unloaded after import = 9

========================================================================
Received Import Request.
  Time since last request: 0.000027 seconds.
  path: Assets/Models/Terrain/stump_roundDetailed.fbx
  artifactKey: Guid(b96d7d4f830c7fb45a08708223175028) Importer(815301076,1909f56bfc062723c751e8b465ee728b)
Start importing Assets/Models/Terrain/stump_roundDetailed.fbx using Guid(b96d7d4f830c7fb45a08708223175028) Importer(815301076,1909f56bfc062723c751e8b465ee728b) (PreviewImporter) -> (artifact id: '247bc8558ba20f6b30912ec6a5c56a73') in 0.0390752 seconds
Number of updated asset objects reloaded before import = 0Number of asset objects unloaded after import = 9

========================================================================
Received Import Request.
  Time since last request: 0.000037 seconds.
  path: Assets/Models/Terrain/stone_tallE.fbx
  artifactKey: Guid(f96dc115a4c156940a2ba23cf33b78b9) Importer(815301076,1909f56bfc062723c751e8b465ee728b)
Start importing Assets/Models/Terrain/stone_tallE.fbx using Guid(f96dc115a4c156940a2ba23cf33b78b9) Importer(815301076,1909f56bfc062723c751e8b465ee728b) (PreviewImporter) -> (artifact id: '8aeffda906ae31d130dfc875de4f9a30') in 0.0371087 seconds
Number of updated asset objects reloaded before import = 0Number of asset objects unloaded after import = 9

========================================================================
Received Import Request.
  Time since last request: 0.000035 seconds.
  path: Assets/Models/Terrain/stump_old.fbx
  artifactKey: Guid(a2910aca92db73a4ebb2c5fde6e0e2cd) Importer(815301076,1909f56bfc062723c751e8b465ee728b)
Start importing Assets/Models/Terrain/stump_old.fbx using Guid(a2910aca92db73a4ebb2c5fde6e0e2cd) Importer(815301076,1909f56bfc062723c751e8b465ee728b) (PreviewImporter) -> (artifact id: 'e92a30927c1b8013436b0c1fdbc65372') in 0.033884 seconds
Number of updated asset objects reloaded before import = 0Number of asset objects unloaded after import = 8

========================================================================
Received Import Request.
  Time since last request: 0.000029 seconds.
  path: Assets/Models/Terrain/stone_tallA.fbx
  artifactKey: Guid(a0ac55c836e0096498ca2ba0952ff8a3) Importer(815301076,1909f56bfc062723c751e8b465ee728b)
Start importing Assets/Models/Terrain/stone_tallA.fbx using Guid(a0ac55c836e0096498ca2ba0952ff8a3) Importer(815301076,1909f56bfc062723c751e8b465ee728b) (PreviewImporter) -> (artifact id: 'c0a14d3ac5964e0e91ca4676a83b1470') in 0.0390774 seconds
Number of updated asset objects reloaded before import = 0Number of asset objects unloaded after import = 9

========================================================================
Received Import Request.
  Time since last request: 0.232764 seconds.
  path: Assets/Models/Terrain/stump_square.fbx
  artifactKey: Guid(83fc6a561f1d0e049bc9c212164f6d01) Importer(815301076,1909f56bfc062723c751e8b465ee728b)
Start importing Assets/Models/Terrain/stump_square.fbx using Guid(83fc6a561f1d0e049bc9c212164f6d01) Importer(815301076,1909f56bfc062723c751e8b465ee728b) (PreviewImporter) -> (artifact id: 'a3c3d7eacc00b6fe2388994f13c886b5') in 0.038264 seconds
Number of updated asset objects reloaded before import = 0Number of asset objects unloaded after import = 9

========================================================================
Received Import Request.
  Time since last request: 0.000025 seconds.
  path: Assets/Models/Terrain/tent_detailedOpen.fbx
  artifactKey: Guid(5e647f13e36248649b9a8e0e4690f333) Importer(815301076,1909f56bfc062723c751e8b465ee728b)
Start importing Assets/Models/Terrain/tent_detailedOpen.fbx using Guid(5e647f13e36248649b9a8e0e4690f333) Importer(815301076,1909f56bfc062723c751e8b465ee728b) (PreviewImporter) -> (artifact id: '827cae77606cc1ddad03f54646e5dd36') in 0.0461411 seconds
Number of updated asset objects reloaded before import = 0Number of asset objects unloaded after import = 9

========================================================================
Received Import Request.
  Time since last request: 0.000035 seconds.
  path: Assets/Models/Terrain/tent_smallClosed.fbx
  artifactKey: Guid(626325f6816559240b94aad5e7fdb4b7) Importer(815301076,1909f56bfc062723c751e8b465ee728b)
Start importing Assets/Models/Terrain/tent_smallClosed.fbx using Guid(626325f6816559240b94aad5e7fdb4b7) Importer(815301076,1909f56bfc062723c751e8b465ee728b) (PreviewImporter) -> (artifact id: 'a202989ab9c304b3fcb25b29908a60b0') in 0.0551194 seconds
Number of updated asset objects reloaded before import = 0Number of asset objects unloaded after import = 11

========================================================================
Received Import Request.
  Time since last request: 0.000046 seconds.
  path: Assets/Models/Terrain/tree_cone.fbx
  artifactKey: Guid(376bd4f691db016449e6758d226c7251) Importer(815301076,1909f56bfc062723c751e8b465ee728b)
Start importing Assets/Models/Terrain/tree_cone.fbx using Guid(376bd4f691db016449e6758d226c7251) Importer(815301076,1909f56bfc062723c751e8b465ee728b) (PreviewImporter) -> (artifact id: 'caf283a1b8a0bac5a067972d642fbfb2') in 0.0394006 seconds
Number of updated asset objects reloaded before import = 0Number of asset objects unloaded after import = 9

========================================================================
Received Import Request.
  Time since last request: 0.000024 seconds.
  path: Assets/Models/Terrain/tent_detailedClosed.fbx
  artifactKey: Guid(1ef42b57c5e546e48918fa148fbc4b80) Importer(815301076,1909f56bfc062723c751e8b465ee728b)
Start importing Assets/Models/Terrain/tent_detailedClosed.fbx using Guid(1ef42b57c5e546e48918fa148fbc4b80) Importer(815301076,1909f56bfc062723c751e8b465ee728b) (PreviewImporter) -> (artifact id: '1c73e127108042a93a20f0fe21b25f40') in 0.044301 seconds
Number of updated asset objects reloaded before import = 0Number of asset objects unloaded after import = 10

========================================================================
Received Import Request.
  Time since last request: 0.000029 seconds.
  path: Assets/Models/Terrain/tree_blocks_dark.fbx
  artifactKey: Guid(82af1108b932d374a92b62d385f3c510) Importer(815301076,1909f56bfc062723c751e8b465ee728b)
Start importing Assets/Models/Terrain/tree_blocks_dark.fbx using Guid(82af1108b932d374a92b62d385f3c510) Importer(815301076,1909f56bfc062723c751e8b465ee728b) (PreviewImporter) -> (artifact id: 'e0e39b4bc28fec80e05151c328cd9524') in 0.0388897 seconds
Number of updated asset objects reloaded before import = 0Number of asset objects unloaded after import = 9

========================================================================
Received Import Request.
  Time since last request: 0.000024 seconds.
  path: Assets/Models/Terrain/tractor-police.fbx
  artifactKey: Guid(f7eb02bf452d3d64ca1f2de7035e3c87) Importer(815301076,1909f56bfc062723c751e8b465ee728b)
Start importing Assets/Models/Terrain/tractor-police.fbx using Guid(f7eb02bf452d3d64ca1f2de7035e3c87) Importer(815301076,1909f56bfc062723c751e8b465ee728b) (PreviewImporter) -> (artifact id: '044a2b45642fff151f605d12ce463b3a') in 0.0903245 seconds
Number of updated asset objects reloaded before import = 0Number of asset objects unloaded after import = 36

========================================================================
Received Import Request.
  Time since last request: 1.118146 seconds.
  path: Assets/Models/Terrain/tree_default.fbx
  artifactKey: Guid(139402f6c61613b43a645950b4f2b9a5) Importer(815301076,1909f56bfc062723c751e8b465ee728b)
Start importing Assets/Models/Terrain/tree_default.fbx using Guid(139402f6c61613b43a645950b4f2b9a5) Importer(815301076,1909f56bfc062723c751e8b465ee728b) (PreviewImporter) -> (artifact id: '51e0eeec87bfee917019e3957a972edf') in 0.0409383 seconds
Number of updated asset objects reloaded before import = 0Number of asset objects unloaded after import = 9

========================================================================
Received Import Request.
  Time since last request: 0.000025 seconds.
  path: Assets/Models/Terrain/tree_oak.fbx
  artifactKey: Guid(f612677502fb2f94ea65025fb11031ff) Importer(815301076,1909f56bfc062723c751e8b465ee728b)
Start importing Assets/Models/Terrain/tree_oak.fbx using Guid(f612677502fb2f94ea65025fb11031ff) Importer(815301076,1909f56bfc062723c751e8b465ee728b) (PreviewImporter) -> (artifact id: '6df457015d062961a0260c0d16337480') in 0.0372214 seconds
Number of updated asset objects reloaded before import = 0Number of asset objects unloaded after import = 9

========================================================================
Received Import Request.
  Time since last request: 0.000032 seconds.
  path: Assets/Models/Terrain/tree_detailed_dark.fbx
  artifactKey: Guid(a8be3df83c0370244b24a6ad81856ee1) Importer(815301076,1909f56bfc062723c751e8b465ee728b)
Start importing Assets/Models/Terrain/tree_detailed_dark.fbx using Guid(a8be3df83c0370244b24a6ad81856ee1) Importer(815301076,1909f56bfc062723c751e8b465ee728b) (PreviewImporter) -> (artifact id: 'e7898ff2ad07bbd12f4f3a800a66fa6c') in 0.0420221 seconds
Number of updated asset objects reloaded before import = 0Number of asset objects unloaded after import = 10

========================================================================
Received Import Request.
  Time since last request: 82.946475 seconds.
  path: Assets/Models/Terrain/tree_oak_dark.fbx
  artifactKey: Guid(82983318024b46f4382c9ebdf02f9dd2) Importer(815301076,1909f56bfc062723c751e8b465ee728b)
Start importing Assets/Models/Terrain/tree_oak_dark.fbx using Guid(82983318024b46f4382c9ebdf02f9dd2) Importer(815301076,1909f56bfc062723c751e8b465ee728b) (PreviewImporter) -> (artifact id: 'b85d297e005faf86e6eba1745ca03af3') in 0.045086 seconds
Number of updated asset objects reloaded before import = 0Number of asset objects unloaded after import = 9

========================================================================
Received Import Request.
  Time since last request: 0.000022 seconds.
  path: Assets/Models/Terrain/tree_palm.fbx
  artifactKey: Guid(e53b692c7b61927408ed84db69053b47) Importer(815301076,1909f56bfc062723c751e8b465ee728b)
Start importing Assets/Models/Terrain/tree_palm.fbx using Guid(e53b692c7b61927408ed84db69053b47) Importer(815301076,1909f56bfc062723c751e8b465ee728b) (PreviewImporter) -> (artifact id: 'a3f636911098153d4adbc0955df42902') in 0.0381421 seconds
Number of updated asset objects reloaded before import = 0Number of asset objects unloaded after import = 9

========================================================================
Received Import Request.
  Time since last request: 0.000074 seconds.
  path: Assets/Models/Terrain/tree_palmShort.fbx
  artifactKey: Guid(b2a5b41b503a42d43a50381643948442) Importer(815301076,1909f56bfc062723c751e8b465ee728b)
Start importing Assets/Models/Terrain/tree_palmShort.fbx using Guid(b2a5b41b503a42d43a50381643948442) Importer(815301076,1909f56bfc062723c751e8b465ee728b) (PreviewImporter) -> (artifact id: 'e59e7045647d49d017b6050f914ae5a9') in 0.0354946 seconds
Number of updated asset objects reloaded before import = 0Number of asset objects unloaded after import = 9

========================================================================
Received Import Request.
  Time since last request: 0.000027 seconds.
  path: Assets/Models/Terrain/tree_pineDefaultA.fbx
  artifactKey: Guid(f1fdd2afeafd15c418042fb3e9286deb) Importer(815301076,1909f56bfc062723c751e8b465ee728b)
Start importing Assets/Models/Terrain/tree_pineDefaultA.fbx using Guid(f1fdd2afeafd15c418042fb3e9286deb) Importer(815301076,1909f56bfc062723c751e8b465ee728b) (PreviewImporter) -> (artifact id: 'f25a1a93ef7057be3786bf3737ef59f9') in 0.0391516 seconds
Number of updated asset objects reloaded before import = 0Number of asset objects unloaded after import = 9

========================================================================
Received Import Request.
  Time since last request: 0.000033 seconds.
  path: Assets/Models/Terrain/tree_palmTall.fbx
  artifactKey: Guid(faa8f86778230d3409d0358829986a11) Importer(815301076,1909f56bfc062723c751e8b465ee728b)
Start importing Assets/Models/Terrain/tree_palmTall.fbx using Guid(faa8f86778230d3409d0358829986a11) Importer(815301076,1909f56bfc062723c751e8b465ee728b) (PreviewImporter) -> (artifact id: '98ffdcad38e6f58e47b5fb4f5d0a9500') in 0.0415712 seconds
Number of updated asset objects reloaded before import = 0Number of asset objects unloaded after import = 9

Editor requested this worker to shutdown with reason: Scaling down because of idle timeout
AssetImportWorker is now disconnected from the server
Process exiting
Exiting without the bug reporter. Application will terminate with return code 0